#
# A fatal error has been detected by the Java Runtime Environment:
#
#  SIGSEGV (0xb) at pc=0xb305d381, pid=10571, tid=3064548160
#
# JRE version: 7.0_25-b30
# Java VM: OpenJDK Client VM (23.7-b01 mixed mode, sharing linux-x86 )
# Problematic frame:
# C  [libmake_monotone.so+0x1381]  handle_split_vertex+0x64
#
# Failed to write core dump. Core dumps have been disabled. To enable core dumping, try "ulimit -c unlimited" before starting Java again
#
# If you would like to submit a bug report, please include
# instructions on how to reproduce the bug and visit:
#   https://bugs.launchpad.net/ubuntu/+source/openjdk-7/
# The crash happened outside the Java Virtual Machine in native code.
# See problematic frame for where to report the bug.
#

---------------  T H R E A D  ---------------

Current thread (0xb6707000):  JavaThread "main" [_thread_in_native, id=10596, stack(0xb6894000,0xb6a95000)]

siginfo:si_signo=SIGSEGV: si_errno=0, si_code=1 (SEGV_MAPERR), si_addr=0x00000008

Registers:
EAX=0x00000000, EBX=0xb305eff4, ECX=0x00000000, EDX=0xb77968dc
ESP=0xb6a92fb0, EBP=0xb6a92fe8, ESI=0xb6a93064, EDI=0xb2fd3268
EIP=0xb305d381, EFLAGS=0x00010286, CR2=0x00000008

Top of Stack: (sp=0xb6a92fb0)
0xb6a92fb0:   b305d947 b2be83d8 40260000 00000000
0xb6a92fc0:   40100000 b2be83b0 b2be8400 00000000
0xb6a92fd0:   00000000 40100000 b2be7fc8 00000000
0xb6a92fe0:   b6a93064 b305eff4 b6a93018 b305cdea
0xb6a92ff0:   b2be83d8 b2beba78 b31ecc80 7a4d94a8
0xb6a93000:   79d2fec8 b6751840 b2bcaa08 b2beba78
0xb6a93010:   7a458c28 b30b05fc b6a93078 b30a723d
0xb6a93020:   b31ecc80 b6a9305c b6a93068 00000000 

Instructions: (pc=0xb305d381)
0xb305d361:   04 8b 45 0c 89 04 24 e8 33 f6 ff ff 89 45 f4 8d
0xb305d371:   83 53 e9 ff ff 89 04 24 e8 a2 f6 ff ff 8b 45 f4
0xb305d381:   8b 40 08 8b 55 0c 89 54 24 0c 8b 55 10 89 54 24
0xb305d391:   08 89 44 24 04 8b 45 08 89 04 24 e8 7f f5 ff ff 

Register to memory mapping:

EAX=0x00000000 is an unknown value
EBX=0xb305eff4: <offset 0x2ff4> in lib/libmake_monotone.so at 0xb305c000
ECX=0x00000000 is an unknown value
EDX=0xb77968dc: <offset 0x1a78dc> in /lib/i386-linux-gnu/libc.so.6 at 0xb75ef000
ESP=0xb6a92fb0 is pointing into the stack for thread: 0xb6707000
EBP=0xb6a92fe8 is pointing into the stack for thread: 0xb6707000
ESI=0xb6a93064 is pointing into the stack for thread: 0xb6707000
EDI=0xb2fd3268 is an unknown value


Stack: [0xb6894000,0xb6a95000],  sp=0xb6a92fb0,  free space=2043k
Native frames: (J=compiled Java code, j=interpreted, Vv=VM code, C=native code)
C  [libmake_monotone.so+0x1381]  handle_split_vertex+0x64
C  [libmake_monotone.so+0xdea]  make_monotone+0xf2
C  [libjffi-1.2.so+0x723d]  Java_com_kenai_jffi_Foreign_invokeI1+0x2d
J  com.kenai.jffi.Invoker.invokeI1(Lcom/kenai/jffi/CallContext;JI)I
j  org.jruby.ext.ffi.jffi.JITNativeInvoker.call(Lorg/jruby/runtime/ThreadContext;Lorg/jruby/runtime/builtin/IRubyObject;Lorg/jruby/RubyModule;Ljava/lang/String;[Lorg/jruby/runtime/builtin/IRubyObject;)Lorg/jruby/runtime/builtin/IRubyObject;+92
j  org.jruby.ext.ffi.jffi.NativeInvoker.call(Lorg/jruby/runtime/ThreadContext;Lorg/jruby/runtime/builtin/IRubyObject;Lorg/jruby/RubyModule;Ljava/lang/String;[Lorg/jruby/runtime/builtin/IRubyObject;Lorg/jruby/runtime/Block;)Lorg/jruby/runtime/builtin/IRubyObject;+36
j  org.jruby.ext.ffi.jffi.DefaultMethod.call(Lorg/jruby/runtime/ThreadContext;Lorg/jruby/runtime/builtin/IRubyObject;Lorg/jruby/RubyModule;Ljava/lang/String;[Lorg/jruby/runtime/builtin/IRubyObject;Lorg/jruby/runtime/Block;)Lorg/jruby/runtime/builtin/IRubyObject;+13
j  org.jruby.internal.runtime.methods.DynamicMethod.call(Lorg/jruby/runtime/ThreadContext;Lorg/jruby/runtime/builtin/IRubyObject;Lorg/jruby/RubyModule;Ljava/lang/String;Lorg/jruby/runtime/builtin/IRubyObject;Lorg/jruby/runtime/Block;)Lorg/jruby/runtime/builtin/IRubyObject;+17
J  org.jruby.internal.runtime.methods.DynamicMethod.call(Lorg/jruby/runtime/ThreadContext;Lorg/jruby/runtime/builtin/IRubyObject;Lorg/jruby/RubyModule;Ljava/lang/String;Lorg/jruby/runtime/builtin/IRubyObject;)Lorg/jruby/runtime/builtin/IRubyObject;
J  org.jruby.runtime.callsite.CachingCallSite.call(Lorg/jruby/runtime/ThreadContext;Lorg/jruby/runtime/builtin/IRubyObject;Lorg/jruby/runtime/builtin/IRubyObject;Lorg/jruby/runtime/builtin/IRubyObject;)Lorg/jruby/runtime/builtin/IRubyObject;
j  org.jruby.internal.runtime.methods.DefaultMethod.call(Lorg/jruby/runtime/ThreadContext;Lorg/jruby/runtime/builtin/IRubyObject;Lorg/jruby/RubyModule;Ljava/lang/String;)Lorg/jruby/runtime/builtin/IRubyObject;+20
j  org.jruby.runtime.callsite.CachingCallSite.cacheAndCall(Lorg/jruby/runtime/builtin/IRubyObject;Lorg/jruby/RubyClass;Lorg/jruby/runtime/ThreadContext;Lorg/jruby/runtime/builtin/IRubyObject;)Lorg/jruby/runtime/builtin/IRubyObject;+53
J  org.jruby.runtime.callsite.CachingCallSite.call(Lorg/jruby/runtime/ThreadContext;Lorg/jruby/runtime/builtin/IRubyObject;Lorg/jruby/runtime/builtin/IRubyObject;)Lorg/jruby/runtime/builtin/IRubyObject;
J  org.jruby.ast.NewlineNode.interpret(Lorg/jruby/Ruby;Lorg/jruby/runtime/ThreadContext;Lorg/jruby/runtime/builtin/IRubyObject;Lorg/jruby/runtime/Block;)Lorg/jruby/runtime/builtin/IRubyObject;
j  org.jruby.internal.runtime.methods.DefaultMethod.call(Lorg/jruby/runtime/ThreadContext;Lorg/jruby/runtime/builtin/IRubyObject;Lorg/jruby/RubyModule;Ljava/lang/String;)Lorg/jruby/runtime/builtin/IRubyObject;+20
j  org.jruby.runtime.callsite.CachingCallSite.cacheAndCall(Lorg/jruby/runtime/builtin/IRubyObject;Lorg/jruby/RubyClass;Lorg/jruby/runtime/ThreadContext;Lorg/jruby/runtime/builtin/IRubyObject;)Lorg/jruby/runtime/builtin/IRubyObject;+53
J  org.jruby.runtime.callsite.CachingCallSite.call(Lorg/jruby/runtime/ThreadContext;Lorg/jruby/runtime/builtin/IRubyObject;Lorg/jruby/runtime/builtin/IRubyObject;)Lorg/jruby/runtime/builtin/IRubyObject;
j  Makefile$method__2$RUBY$test.call(Lorg/jruby/runtime/ThreadContext;Lorg/jruby/runtime/builtin/IRubyObject;Lorg/jruby/RubyModule;Ljava/lang/String;Lorg/jruby/runtime/Block;)Lorg/jruby/runtime/builtin/IRubyObject;+17
j  org.jruby.RubyClass.finvoke(Lorg/jruby/runtime/ThreadContext;Lorg/jruby/runtime/builtin/IRubyObject;Ljava/lang/String;Lorg/jruby/runtime/Block;)Lorg/jruby/runtime/builtin/IRubyObject;+41
j  org.jruby.RubyBasicObject.send19(Lorg/jruby/runtime/ThreadContext;Lorg/jruby/runtime/builtin/IRubyObject;Lorg/jruby/runtime/Block;)Lorg/jruby/runtime/builtin/IRubyObject;+15
j  org.jruby.RubyKernel.send19(Lorg/jruby/runtime/ThreadContext;Lorg/jruby/runtime/builtin/IRubyObject;Lorg/jruby/runtime/builtin/IRubyObject;Lorg/jruby/runtime/Block;)Lorg/jruby/runtime/builtin/IRubyObject;+7
j  org.jruby.RubyKernel$INVOKER$s$send19.call(Lorg/jruby/runtime/ThreadContext;Lorg/jruby/runtime/builtin/IRubyObject;Lorg/jruby/RubyModule;Ljava/lang/String;Lorg/jruby/runtime/builtin/IRubyObject;Lorg/jruby/runtime/Block;)Lorg/jruby/runtime/builtin/IRubyObject;+6
j  org.jruby.internal.runtime.methods.JavaMethod$JavaMethodOneOrNBlock.call(Lorg/jruby/runtime/ThreadContext;Lorg/jruby/runtime/builtin/IRubyObject;Lorg/jruby/RubyModule;Ljava/lang/String;Lorg/jruby/runtime/builtin/IRubyObject;)Lorg/jruby/runtime/builtin/IRubyObject;+11
J  org.jruby.runtime.callsite.CachingCallSite.call(Lorg/jruby/runtime/ThreadContext;Lorg/jruby/runtime/builtin/IRubyObject;Lorg/jruby/runtime/builtin/IRubyObject;Lorg/jruby/runtime/builtin/IRubyObject;)Lorg/jruby/runtime/builtin/IRubyObject;
j  Makefile$block_7$RUBY$__file__.call(Lorg/jruby/runtime/ThreadContext;Lorg/jruby/runtime/builtin/IRubyObject;[Lorg/jruby/runtime/builtin/IRubyObject;Lorg/jruby/runtime/Block;)Lorg/jruby/runtime/builtin/IRubyObject;+9
j  org.jruby.runtime.CompiledBlock19.yield(Lorg/jruby/runtime/ThreadContext;Lorg/jruby/runtime/builtin/IRubyObject;Lorg/jruby/runtime/Binding;Lorg/jruby/runtime/Block$Type;)Lorg/jruby/runtime/builtin/IRubyObject;+52
J  org.jruby.runtime.Block.yield(Lorg/jruby/runtime/ThreadContext;Lorg/jruby/runtime/builtin/IRubyObject;)Lorg/jruby/runtime/builtin/IRubyObject;
j  org.jruby.RubyArray.each(Lorg/jruby/runtime/ThreadContext;Lorg/jruby/runtime/Block;)Lorg/jruby/runtime/builtin/IRubyObject;+10
j  org.jruby.RubyArray$INVOKER$i$0$0$each.call(Lorg/jruby/runtime/ThreadContext;Lorg/jruby/runtime/builtin/IRubyObject;Lorg/jruby/RubyModule;Ljava/lang/String;Lorg/jruby/runtime/Block;)Lorg/jruby/runtime/builtin/IRubyObject;+7
j  org.jruby.runtime.callsite.CachingCallSite.cacheAndCall(Lorg/jruby/runtime/builtin/IRubyObject;Lorg/jruby/RubyClass;Lorg/jruby/runtime/Block;Lorg/jruby/runtime/ThreadContext;Lorg/jruby/runtime/builtin/IRubyObject;)Lorg/jruby/runtime/builtin/IRubyObject;+57
j  org.jruby.runtime.callsite.CachingCallSite.callBlock(Lorg/jruby/runtime/ThreadContext;Lorg/jruby/runtime/builtin/IRubyObject;Lorg/jruby/runtime/builtin/IRubyObject;Lorg/jruby/runtime/Block;)Lorg/jruby/runtime/builtin/IRubyObject;+50
j  org.jruby.runtime.callsite.CachingCallSite.callIter(Lorg/jruby/runtime/ThreadContext;Lorg/jruby/runtime/builtin/IRubyObject;Lorg/jruby/runtime/builtin/IRubyObject;Lorg/jruby/runtime/Block;)Lorg/jruby/runtime/builtin/IRubyObject;+6
j  Makefile.__file__(LMakefile;Lorg/jruby/runtime/ThreadContext;Lorg/jruby/runtime/builtin/IRubyObject;[Lorg/jruby/runtime/builtin/IRubyObject;Lorg/jruby/runtime/Block;)Lorg/jruby/runtime/builtin/IRubyObject;+941
j  Makefile.load(Lorg/jruby/runtime/ThreadContext;Lorg/jruby/runtime/builtin/IRubyObject;Z)Lorg/jruby/runtime/builtin/IRubyObject;+22
j  org.jruby.Ruby.runScript(Lorg/jruby/ast/executable/Script;Z)Lorg/jruby/runtime/builtin/IRubyObject;+12
j  org.jruby.Ruby.runScript(Lorg/jruby/ast/executable/Script;)Lorg/jruby/runtime/builtin/IRubyObject;+3
j  org.jruby.Ruby.runNormally(Lorg/jruby/ast/Node;)Lorg/jruby/runtime/builtin/IRubyObject;+73
j  org.jruby.Ruby.runFromMain(Ljava/io/InputStream;Ljava/lang/String;)V+320
j  org.jruby.Main.doRunFromMain(Lorg/jruby/Ruby;Ljava/io/InputStream;Ljava/lang/String;)Lorg/jruby/Main$Status;+12
j  org.jruby.Main.internalRun()Lorg/jruby/Main$Status;+234
j  org.jruby.Main.run([Ljava/lang/String;)Lorg/jruby/Main$Status;+9
j  org.jruby.Main.main([Ljava/lang/String;)V+35
v  ~StubRoutines::call_stub
V  [libjvm.so+0x281d9f]  JavaCalls::call_helper(JavaValue*, methodHandle*, JavaCallArguments*, Thread*)+0x57f

Java frames: (J=compiled Java code, j=interpreted, Vv=VM code)
J  com.kenai.jffi.Foreign.invokeI1(JJI)I
J  com.kenai.jffi.Invoker.invokeI1(Lcom/kenai/jffi/CallContext;JI)I
j  org.jruby.ext.ffi.jffi.NativeInvoker$ffi$3.call(Lorg/jruby/runtime/ThreadContext;Lorg/jruby/runtime/builtin/IRubyObject;Lorg/jruby/RubyModule;Ljava/lang/String;Lorg/jruby/runtime/builtin/IRubyObject;)Lorg/jruby/runtime/builtin/IRubyObject;+77
j  org.jruby.ext.ffi.jffi.JITNativeInvoker.call(Lorg/jruby/runtime/ThreadContext;Lorg/jruby/runtime/builtin/IRubyObject;Lorg/jruby/RubyModule;Ljava/lang/String;[Lorg/jruby/runtime/builtin/IRubyObject;)Lorg/jruby/runtime/builtin/IRubyObject;+92
j  org.jruby.ext.ffi.jffi.NativeInvoker.call(Lorg/jruby/runtime/ThreadContext;Lorg/jruby/runtime/builtin/IRubyObject;Lorg/jruby/RubyModule;Ljava/lang/String;[Lorg/jruby/runtime/builtin/IRubyObject;Lorg/jruby/runtime/Block;)Lorg/jruby/runtime/builtin/IRubyObject;+36
j  org.jruby.ext.ffi.jffi.DefaultMethod.call(Lorg/jruby/runtime/ThreadContext;Lorg/jruby/runtime/builtin/IRubyObject;Lorg/jruby/RubyModule;Ljava/lang/String;[Lorg/jruby/runtime/builtin/IRubyObject;Lorg/jruby/runtime/Block;)Lorg/jruby/runtime/builtin/IRubyObject;+13
j  org.jruby.internal.runtime.methods.DynamicMethod.call(Lorg/jruby/runtime/ThreadContext;Lorg/jruby/runtime/builtin/IRubyObject;Lorg/jruby/RubyModule;Ljava/lang/String;Lorg/jruby/runtime/builtin/IRubyObject;Lorg/jruby/runtime/Block;)Lorg/jruby/runtime/builtin/IRubyObject;+17
J  org.jruby.internal.runtime.methods.DynamicMethod.call(Lorg/jruby/runtime/ThreadContext;Lorg/jruby/runtime/builtin/IRubyObject;Lorg/jruby/RubyModule;Ljava/lang/String;Lorg/jruby/runtime/builtin/IRubyObject;)Lorg/jruby/runtime/builtin/IRubyObject;
j  org.jruby.runtime.callsite.CachingCallSite.cacheAndCall(Lorg/jruby/runtime/builtin/IRubyObject;Lorg/jruby/RubyClass;Lorg/jruby/runtime/ThreadContext;Lorg/jruby/runtime/builtin/IRubyObject;Lorg/jruby/runtime/builtin/IRubyObject;)Lorg/jruby/runtime/builtin/IRubyObject;+57
J  org.jruby.runtime.callsite.CachingCallSite.call(Lorg/jruby/runtime/ThreadContext;Lorg/jruby/runtime/builtin/IRubyObject;Lorg/jruby/runtime/builtin/IRubyObject;Lorg/jruby/runtime/builtin/IRubyObject;)Lorg/jruby/runtime/builtin/IRubyObject;
J  org.jruby.ast.CallOneArgNode.interpret(Lorg/jruby/Ruby;Lorg/jruby/runtime/ThreadContext;Lorg/jruby/runtime/builtin/IRubyObject;Lorg/jruby/runtime/Block;)Lorg/jruby/runtime/builtin/IRubyObject;
J  org.jruby.ast.NewlineNode.interpret(Lorg/jruby/Ruby;Lorg/jruby/runtime/ThreadContext;Lorg/jruby/runtime/builtin/IRubyObject;Lorg/jruby/runtime/Block;)Lorg/jruby/runtime/builtin/IRubyObject;
J  org.jruby.ast.BlockNode.interpret(Lorg/jruby/Ruby;Lorg/jruby/runtime/ThreadContext;Lorg/jruby/runtime/builtin/IRubyObject;Lorg/jruby/runtime/Block;)Lorg/jruby/runtime/builtin/IRubyObject;
J  org.jruby.evaluator.ASTInterpreter.INTERPRET_METHOD(Lorg/jruby/Ruby;Lorg/jruby/runtime/ThreadContext;Ljava/lang/String;ILorg/jruby/RubyModule;Lorg/jruby/ast/Node;Ljava/lang/String;Lorg/jruby/runtime/builtin/IRubyObject;Lorg/jruby/runtime/Block;Z)Lorg/jruby/runtime/builtin/IRubyObject;
j  org.jruby.internal.runtime.methods.InterpretedMethod.call(Lorg/jruby/runtime/ThreadContext;Lorg/jruby/runtime/builtin/IRubyObject;Lorg/jruby/RubyModule;Ljava/lang/String;)Lorg/jruby/runtime/builtin/IRubyObject;+80
j  org.jruby.internal.runtime.methods.DefaultMethod.call(Lorg/jruby/runtime/ThreadContext;Lorg/jruby/runtime/builtin/IRubyObject;Lorg/jruby/RubyModule;Ljava/lang/String;)Lorg/jruby/runtime/builtin/IRubyObject;+20
j  org.jruby.runtime.callsite.CachingCallSite.cacheAndCall(Lorg/jruby/runtime/builtin/IRubyObject;Lorg/jruby/RubyClass;Lorg/jruby/runtime/ThreadContext;Lorg/jruby/runtime/builtin/IRubyObject;)Lorg/jruby/runtime/builtin/IRubyObject;+53
J  org.jruby.runtime.callsite.CachingCallSite.call(Lorg/jruby/runtime/ThreadContext;Lorg/jruby/runtime/builtin/IRubyObject;Lorg/jruby/runtime/builtin/IRubyObject;)Lorg/jruby/runtime/builtin/IRubyObject;
J  org.jruby.ast.CallNoArgNode.interpret(Lorg/jruby/Ruby;Lorg/jruby/runtime/ThreadContext;Lorg/jruby/runtime/builtin/IRubyObject;Lorg/jruby/runtime/Block;)Lorg/jruby/runtime/builtin/IRubyObject;
j  org.jruby.ast.FCallTwoArgNode.interpret(Lorg/jruby/Ruby;Lorg/jruby/runtime/ThreadContext;Lorg/jruby/runtime/builtin/IRubyObject;Lorg/jruby/runtime/Block;)Lorg/jruby/runtime/builtin/IRubyObject;+28
J  org.jruby.ast.NewlineNode.interpret(Lorg/jruby/Ruby;Lorg/jruby/runtime/ThreadContext;Lorg/jruby/runtime/builtin/IRubyObject;Lorg/jruby/runtime/Block;)Lorg/jruby/runtime/builtin/IRubyObject;
J  org.jruby.ast.BlockNode.interpret(Lorg/jruby/Ruby;Lorg/jruby/runtime/ThreadContext;Lorg/jruby/runtime/builtin/IRubyObject;Lorg/jruby/runtime/Block;)Lorg/jruby/runtime/builtin/IRubyObject;
J  org.jruby.evaluator.ASTInterpreter.INTERPRET_METHOD(Lorg/jruby/Ruby;Lorg/jruby/runtime/ThreadContext;Ljava/lang/String;ILorg/jruby/RubyModule;Lorg/jruby/ast/Node;Ljava/lang/String;Lorg/jruby/runtime/builtin/IRubyObject;Lorg/jruby/runtime/Block;Z)Lorg/jruby/runtime/builtin/IRubyObject;
j  org.jruby.internal.runtime.methods.InterpretedMethod.call(Lorg/jruby/runtime/ThreadContext;Lorg/jruby/runtime/builtin/IRubyObject;Lorg/jruby/RubyModule;Ljava/lang/String;)Lorg/jruby/runtime/builtin/IRubyObject;+80
j  org.jruby.internal.runtime.methods.DefaultMethod.call(Lorg/jruby/runtime/ThreadContext;Lorg/jruby/runtime/builtin/IRubyObject;Lorg/jruby/RubyModule;Ljava/lang/String;)Lorg/jruby/runtime/builtin/IRubyObject;+20
j  org.jruby.runtime.callsite.CachingCallSite.cacheAndCall(Lorg/jruby/runtime/builtin/IRubyObject;Lorg/jruby/RubyClass;Lorg/jruby/runtime/ThreadContext;Lorg/jruby/runtime/builtin/IRubyObject;)Lorg/jruby/runtime/builtin/IRubyObject;+53
J  org.jruby.runtime.callsite.CachingCallSite.call(Lorg/jruby/runtime/ThreadContext;Lorg/jruby/runtime/builtin/IRubyObject;Lorg/jruby/runtime/builtin/IRubyObject;)Lorg/jruby/runtime/builtin/IRubyObject;
j  Makefile.method__2$RUBY$test(LMakefile;Lorg/jruby/runtime/ThreadContext;Lorg/jruby/runtime/builtin/IRubyObject;Lorg/jruby/runtime/Block;)Lorg/jruby/runtime/builtin/IRubyObject;+130
j  Makefile$method__2$RUBY$test.call(Lorg/jruby/runtime/ThreadContext;Lorg/jruby/runtime/builtin/IRubyObject;Lorg/jruby/RubyModule;Ljava/lang/String;Lorg/jruby/runtime/Block;)Lorg/jruby/runtime/builtin/IRubyObject;+17
j  org.jruby.RubyClass.finvoke(Lorg/jruby/runtime/ThreadContext;Lorg/jruby/runtime/builtin/IRubyObject;Ljava/lang/String;Lorg/jruby/runtime/Block;)Lorg/jruby/runtime/builtin/IRubyObject;+41
j  org.jruby.RubyBasicObject.send19(Lorg/jruby/runtime/ThreadContext;Lorg/jruby/runtime/builtin/IRubyObject;Lorg/jruby/runtime/Block;)Lorg/jruby/runtime/builtin/IRubyObject;+15
j  org.jruby.RubyKernel.send19(Lorg/jruby/runtime/ThreadContext;Lorg/jruby/runtime/builtin/IRubyObject;Lorg/jruby/runtime/builtin/IRubyObject;Lorg/jruby/runtime/Block;)Lorg/jruby/runtime/builtin/IRubyObject;+7
j  org.jruby.RubyKernel$INVOKER$s$send19.call(Lorg/jruby/runtime/ThreadContext;Lorg/jruby/runtime/builtin/IRubyObject;Lorg/jruby/RubyModule;Ljava/lang/String;Lorg/jruby/runtime/builtin/IRubyObject;Lorg/jruby/runtime/Block;)Lorg/jruby/runtime/builtin/IRubyObject;+6
j  org.jruby.internal.runtime.methods.JavaMethod$JavaMethodOneOrNBlock.call(Lorg/jruby/runtime/ThreadContext;Lorg/jruby/runtime/builtin/IRubyObject;Lorg/jruby/RubyModule;Ljava/lang/String;Lorg/jruby/runtime/builtin/IRubyObject;)Lorg/jruby/runtime/builtin/IRubyObject;+11
J  org.jruby.runtime.callsite.CachingCallSite.call(Lorg/jruby/runtime/ThreadContext;Lorg/jruby/runtime/builtin/IRubyObject;Lorg/jruby/runtime/builtin/IRubyObject;Lorg/jruby/runtime/builtin/IRubyObject;)Lorg/jruby/runtime/builtin/IRubyObject;
j  Makefile.block_7$RUBY$__file__(LMakefile;Lorg/jruby/runtime/ThreadContext;Lorg/jruby/runtime/builtin/IRubyObject;[Lorg/jruby/runtime/builtin/IRubyObject;Lorg/jruby/runtime/Block;)Lorg/jruby/runtime/builtin/IRubyObject;+46
j  Makefile$block_7$RUBY$__file__.call(Lorg/jruby/runtime/ThreadContext;Lorg/jruby/runtime/builtin/IRubyObject;[Lorg/jruby/runtime/builtin/IRubyObject;Lorg/jruby/runtime/Block;)Lorg/jruby/runtime/builtin/IRubyObject;+9
j  org.jruby.runtime.CompiledBlock19.yield(Lorg/jruby/runtime/ThreadContext;Lorg/jruby/runtime/builtin/IRubyObject;Lorg/jruby/runtime/Binding;Lorg/jruby/runtime/Block$Type;)Lorg/jruby/runtime/builtin/IRubyObject;+52
J  org.jruby.runtime.Block.yield(Lorg/jruby/runtime/ThreadContext;Lorg/jruby/runtime/builtin/IRubyObject;)Lorg/jruby/runtime/builtin/IRubyObject;
j  org.jruby.RubyArray.eachCommon(Lorg/jruby/runtime/ThreadContext;Lorg/jruby/runtime/Block;)Lorg/jruby/runtime/builtin/IRubyObject;+41
j  org.jruby.RubyArray.each(Lorg/jruby/runtime/ThreadContext;Lorg/jruby/runtime/Block;)Lorg/jruby/runtime/builtin/IRubyObject;+10
j  org.jruby.RubyArray$INVOKER$i$0$0$each.call(Lorg/jruby/runtime/ThreadContext;Lorg/jruby/runtime/builtin/IRubyObject;Lorg/jruby/RubyModule;Ljava/lang/String;Lorg/jruby/runtime/Block;)Lorg/jruby/runtime/builtin/IRubyObject;+7
j  org.jruby.runtime.callsite.CachingCallSite.cacheAndCall(Lorg/jruby/runtime/builtin/IRubyObject;Lorg/jruby/RubyClass;Lorg/jruby/runtime/Block;Lorg/jruby/runtime/ThreadContext;Lorg/jruby/runtime/builtin/IRubyObject;)Lorg/jruby/runtime/builtin/IRubyObject;+57
j  org.jruby.runtime.callsite.CachingCallSite.callBlock(Lorg/jruby/runtime/ThreadContext;Lorg/jruby/runtime/builtin/IRubyObject;Lorg/jruby/runtime/builtin/IRubyObject;Lorg/jruby/runtime/Block;)Lorg/jruby/runtime/builtin/IRubyObject;+50
j  org.jruby.runtime.callsite.CachingCallSite.callIter(Lorg/jruby/runtime/ThreadContext;Lorg/jruby/runtime/builtin/IRubyObject;Lorg/jruby/runtime/builtin/IRubyObject;Lorg/jruby/runtime/Block;)Lorg/jruby/runtime/builtin/IRubyObject;+6
j  Makefile.__file__(LMakefile;Lorg/jruby/runtime/ThreadContext;Lorg/jruby/runtime/builtin/IRubyObject;[Lorg/jruby/runtime/builtin/IRubyObject;Lorg/jruby/runtime/Block;)Lorg/jruby/runtime/builtin/IRubyObject;+941
j  Makefile.load(Lorg/jruby/runtime/ThreadContext;Lorg/jruby/runtime/builtin/IRubyObject;Z)Lorg/jruby/runtime/builtin/IRubyObject;+22
j  org.jruby.Ruby.runScript(Lorg/jruby/ast/executable/Script;Z)Lorg/jruby/runtime/builtin/IRubyObject;+12
j  org.jruby.Ruby.runScript(Lorg/jruby/ast/executable/Script;)Lorg/jruby/runtime/builtin/IRubyObject;+3
j  org.jruby.Ruby.runNormally(Lorg/jruby/ast/Node;)Lorg/jruby/runtime/builtin/IRubyObject;+73
j  org.jruby.Ruby.runFromMain(Ljava/io/InputStream;Ljava/lang/String;)V+320
j  org.jruby.Main.doRunFromMain(Lorg/jruby/Ruby;Ljava/io/InputStream;Ljava/lang/String;)Lorg/jruby/Main$Status;+12
j  org.jruby.Main.internalRun()Lorg/jruby/Main$Status;+234
j  org.jruby.Main.run([Ljava/lang/String;)Lorg/jruby/Main$Status;+9
j  org.jruby.Main.main([Ljava/lang/String;)V+35
v  ~StubRoutines::call_stub

---------------  P R O C E S S  ---------------

Java Threads: ( => current thread )
  0xb2fd8400 JavaThread "ReferenceReaper" daemon [_thread_blocked, id=10814, stack(0xb24fe000,0xb26ff000)]
  0xb2fccc00 JavaThread "JRubyJIT-2" daemon [_thread_blocked, id=10813, stack(0xb20fc000,0xb22fd000)]
  0xb674e400 JavaThread "process reaper" daemon [_thread_blocked, id=10606, stack(0xb306c000,0xb307b000)]
  0xb673a000 JavaThread "JRubyJIT-1" daemon [_thread_blocked, id=10604, stack(0xb26ff000,0xb2900000)]
  0xb674a000 JavaThread "Service Thread" daemon [_thread_blocked, id=10602, stack(0xb32cb000,0xb34cc000)]
  0xb6748000 JavaThread "C1 CompilerThread0" daemon [_thread_blocked, id=10601, stack(0xb3d7e000,0xb3dff000)]
  0xb6746400 JavaThread "Signal Dispatcher" daemon [_thread_blocked, id=10600, stack(0xb34cc000,0xb36cd000)]
  0xb6738000 JavaThread "Finalizer" daemon [_thread_blocked, id=10599, stack(0xb39ff000,0xb3c00000)]
  0xb6736800 JavaThread "Reference Handler" daemon [_thread_blocked, id=10598, stack(0xb3dff000,0xb4000000)]
=>0xb6707000 JavaThread "main" [_thread_in_native, id=10596, stack(0xb6894000,0xb6a95000)]

Other Threads:
  0xb6735000 VMThread [stack: 0xb410a000,0xb418b000] [id=10597]
  0xb6754400 WatcherThread [stack: 0xb324a000,0xb32cb000] [id=10603]

VM state:not at safepoint (normal execution)

VM Mutex/Monitor currently owned by a thread: None

Heap
 def new generation   total 4736K, used 1974K [0x6f580000, 0x6faa0000, 0x79c20000)
  eden space 4224K,  44% used [0x6f580000, 0x6f7596e8, 0x6f9a0000)
  from space 512K,  15% used [0x6fa20000, 0x6fa34418, 0x6faa0000)
  to   space 512K,   0% used [0x6f9a0000, 0x6f9a0000, 0x6fa20000)
 tenured generation   total 10624K, used 9260K [0x79c20000, 0x7a680000, 0x8e980000)
   the space 10624K,  87% used [0x79c20000, 0x7a52b130, 0x7a52b200, 0x7a680000)
 compacting perm gen  total 14080K, used 14001K [0x8e980000, 0x8f740000, 0x92980000)
   the space 14080K,  99% used [0x8e980000, 0x8f72c430, 0x8f72c600, 0x8f740000)
    ro space 10240K,  60% used [0x92980000, 0x92f8c968, 0x92f8ca00, 0x93380000)
    rw space 12288K,  61% used [0x93380000, 0x93ae62d8, 0x93ae6400, 0x93f80000)

Card table byte_map: [0xb455a000,0xb4680000] byte_map_base: 0xb41df400

Polling page: 0xb77a3000

Code Cache  [0xb4700000, 0xb4970000, 0xb6700000)
 total_blobs=1612 nmethods=1354 adapters=191 free_code_cache=30298Kb largest_free_block=31025280

Compilation events (10 events):
Event: 11,664 Thread 0xb6748000 1355             org.jruby.runtime.scope.OneVarDynamicScope::setValue (24 bytes)
Event: 11,665 Thread 0xb6748000 nmethod 1355 0xb4967b88 code [0xb4967c90, 0xb4967d5c]
Event: 11,665 Thread 0xb6748000 1356             org.jruby.ext.ffi.jffi.NativeInvoker$ffi$1::call (104 bytes)
Event: 11,671 Thread 0xb6748000 nmethod 1356 0xb4967dc8 code [0xb4967f30, 0xb4968318]
Event: 11,671 Thread 0xb6748000 1357             org.jruby.RubyModule::iterateConstantNoConstMissing (55 bytes)
Event: 11,673 Thread 0xb6748000 nmethod 1357 0xb4968808 code [0xb4968920, 0xb4968a58]
Event: 11,688 Thread 0xb6748000 1358             org.jruby.ext.ffi.jffi.NativeInvoker$ffi$4::call (102 bytes)
Event: 11,699 Thread 0xb6748000 nmethod 1358 0xb4968b88 code [0xb4968cf0, 0xb49690d8]
Event: 11,703 Thread 0xb6748000 1359             org.jruby.ast.DNode::is19 (13 bytes)
Event: 11,704 Thread 0xb6748000 nmethod 1359 0xb49695c8 code [0xb49696c0, 0xb4969750]

GC Heap History (10 events):
Event: 8,388 GC heap before
{Heap before GC invocations=6 (full 0):
 def new generation   total 4736K, used 4580K [0x6f580000, 0x6faa0000, 0x79c20000)
  eden space 4224K, 100% used [0x6f580000, 0x6f9a0000, 0x6f9a0000)
  from space 512K,  69% used [0x6f9a0000, 0x6f9f9090, 0x6fa20000)
  to   space 512K,   0% used [0x6fa20000, 0x6fa20000, 0x6faa0000)
 tenured generation   total 10624K, used 6489K [0x79c20000, 0x7a680000, 0x8e980000)
   the space 10624K,  61% used [0x79c20000, 0x7a2766b0, 0x7a276800, 0x7a680000)
 compacting perm gen  total 12800K, used 12751K [0x8e980000, 0x8f600000, 0x92980000)
   the space 12800K,  99% used [0x8e980000, 0x8f5f3e18, 0x8f5f4000, 0x8f600000)
    ro space 10240K,  60% used [0x92980000, 0x92f8c968, 0x92f8ca00, 0x93380000)
    rw space 12288K,  61% used [0x93380000, 0x93ae62d8, 0x93ae6400, 0x93f80000)
Event: 8,405 GC heap after
Heap after GC invocations=7 (full 0):
 def new generation   total 4736K, used 175K [0x6f580000, 0x6faa0000, 0x79c20000)
  eden space 4224K,   0% used [0x6f580000, 0x6f580000, 0x6f9a0000)
  from space 512K,  34% used [0x6fa20000, 0x6fa4bde0, 0x6faa0000)
  to   space 512K,   0% used [0x6f9a0000, 0x6f9a0000, 0x6fa20000)
 tenured generation   total 10624K, used 6780K [0x79c20000, 0x7a680000, 0x8e980000)
   the space 10624K,  63% used [0x79c20000, 0x7a2bf300, 0x7a2bf400, 0x7a680000)
 compacting perm gen  total 12800K, used 12751K [0x8e980000, 0x8f600000, 0x92980000)
   the space 12800K,  99% used [0x8e980000, 0x8f5f3e18, 0x8f5f4000, 0x8f600000)
    ro space 10240K,  60% used [0x92980000, 0x92f8c968, 0x92f8ca00, 0x93380000)
    rw space 12288K,  61% used [0x93380000, 0x93ae62d8, 0x93ae6400, 0x93f80000)
}
Event: 9,318 GC heap before
{Heap before GC invocations=7 (full 0):
 def new generation   total 4736K, used 4399K [0x6f580000, 0x6faa0000, 0x79c20000)
  eden space 4224K, 100% used [0x6f580000, 0x6f9a0000, 0x6f9a0000)
  from space 512K,  34% used [0x6fa20000, 0x6fa4bde0, 0x6faa0000)
  to   space 512K,   0% used [0x6f9a0000, 0x6f9a0000, 0x6fa20000)
 tenured generation   total 10624K, used 6780K [0x79c20000, 0x7a680000, 0x8e980000)
   the space 10624K,  63% used [0x79c20000, 0x7a2bf300, 0x7a2bf400, 0x7a680000)
 compacting perm gen  total 13056K, used 12845K [0x8e980000, 0x8f640000, 0x92980000)
   the space 13056K,  98% used [0x8e980000, 0x8f60b6c0, 0x8f60b800, 0x8f640000)
    ro space 10240K,  60% used [0x92980000, 0x92f8c968, 0x92f8ca00, 0x93380000)
    rw space 12288K,  61% used [0x93380000, 0x93ae62d8, 0x93ae6400, 0x93f80000)
Event: 9,345 GC heap after
Heap after GC invocations=8 (full 0):
 def new generation   total 4736K, used 512K [0x6f580000, 0x6faa0000, 0x79c20000)
  eden space 4224K,   0% used [0x6f580000, 0x6f580000, 0x6f9a0000)
  from space 512K, 100% used [0x6f9a0000, 0x6fa20000, 0x6fa20000)
  to   space 512K,   0% used [0x6fa20000, 0x6fa20000, 0x6faa0000)
 tenured generation   total 10624K, used 7655K [0x79c20000, 0x7a680000, 0x8e980000)
   the space 10624K,  72% used [0x79c20000, 0x7a399fa0, 0x7a39a000, 0x7a680000)
 compacting perm gen  total 13056K, used 12845K [0x8e980000, 0x8f640000, 0x92980000)
   the space 13056K,  98% used [0x8e980000, 0x8f60b6c0, 0x8f60b800, 0x8f640000)
    ro space 10240K,  60% used [0x92980000, 0x92f8c968, 0x92f8ca00, 0x93380000)
    rw space 12288K,  61% used [0x93380000, 0x93ae62d8, 0x93ae6400, 0x93f80000)
}
Event: 10,477 GC heap before
{Heap before GC invocations=8 (full 0):
 def new generation   total 4736K, used 4736K [0x6f580000, 0x6faa0000, 0x79c20000)
  eden space 4224K, 100% used [0x6f580000, 0x6f9a0000, 0x6f9a0000)
  from space 512K, 100% used [0x6f9a0000, 0x6fa20000, 0x6fa20000)
  to   space 512K,   0% used [0x6fa20000, 0x6fa20000, 0x6faa0000)
 tenured generation   total 10624K, used 7655K [0x79c20000, 0x7a680000, 0x8e980000)
   the space 10624K,  72% used [0x79c20000, 0x7a399fa0, 0x7a39a000, 0x7a680000)
 compacting perm gen  total 13824K, used 13686K [0x8e980000, 0x8f700000, 0x92980000)
   the space 13824K,  99% used [0x8e980000, 0x8f6dd830, 0x8f6dda00, 0x8f700000)
    ro space 10240K,  60% used [0x92980000, 0x92f8c968, 0x92f8ca00, 0x93380000)
    rw space 12288K,  61% used [0x93380000, 0x93ae62d8, 0x93ae6400, 0x93f80000)
Event: 10,501 GC heap after
Heap after GC invocations=9 (full 0):
 def new generation   total 4736K, used 512K [0x6f580000, 0x6faa0000, 0x79c20000)
  eden space 4224K,   0% used [0x6f580000, 0x6f580000, 0x6f9a0000)
  from space 512K, 100% used [0x6fa20000, 0x6faa0000, 0x6faa0000)
  to   space 512K,   0% used [0x6f9a0000, 0x6f9a0000, 0x6fa20000)
 tenured generation   total 10624K, used 8328K [0x79c20000, 0x7a680000, 0x8e980000)
   the space 10624K,  78% used [0x79c20000, 0x7a4423a8, 0x7a442400, 0x7a680000)
 compacting perm gen  total 13824K, used 13686K [0x8e980000, 0x8f700000, 0x92980000)
   the space 13824K,  99% used [0x8e980000, 0x8f6dd830, 0x8f6dda00, 0x8f700000)
    ro space 10240K,  60% used [0x92980000, 0x92f8c968, 0x92f8ca00, 0x93380000)
    rw space 12288K,  61% used [0x93380000, 0x93ae62d8, 0x93ae6400, 0x93f80000)
}
Event: 11,021 GC heap before
{Heap before GC invocations=9 (full 0):
 def new generation   total 4736K, used 4736K [0x6f580000, 0x6faa0000, 0x79c20000)
  eden space 4224K, 100% used [0x6f580000, 0x6f9a0000, 0x6f9a0000)
  from space 512K, 100% used [0x6fa20000, 0x6faa0000, 0x6faa0000)
  to   space 512K,   0% used [0x6f9a0000, 0x6f9a0000, 0x6fa20000)
 tenured generation   total 10624K, used 8328K [0x79c20000, 0x7a680000, 0x8e980000)
   the space 10624K,  78% used [0x79c20000, 0x7a4423a8, 0x7a442400, 0x7a680000)
 compacting perm gen  total 14080K, used 13923K [0x8e980000, 0x8f740000, 0x92980000)
   the space 14080K,  98% used [0x8e980000, 0x8f718c58, 0x8f718e00, 0x8f740000)
    ro space 10240K,  60% used [0x92980000, 0x92f8c968, 0x92f8ca00, 0x93380000)
    rw space 12288K,  61% used [0x93380000, 0x93ae62d8, 0x93ae6400, 0x93f80000)
Event: 11,052 GC heap after
Heap after GC invocations=10 (full 0):
 def new generation   total 4736K, used 512K [0x6f580000, 0x6faa0000, 0x79c20000)
  eden space 4224K,   0% used [0x6f580000, 0x6f580000, 0x6f9a0000)
  from space 512K, 100% used [0x6f9a0000, 0x6fa20000, 0x6fa20000)
  to   space 512K,   0% used [0x6fa20000, 0x6fa20000, 0x6faa0000)
 tenured generation   total 10624K, used 8877K [0x79c20000, 0x7a680000, 0x8e980000)
   the space 10624K,  83% used [0x79c20000, 0x7a4cb4c0, 0x7a4cb600, 0x7a680000)
 compacting perm gen  total 14080K, used 13923K [0x8e980000, 0x8f740000, 0x92980000)
   the space 14080K,  98% used [0x8e980000, 0x8f718c58, 0x8f718e00, 0x8f740000)
    ro space 10240K,  60% used [0x92980000, 0x92f8c968, 0x92f8ca00, 0x93380000)
    rw space 12288K,  61% used [0x93380000, 0x93ae62d8, 0x93ae6400, 0x93f80000)
}
Event: 11,517 GC heap before
{Heap before GC invocations=10 (full 0):
 def new generation   total 4736K, used 4736K [0x6f580000, 0x6faa0000, 0x79c20000)
  eden space 4224K, 100% used [0x6f580000, 0x6f9a0000, 0x6f9a0000)
  from space 512K, 100% used [0x6f9a0000, 0x6fa20000, 0x6fa20000)
  to   space 512K,   0% used [0x6fa20000, 0x6fa20000, 0x6faa0000)
 tenured generation   total 10624K, used 8877K [0x79c20000, 0x7a680000, 0x8e980000)
   the space 10624K,  83% used [0x79c20000, 0x7a4cb4c0, 0x7a4cb600, 0x7a680000)
 compacting perm gen  total 14080K, used 13999K [0x8e980000, 0x8f740000, 0x92980000)
   the space 14080K,  99% used [0x8e980000, 0x8f72bca8, 0x8f72be00, 0x8f740000)
    ro space 10240K,  60% used [0x92980000, 0x92f8c968, 0x92f8ca00, 0x93380000)
    rw space 12288K,  61% used [0x93380000, 0x93ae62d8, 0x93ae6400, 0x93f80000)
Event: 11,536 GC heap after
Heap after GC invocations=11 (full 0):
 def new generation   total 4736K, used 81K [0x6f580000, 0x6faa0000, 0x79c20000)
  eden space 4224K,   0% used [0x6f580000, 0x6f580000, 0x6f9a0000)
  from space 512K,  15% used [0x6fa20000, 0x6fa34418, 0x6faa0000)
  to   space 512K,   0% used [0x6f9a0000, 0x6f9a0000, 0x6fa20000)
 tenured generation   total 10624K, used 9260K [0x79c20000, 0x7a680000, 0x8e980000)
   the space 10624K,  87% used [0x79c20000, 0x7a52b130, 0x7a52b200, 0x7a680000)
 compacting perm gen  total 14080K, used 13999K [0x8e980000, 0x8f740000, 0x92980000)
   the space 14080K,  99% used [0x8e980000, 0x8f72bca8, 0x8f72be00, 0x8f740000)
    ro space 10240K,  60% used [0x92980000, 0x92f8c968, 0x92f8ca00, 0x93380000)
    rw space 12288K,  61% used [0x93380000, 0x93ae62d8, 0x93ae6400, 0x93f80000)
}

Deoptimization events (0 events):
No events

Internal exceptions (10 events):
Event: 10,950 Thread 0xb673a000 Threw 0x6f8b1828 at /build/buildd/openjdk-7-7u25-2.3.10/build/openjdk/hotspot/src/share/vm/prims/jvm.cpp:1235
Event: 10,950 Thread 0xb673a000 Threw 0x6f8b2f80 at /build/buildd/openjdk-7-7u25-2.3.10/build/openjdk/hotspot/src/share/vm/prims/jvm.cpp:1235
Event: 10,982 Thread 0xb2fccc00 Threw 0x6f929ff8 at /build/buildd/openjdk-7-7u25-2.3.10/build/openjdk/hotspot/src/share/vm/prims/jvm.cpp:1235
Event: 10,982 Thread 0xb2fccc00 Threw 0x6f92b910 at /build/buildd/openjdk-7-7u25-2.3.10/build/openjdk/hotspot/src/share/vm/prims/jvm.cpp:1235
Event: 11,065 Thread 0xb2fccc00 Threw 0x6f5de5d0 at /build/buildd/openjdk-7-7u25-2.3.10/build/openjdk/hotspot/src/share/vm/prims/jvm.cpp:1235
Event: 11,065 Thread 0xb2fccc00 Threw 0x6f5dfd08 at /build/buildd/openjdk-7-7u25-2.3.10/build/openjdk/hotspot/src/share/vm/prims/jvm.cpp:1235
Event: 11,098 Thread 0xb2fccc00 Threw 0x6f6b77e0 at /build/buildd/openjdk-7-7u25-2.3.10/build/openjdk/hotspot/src/share/vm/prims/jvm.cpp:1235
Event: 11,098 Thread 0xb2fccc00 Threw 0x6f6b8f50 at /build/buildd/openjdk-7-7u25-2.3.10/build/openjdk/hotspot/src/share/vm/prims/jvm.cpp:1235
Event: 11,105 Thread 0xb673a000 Threw 0x6f6d32c0 at /build/buildd/openjdk-7-7u25-2.3.10/build/openjdk/hotspot/src/share/vm/prims/jvm.cpp:1235
Event: 11,105 Thread 0xb673a000 Threw 0x6f6d49f8 at /build/buildd/openjdk-7-7u25-2.3.10/build/openjdk/hotspot/src/share/vm/prims/jvm.cpp:1235

Events (10 events):
Event: 11,105 loading class 0xb3c07d20
Event: 11,105 loading class 0xb3c07d20 done
Event: 11,310 loading class 0xb2fdae70
Event: 11,311 loading class 0xb2fdae70 done
Event: 11,356 loading class 0xb3153958
Event: 11,356 loading class 0xb3153958 done
Event: 11,357 loading class 0xb3156de8
Event: 11,357 loading class 0xb3156de8 done
Event: 11,517 Executing VM operation: GenCollectForAllocation
Event: 11,538 Executing VM operation: GenCollectForAllocation done


Dynamic libraries:
08048000-08049000 r-xp 00000000 08:01 1051338    /usr/lib/jvm/java-7-openjdk-i386/jre/bin/java
08049000-0804a000 r--p 00000000 08:01 1051338    /usr/lib/jvm/java-7-openjdk-i386/jre/bin/java
0804a000-0804b000 rw-p 00001000 08:01 1051338    /usr/lib/jvm/java-7-openjdk-i386/jre/bin/java
0885f000-08880000 rw-p 00000000 00:00 0          [heap]
6f580000-6faa0000 rw-p 00000000 00:00 0 
6faa0000-79c20000 rw-p 00000000 00:00 0 
79c20000-7a680000 rw-p 00000000 00:00 0 
7a680000-8e980000 rw-p 00000000 00:00 0 
8e980000-8f740000 rw-p 00000000 00:00 0 
8f740000-92980000 rw-p 00000000 00:00 0 
92980000-92f8d000 r--p 00001000 08:01 2491473    /usr/lib/jvm/java-7-openjdk-i386/jre/lib/i386/client/classes.jsa
92f8d000-93380000 rw-p 00000000 00:00 0 
93380000-93ae7000 rw-p 0060e000 08:01 2491473    /usr/lib/jvm/java-7-openjdk-i386/jre/lib/i386/client/classes.jsa
93ae7000-93f80000 rw-p 00000000 00:00 0 
93f80000-9429a000 rw-p 00d75000 08:01 2491473    /usr/lib/jvm/java-7-openjdk-i386/jre/lib/i386/client/classes.jsa
9429a000-94380000 rw-p 00000000 00:00 0 
94380000-94389000 r-xp 0108f000 08:01 2491473    /usr/lib/jvm/java-7-openjdk-i386/jre/lib/i386/client/classes.jsa
94389000-94780000 rw-p 00000000 00:00 0 
b20fc000-b20ff000 ---p 00000000 00:00 0 
b20ff000-b22fd000 rw-p 00000000 00:00 0 
b22fd000-b2300000 ---p 00000000 00:00 0 
b2300000-b24fe000 rw-p 00000000 00:00 0 
b24fe000-b2501000 ---p 00000000 00:00 0 
b2501000-b26ff000 rw-p 00000000 00:00 0 
b26ff000-b2702000 ---p 00000000 00:00 0 
b2702000-b2900000 rw-p 00000000 00:00 0 
b2900000-b29d5000 rw-p 00000000 00:00 0 
b29d5000-b2a00000 ---p 00000000 00:00 0 
b2a30000-b2b00000 rw-p 00000000 00:00 0 
b2b00000-b2bee000 rw-p 00000000 00:00 0 
b2bee000-b2c00000 ---p 00000000 00:00 0 
b2c53000-b2cb0000 rw-p 00000000 00:00 0 
b2cb0000-b2da7000 r-xp 00000000 08:01 1835662    /lib/i386-linux-gnu/libglib-2.0.so.0.3200.4
b2da7000-b2da8000 r--p 000f6000 08:01 1835662    /lib/i386-linux-gnu/libglib-2.0.so.0.3200.4
b2da8000-b2da9000 rw-p 000f7000 08:01 1835662    /lib/i386-linux-gnu/libglib-2.0.so.0.3200.4
b2da9000-b2efc000 r-xp 00000000 08:01 5377272    /usr/lib/i386-linux-gnu/libgio-2.0.so.0.3200.4
b2efc000-b2efe000 r--p 00153000 08:01 5377272    /usr/lib/i386-linux-gnu/libgio-2.0.so.0.3200.4
b2efe000-b2eff000 rw-p 00155000 08:01 5377272    /usr/lib/i386-linux-gnu/libgio-2.0.so.0.3200.4
b2eff000-b2f00000 rw-p 00000000 00:00 0 
b2f00000-b2ffc000 rw-p 00000000 00:00 0 
b2ffc000-b3000000 ---p 00000000 00:00 0 
b305c000-b305e000 r-xp 00000000 08:01 5946696    /home/miguelciencias/Documentos/Geometría Computacional/practica03/src/lib/libmake_monotone.so
b305e000-b305f000 r--p 00001000 08:01 5946696    /home/miguelciencias/Documentos/Geometría Computacional/practica03/src/lib/libmake_monotone.so
b305f000-b3060000 rw-p 00002000 08:01 5946696    /home/miguelciencias/Documentos/Geometría Computacional/practica03/src/lib/libmake_monotone.so
b3060000-b3062000 r-xp 00000000 08:01 5946672    /home/miguelciencias/Documentos/Geometría Computacional/practica03/src/lib/libexample.so
b3062000-b3063000 r--p 00001000 08:01 5946672    /home/miguelciencias/Documentos/Geometría Computacional/practica03/src/lib/libexample.so
b3063000-b3064000 rw-p 00002000 08:01 5946672    /home/miguelciencias/Documentos/Geometría Computacional/practica03/src/lib/libexample.so
b3064000-b3065000 r-xp 00000000 08:01 5946671    /home/miguelciencias/Documentos/Geometría Computacional/practica03/src/lib/libdcel.so
b3065000-b3066000 r--p 00000000 08:01 5946671    /home/miguelciencias/Documentos/Geometría Computacional/practica03/src/lib/libdcel.so
b3066000-b3067000 rw-p 00001000 08:01 5946671    /home/miguelciencias/Documentos/Geometría Computacional/practica03/src/lib/libdcel.so
b3067000-b306a000 r-xp 00000000 08:01 5946670    /home/miguelciencias/Documentos/Geometría Computacional/practica03/src/lib/librb_tree.so
b306a000-b306b000 r--p 00002000 08:01 5946670    /home/miguelciencias/Documentos/Geometría Computacional/practica03/src/lib/librb_tree.so
b306b000-b306c000 rw-p 00003000 08:01 5946670    /home/miguelciencias/Documentos/Geometría Computacional/practica03/src/lib/librb_tree.so
b306c000-b306f000 ---p 00000000 00:00 0 
b306f000-b307b000 rw-p 00000000 00:00 0 
b307b000-b30a0000 r--p 00000000 08:01 6427505    /usr/share/locale-langpack/es/LC_MESSAGES/libc.mo
b30a0000-b30b0000 r-xp 00000000 08:01 5925786    /home/miguelciencias/.rbenv/versions/jruby-1.7.10/lib/jni/i386-Linux/libjffi-1.2.so
b30b0000-b30b1000 rw-p 0000f000 08:01 5925786    /home/miguelciencias/.rbenv/versions/jruby-1.7.10/lib/jni/i386-Linux/libjffi-1.2.so
b30b1000-b30fe000 r-xp 00000000 08:01 5377269    /usr/lib/i386-linux-gnu/libgobject-2.0.so.0.3200.4
b30fe000-b30ff000 r--p 0004c000 08:01 5377269    /usr/lib/i386-linux-gnu/libgobject-2.0.so.0.3200.4
b30ff000-b3100000 rw-p 0004d000 08:01 5377269    /usr/lib/i386-linux-gnu/libgobject-2.0.so.0.3200.4
b3100000-b31ff000 rw-p 00000000 00:00 0 
b31ff000-b3200000 ---p 00000000 00:00 0 
b3200000-b3201000 r-xp 00000000 08:01 5924468    /home/miguelciencias/Documentos/Geometría Computacional/practica03/src/lib/libface.so
b3201000-b3202000 r--p 00000000 08:01 5924468    /home/miguelciencias/Documentos/Geometría Computacional/practica03/src/lib/libface.so
b3202000-b3203000 rw-p 00001000 08:01 5924468    /home/miguelciencias/Documentos/Geometría Computacional/practica03/src/lib/libface.so
b3203000-b3205000 r-xp 00000000 08:01 5924462    /home/miguelciencias/Documentos/Geometría Computacional/practica03/src/lib/libdouble_linked_list.so
b3205000-b3206000 r--p 00001000 08:01 5924462    /home/miguelciencias/Documentos/Geometría Computacional/practica03/src/lib/libdouble_linked_list.so
b3206000-b3207000 rw-p 00002000 08:01 5924462    /home/miguelciencias/Documentos/Geometría Computacional/practica03/src/lib/libdouble_linked_list.so
b3207000-b320e000 r--s 00000000 08:01 5431817    /usr/lib/i386-linux-gnu/gconv/gconv-modules.cache
b320e000-b3248000 r-xp 00000000 08:01 1836008    /lib/i386-linux-gnu/libpcre.so.3.12.1
b3248000-b3249000 r--p 00039000 08:01 1836008    /lib/i386-linux-gnu/libpcre.so.3.12.1
b3249000-b324a000 rw-p 0003a000 08:01 1836008    /lib/i386-linux-gnu/libpcre.so.3.12.1
b324a000-b324b000 ---p 00000000 00:00 0 
b324b000-b32cb000 rw-p 00000000 00:00 0 
b32cb000-b32ce000 ---p 00000000 00:00 0 
b32ce000-b34cc000 rw-p 00000000 00:00 0 
b34cc000-b34cf000 ---p 00000000 00:00 0 
b34cf000-b36cd000 rw-p 00000000 00:00 0 
b36cd000-b36ce000 r--p 0084e000 08:01 5381164    /usr/lib/locale/locale-archive
b36ce000-b37ff000 r--p 005e3000 08:01 5381164    /usr/lib/locale/locale-archive
b37ff000-b39ff000 r--p 00000000 08:01 5381164    /usr/lib/locale/locale-archive
b39ff000-b3a02000 ---p 00000000 00:00 0 
b3a02000-b3c00000 rw-p 00000000 00:00 0 
b3c00000-b3c4e000 rw-p 00000000 00:00 0 
b3c4e000-b3d00000 ---p 00000000 00:00 0 
b3d00000-b3d01000 r-xp 00000000 08:01 5924465    /home/miguelciencias/Documentos/Geometría Computacional/practica03/src/lib/libhalf_edge.so
b3d01000-b3d02000 r--p 00000000 08:01 5924465    /home/miguelciencias/Documentos/Geometría Computacional/practica03/src/lib/libhalf_edge.so
b3d02000-b3d03000 rw-p 00001000 08:01 5924465    /home/miguelciencias/Documentos/Geometría Computacional/practica03/src/lib/libhalf_edge.so
b3d03000-b3d08000 r-xp 00000000 08:01 5378709    /usr/lib/i386-linux-gnu/libffi.so.6.0.0
b3d08000-b3d09000 r--p 00004000 08:01 5378709    /usr/lib/i386-linux-gnu/libffi.so.6.0.0
b3d09000-b3d0a000 rw-p 00005000 08:01 5378709    /usr/lib/i386-linux-gnu/libffi.so.6.0.0
b3d0a000-b3d1d000 r-xp 00000000 08:01 1863685    /lib/i386-linux-gnu/libresolv-2.15.so
b3d1d000-b3d1e000 ---p 00013000 08:01 1863685    /lib/i386-linux-gnu/libresolv-2.15.so
b3d1e000-b3d1f000 r--p 00013000 08:01 1863685    /lib/i386-linux-gnu/libresolv-2.15.so
b3d1f000-b3d20000 rw-p 00014000 08:01 1863685    /lib/i386-linux-gnu/libresolv-2.15.so
b3d20000-b3d22000 rw-p 00000000 00:00 0 
b3d22000-b3d3f000 r-xp 00000000 08:01 1836023    /lib/i386-linux-gnu/libselinux.so.1
b3d3f000-b3d40000 r--p 0001c000 08:01 1836023    /lib/i386-linux-gnu/libselinux.so.1
b3d40000-b3d41000 rw-p 0001d000 08:01 1836023    /lib/i386-linux-gnu/libselinux.so.1
b3d41000-b3d44000 r-xp 00000000 08:01 5378887    /usr/lib/i386-linux-gnu/libgmodule-2.0.so.0.3200.4
b3d44000-b3d45000 r--p 00002000 08:01 5378887    /usr/lib/i386-linux-gnu/libgmodule-2.0.so.0.3200.4
b3d45000-b3d46000 rw-p 00003000 08:01 5378887    /usr/lib/i386-linux-gnu/libgmodule-2.0.so.0.3200.4
b3d46000-b3d48000 rw-p 00000000 00:00 0 
b3d48000-b3d49000 r-xp 00000000 08:01 5924464    /home/miguelciencias/Documentos/Geometría Computacional/practica03/src/lib/lib2d_points.so
b3d49000-b3d4a000 r--p 00000000 08:01 5924464    /home/miguelciencias/Documentos/Geometría Computacional/practica03/src/lib/lib2d_points.so
b3d4a000-b3d4b000 rw-p 00001000 08:01 5924464    /home/miguelciencias/Documentos/Geometría Computacional/practica03/src/lib/lib2d_points.so
b3d4b000-b3d5c000 r-xp 00000000 08:01 2491236    /usr/lib/jvm/java-7-openjdk-i386/jre/lib/i386/libnio.so
b3d5c000-b3d5d000 r--p 00010000 08:01 2491236    /usr/lib/jvm/java-7-openjdk-i386/jre/lib/i386/libnio.so
b3d5d000-b3d5e000 rw-p 00011000 08:01 2491236    /usr/lib/jvm/java-7-openjdk-i386/jre/lib/i386/libnio.so
b3d5e000-b3d74000 r-xp 00000000 08:01 2491237    /usr/lib/jvm/java-7-openjdk-i386/jre/lib/i386/libnet.so
b3d74000-b3d75000 r--p 00015000 08:01 2491237    /usr/lib/jvm/java-7-openjdk-i386/jre/lib/i386/libnet.so
b3d75000-b3d76000 rw-p 00016000 08:01 2491237    /usr/lib/jvm/java-7-openjdk-i386/jre/lib/i386/libnet.so
b3d76000-b3d7b000 r--s 0004c000 08:01 5640235    /usr/lib/jvm/java-7-openjdk-common/jre/lib/jsse.jar
b3d7b000-b3d7e000 r--s 0003c000 08:01 6295954    /usr/lib/jvm/java-7-openjdk-common/jre/lib/ext/sunpkcs11.jar
b3d7e000-b3d81000 ---p 00000000 00:00 0 
b3d81000-b3dff000 rw-p 00000000 00:00 0 
b3dff000-b3e02000 ---p 00000000 00:00 0 
b3e02000-b4000000 rw-p 00000000 00:00 0 
b4000000-b40fb000 rw-p 00000000 00:00 0 
b40fb000-b4100000 ---p 00000000 00:00 0 
b4100000-b4101000 rw-p 00000000 00:00 0 
b4101000-b4105000 r--s 00085000 08:01 6295956    /usr/lib/jvm/java-7-openjdk-common/jre/lib/ext/localedata.jar
b4105000-b4108000 r--s 0000f000 08:01 6295935    /usr/lib/jvm/java-7-openjdk-common/jre/lib/ext/pulse-java.jar
b4108000-b410a000 r--s 00012000 08:01 6295960    /usr/lib/jvm/java-7-openjdk-common/jre/lib/ext/zipfs.jar
b410a000-b410b000 ---p 00000000 00:00 0 
b410b000-b41b4000 rw-p 00000000 00:00 0 
b41b4000-b429d000 r--s 00bb9000 08:01 5925776    /home/miguelciencias/.rbenv/versions/jruby-1.7.10/lib/jruby.jar
b429d000-b42e5000 rw-p 00000000 00:00 0 
b42e5000-b4492000 r--s 01cec000 08:01 2366161    /usr/lib/jvm/java-7-openjdk-i386/jre/lib/rt.jar
b4492000-b4499000 rw-p 00000000 00:00 0 
b4499000-b44b3000 rw-p 00000000 00:00 0 
b44b3000-b44b9000 rw-p 00000000 00:00 0 
b44b9000-b455a000 rw-p 00000000 00:00 0 
b455a000-b455d000 rw-p 00000000 00:00 0 
b455d000-b45ad000 rw-p 00000000 00:00 0 
b45ad000-b45b3000 rw-p 00000000 00:00 0 
b45b3000-b4654000 rw-p 00000000 00:00 0 
b4654000-b465b000 rw-p 00000000 00:00 0 
b465b000-b4674000 rw-p 00000000 00:00 0 
b4674000-b468a000 rw-p 00000000 00:00 0 
b468a000-b4700000 rw-p 00000000 00:00 0 
b4700000-b4970000 rwxp 00000000 00:00 0 
b4970000-b67ff000 rw-p 00000000 00:00 0 
b67ff000-b6800000 ---p 00000000 00:00 0 
b6800000-b6801000 r-xp 00000000 00:00 0 
b6801000-b6802000 r--s 00002000 08:01 6295929    /usr/lib/jvm/java-7-openjdk-common/jre/lib/ext/dnsns.jar
b6802000-b6805000 r--s 00032000 08:01 6295931    /usr/lib/jvm/java-7-openjdk-common/jre/lib/ext/sunjce_provider.jar
b6805000-b680e000 r--s 000bc000 08:01 5640262    /usr/lib/jvm/java-7-openjdk-common/jre/lib/resources.jar
b680e000-b6819000 r-xp 00000000 08:01 1863696    /lib/i386-linux-gnu/libnss_files-2.15.so
b6819000-b681a000 r--p 0000a000 08:01 1863696    /lib/i386-linux-gnu/libnss_files-2.15.so
b681a000-b681b000 rw-p 0000b000 08:01 1863696    /lib/i386-linux-gnu/libnss_files-2.15.so
b681b000-b6825000 r-xp 00000000 08:01 1863695    /lib/i386-linux-gnu/libnss_nis-2.15.so
b6825000-b6826000 r--p 00009000 08:01 1863695    /lib/i386-linux-gnu/libnss_nis-2.15.so
b6826000-b6827000 rw-p 0000a000 08:01 1863695    /lib/i386-linux-gnu/libnss_nis-2.15.so
b6827000-b683d000 r-xp 00000000 08:01 1863682    /lib/i386-linux-gnu/libnsl-2.15.so
b683d000-b683e000 r--p 00015000 08:01 1863682    /lib/i386-linux-gnu/libnsl-2.15.so
b683e000-b683f000 rw-p 00016000 08:01 1863682    /lib/i386-linux-gnu/libnsl-2.15.so
b683f000-b6841000 rw-p 00000000 00:00 0 
b6841000-b6848000 r-xp 00000000 08:01 1863697    /lib/i386-linux-gnu/libnss_compat-2.15.so
b6848000-b6849000 r--p 00006000 08:01 1863697    /lib/i386-linux-gnu/libnss_compat-2.15.so
b6849000-b684a000 rw-p 00007000 08:01 1863697    /lib/i386-linux-gnu/libnss_compat-2.15.so
b684a000-b684b000 r--s 00007000 08:01 5644055    /usr/share/java/java-atk-wrapper.jar
b684b000-b6858000 rw-p 00000000 00:00 0 
b6858000-b6860000 r-xp 00000000 08:01 2491253    /usr/lib/jvm/java-7-openjdk-i386/jre/lib/i386/libzip.so
b6860000-b6861000 r--p 00007000 08:01 2491253    /usr/lib/jvm/java-7-openjdk-i386/jre/lib/i386/libzip.so
b6861000-b6862000 rw-p 00008000 08:01 2491253    /usr/lib/jvm/java-7-openjdk-i386/jre/lib/i386/libzip.so
b6862000-b6889000 r-xp 00000000 08:01 2491226    /usr/lib/jvm/java-7-openjdk-i386/jre/lib/i386/libjava.so
b6889000-b688a000 r--p 00026000 08:01 2491226    /usr/lib/jvm/java-7-openjdk-i386/jre/lib/i386/libjava.so
b688a000-b688b000 rw-p 00027000 08:01 2491226    /usr/lib/jvm/java-7-openjdk-i386/jre/lib/i386/libjava.so
b688b000-b6892000 r-xp 00000000 08:01 1863690    /lib/i386-linux-gnu/librt-2.15.so
b6892000-b6893000 r--p 00006000 08:01 1863690    /lib/i386-linux-gnu/librt-2.15.so
b6893000-b6894000 rw-p 00007000 08:01 1863690    /lib/i386-linux-gnu/librt-2.15.so
b6894000-b6897000 ---p 00000000 00:00 0 
b6897000-b6a95000 rw-p 00000000 00:00 0 
b6a95000-b6ab1000 r-xp 00000000 08:01 1835956    /lib/i386-linux-gnu/libgcc_s.so.1
b6ab1000-b6ab2000 r--p 0001b000 08:01 1835956    /lib/i386-linux-gnu/libgcc_s.so.1
b6ab2000-b6ab3000 rw-p 0001c000 08:01 1835956    /lib/i386-linux-gnu/libgcc_s.so.1
b6ab3000-b6add000 r-xp 00000000 08:01 1863694    /lib/i386-linux-gnu/libm-2.15.so
b6add000-b6ade000 r--p 00029000 08:01 1863694    /lib/i386-linux-gnu/libm-2.15.so
b6ade000-b6adf000 rw-p 0002a000 08:01 1863694    /lib/i386-linux-gnu/libm-2.15.so
b6adf000-b6bb7000 r-xp 00000000 08:01 5379051    /usr/lib/i386-linux-gnu/libstdc++.so.6.0.16
b6bb7000-b6bb8000 ---p 000d8000 08:01 5379051    /usr/lib/i386-linux-gnu/libstdc++.so.6.0.16
b6bb8000-b6bbc000 r--p 000d8000 08:01 5379051    /usr/lib/i386-linux-gnu/libstdc++.so.6.0.16
b6bbc000-b6bbd000 rw-p 000dc000 08:01 5379051    /usr/lib/i386-linux-gnu/libstdc++.so.6.0.16
b6bbd000-b6bc4000 rw-p 00000000 00:00 0 
b6bc4000-b7178000 r-xp 00000000 08:01 2491249    /usr/lib/jvm/java-7-openjdk-i386/jre/lib/i386/client/libjvm.so
b7178000-b718f000 r--p 005b3000 08:01 2491249    /usr/lib/jvm/java-7-openjdk-i386/jre/lib/i386/client/libjvm.so
b718f000-b719e000 rw-p 005ca000 08:01 2491249    /usr/lib/jvm/java-7-openjdk-i386/jre/lib/i386/client/libjvm.so
b719e000-b75b9000 rw-p 00000000 00:00 0 
b75b9000-b75cd000 r-xp 00000000 08:01 1836046    /lib/i386-linux-gnu/libz.so.1.2.3.4
b75cd000-b75ce000 r--p 00013000 08:01 1836046    /lib/i386-linux-gnu/libz.so.1.2.3.4
b75ce000-b75cf000 rw-p 00014000 08:01 1836046    /lib/i386-linux-gnu/libz.so.1.2.3.4
b75cf000-b75e6000 r-xp 00000000 08:01 1863688    /lib/i386-linux-gnu/libpthread-2.15.so
b75e6000-b75e7000 r--p 00016000 08:01 1863688    /lib/i386-linux-gnu/libpthread-2.15.so
b75e7000-b75e8000 rw-p 00017000 08:01 1863688    /lib/i386-linux-gnu/libpthread-2.15.so
b75e8000-b75ea000 rw-p 00000000 00:00 0 
b75ea000-b75ed000 r-xp 00000000 08:01 1863698    /lib/i386-linux-gnu/libdl-2.15.so
b75ed000-b75ee000 r--p 00002000 08:01 1863698    /lib/i386-linux-gnu/libdl-2.15.so
b75ee000-b75ef000 rw-p 00003000 08:01 1863698    /lib/i386-linux-gnu/libdl-2.15.so
b75ef000-b7793000 r-xp 00000000 08:01 1863699    /lib/i386-linux-gnu/libc-2.15.so
b7793000-b7795000 r--p 001a4000 08:01 1863699    /lib/i386-linux-gnu/libc-2.15.so
b7795000-b7796000 rw-p 001a6000 08:01 1863699    /lib/i386-linux-gnu/libc-2.15.so
b7796000-b779a000 rw-p 00000000 00:00 0 
b779a000-b77a2000 rw-s 00000000 08:01 4719381    /tmp/hsperfdata_miguelciencias/10571
b77a2000-b77a3000 rw-p 00000000 00:00 0 
b77a3000-b77a4000 r--p 00000000 00:00 0 
b77a4000-b77b0000 r-xp 00000000 08:01 2491239    /usr/lib/jvm/java-7-openjdk-i386/jre/lib/i386/libverify.so
b77b0000-b77b1000 r--p 0000b000 08:01 2491239    /usr/lib/jvm/java-7-openjdk-i386/jre/lib/i386/libverify.so
b77b1000-b77b2000 rw-p 0000c000 08:01 2491239    /usr/lib/jvm/java-7-openjdk-i386/jre/lib/i386/libverify.so
b77b2000-b77bf000 r-xp 00000000 08:01 2491227    /usr/lib/jvm/java-7-openjdk-i386/jre/lib/i386/jli/libjli.so
b77bf000-b77c0000 r--p 0000c000 08:01 2491227    /usr/lib/jvm/java-7-openjdk-i386/jre/lib/i386/jli/libjli.so
b77c0000-b77c1000 rw-p 0000d000 08:01 2491227    /usr/lib/jvm/java-7-openjdk-i386/jre/lib/i386/jli/libjli.so
b77c1000-b77c3000 rw-p 00000000 00:00 0 
b77c3000-b77c4000 r-xp 00000000 00:00 0          [vdso]
b77c4000-b77e4000 r-xp 00000000 08:01 1863689    /lib/i386-linux-gnu/ld-2.15.so
b77e4000-b77e5000 r--p 0001f000 08:01 1863689    /lib/i386-linux-gnu/ld-2.15.so
b77e5000-b77e6000 rw-p 00020000 08:01 1863689    /lib/i386-linux-gnu/ld-2.15.so
bfd51000-bfd72000 rw-p 00000000 00:00 0          [stack]

VM Arguments:
jvm_args: -Djdk.home= -Djruby.home=/home/miguelciencias/.rbenv/versions/jruby-1.7.10 -Djruby.script=jruby -Djruby.shell=/bin/sh -Djffi.boot.library.path=/home/miguelciencias/.rbenv/versions/jruby-1.7.10/lib/jni:/home/miguelciencias/.rbenv/versions/jruby-1.7.10/lib/jni/x86_64-Linux:/home/miguelciencias/.rbenv/versions/jruby-1.7.10/lib/jni/arm-Linux:/home/miguelciencias/.rbenv/versions/jruby-1.7.10/lib/jni/i386-Linux -Xmx500m -Xss2048k -Xbootclasspath/a:/home/miguelciencias/.rbenv/versions/jruby-1.7.10/lib/jruby.jar 
java_command: org/jruby/Main Makefile.rb compile_c compile test clean
Launcher Type: SUN_STANDARD

Environment Variables:
PATH=/home/miguelciencias/.rbenv/versions/jruby-1.7.10/bin:/home/miguelciencias/.rbenv/libexec:/home/miguelciencias/.rbenv/plugins/ruby-build/bin:/home/miguelciencias/.rbenv/shims:~/.rbenv/bin:/usr/lib/lightdm/lightdm:/usr/local/sbin:/usr/local/bin:/usr/sbin:/usr/bin:/sbin:/bin:/usr/games
SHELL=/bin/bash
DISPLAY=:0

Signal Handlers:
SIGSEGV: [libjvm.so+0x4a04f0], sa_mask[0]=0x7ffbfeff, sa_flags=0x10000004
SIGBUS: [libjvm.so+0x4a04f0], sa_mask[0]=0x7ffbfeff, sa_flags=0x10000004
SIGFPE: [libjvm.so+0x398f00], sa_mask[0]=0x7ffbfeff, sa_flags=0x10000004
SIGPIPE: [libjvm.so+0x398f00], sa_mask[0]=0x7ffbfeff, sa_flags=0x10000004
SIGXFSZ: [libjvm.so+0x398f00], sa_mask[0]=0x7ffbfeff, sa_flags=0x10000004
SIGILL: [libjvm.so+0x398f00], sa_mask[0]=0x7ffbfeff, sa_flags=0x10000004
SIGUSR1: SIG_DFL, sa_mask[0]=0x00000000, sa_flags=0x00000000
SIGUSR2: [libjvm.so+0x398d90], sa_mask[0]=0x00000000, sa_flags=0x10000004
SIGHUP: [libjvm.so+0x399410], sa_mask[0]=0x7ffbfeff, sa_flags=0x10000004
SIGINT: [libjvm.so+0x399410], sa_mask[0]=0x7ffbfeff, sa_flags=0x10000004
SIGTERM: [libjvm.so+0x399410], sa_mask[0]=0x7ffbfeff, sa_flags=0x10000004
SIGQUIT: [libjvm.so+0x399410], sa_mask[0]=0x7ffbfeff, sa_flags=0x10000004


---------------  S Y S T E M  ---------------

OS:Ubuntu 12.04 (precise)
uname:Linux 3.2.0-56-generic-pae #86-Ubuntu SMP Wed Oct 23 17:51:27 UTC 2013 i686
libc:glibc 2.15 NPTL 2.15 
rlimit: STACK 8192k, CORE 0k, NPROC 7818, NOFILE 4096, AS infinity
load average:0,65 0,72 0,54

/proc/meminfo:
MemTotal:        1015424 kB
MemFree:          104816 kB
Buffers:           60012 kB
Cached:           402424 kB
SwapCached:            4 kB
Active:           426860 kB
Inactive:         412440 kB
Active(anon):     257600 kB
Inactive(anon):   249868 kB
Active(file):     169260 kB
Inactive(file):   162572 kB
Unevictable:           0 kB
Mlocked:               0 kB
HighTotal:        125272 kB
HighFree:           1664 kB
LowTotal:         890152 kB
LowFree:          103152 kB
SwapTotal:       1037308 kB
SwapFree:        1037188 kB
Dirty:               452 kB
Writeback:             0 kB
AnonPages:        377136 kB
Mapped:           114984 kB
Shmem:            130604 kB
Slab:              49184 kB
SReclaimable:      33952 kB
SUnreclaim:        15232 kB
KernelStack:        2568 kB
PageTables:         6720 kB
NFS_Unstable:          0 kB
Bounce:                0 kB
WritebackTmp:          0 kB
CommitLimit:     1545020 kB
Committed_AS:    1936248 kB
VmallocTotal:     122880 kB
VmallocUsed:        9196 kB
VmallocChunk:     111540 kB
HardwareCorrupted:     0 kB
AnonHugePages:         0 kB
HugePages_Total:       0
HugePages_Free:        0
HugePages_Rsvd:        0
HugePages_Surp:        0
Hugepagesize:       2048 kB
DirectMap4k:       34808 kB
DirectMap2M:      878592 kB


CPU:total 2 (1 cores per cpu, 2 threads per core) family 6 model 28 stepping 2, cmov, cx8, fxsr, mmx, sse, sse2, sse3, ssse3, ht, tsc

/proc/cpuinfo:
processor	: 0
vendor_id	: GenuineIntel
cpu family	: 6
model		: 28
model name	: Intel(R) Atom(TM) CPU N270   @ 1.60GHz
stepping	: 2
microcode	: 0x212
cpu MHz		: 1333.000
cache size	: 512 KB
physical id	: 0
siblings	: 2
core id		: 0
cpu cores	: 1
apicid		: 0
initial apicid	: 0
fdiv_bug	: no
hlt_bug		: no
f00f_bug	: no
coma_bug	: no
fpu		: yes
fpu_exception	: yes
cpuid level	: 10
wp		: yes
flags		: fpu vme de pse tsc msr pae mce cx8 apic sep mtrr pge mca cmov pat clflush dts acpi mmx fxsr sse sse2 ss ht tm pbe nx constant_tsc arch_perfmon pebs bts aperfmperf pni dtes64 monitor ds_cpl est tm2 ssse3 xtpr pdcm movbe lahf_lm dtherm
bogomips	: 3191.85
clflush size	: 64
cache_alignment	: 64
address sizes	: 32 bits physical, 32 bits virtual
power management:

processor	: 1
vendor_id	: GenuineIntel
cpu family	: 6
model		: 28
model name	: Intel(R) Atom(TM) CPU N270   @ 1.60GHz
stepping	: 2
microcode	: 0x212
cpu MHz		: 1600.000
cache size	: 512 KB
physical id	: 0
siblings	: 2
core id		: 0
cpu cores	: 1
apicid		: 1
initial apicid	: 1
fdiv_bug	: no
hlt_bug		: no
f00f_bug	: no
coma_bug	: no
fpu		: yes
fpu_exception	: yes
cpuid level	: 10
wp		: yes
flags		: fpu vme de pse tsc msr pae mce cx8 apic sep mtrr pge mca cmov pat clflush dts acpi mmx fxsr sse sse2 ss ht tm pbe nx constant_tsc arch_perfmon pebs bts aperfmperf pni dtes64 monitor ds_cpl est tm2 ssse3 xtpr pdcm movbe lahf_lm dtherm
bogomips	: 3191.93
clflush size	: 64
cache_alignment	: 64
address sizes	: 32 bits physical, 32 bits virtual
power management:



Memory: 4k page, physical 1015424k(104816k free), swap 1037308k(1037188k free)

vm_info: OpenJDK Client VM (23.7-b01) for linux-x86 JRE (1.7.0_25-b30), built on Jul 15 2013 20:47:23 by "buildd" with gcc 4.6.3

time: Tue May  6 14:45:22 2014
elapsed time: 11 seconds

