#
# A fatal error has been detected by the Java Runtime Environment:
#
#  SIGSEGV (0xb) at pc=0xb2c613ab, pid=9038, tid=3063872320
#
# JRE version: 7.0_25-b30
# Java VM: OpenJDK Client VM (23.7-b01 mixed mode, sharing linux-x86 )
# Problematic frame:
# C  [libmake_monotone.so+0x13ab]  handle_split_vertex+0x8e
#
# Failed to write core dump. Core dumps have been disabled. To enable core dumping, try "ulimit -c unlimited" before starting Java again
#
# If you would like to submit a bug report, please include
# instructions on how to reproduce the bug and visit:
#   https://bugs.launchpad.net/ubuntu/+source/openjdk-7/
# The crash happened outside the Java Virtual Machine in native code.
# See problematic frame for where to report the bug.
#

---------------  T H R E A D  ---------------

Current thread (0xb6607000):  JavaThread "main" [_thread_in_native, id=9063, stack(0xb67ef000,0xb69f0000)]

siginfo:si_signo=SIGSEGV: si_errno=0, si_code=2 (SEGV_ACCERR), si_addr=0xb2c61325

Registers:
EAX=0xb2c6131d, EBX=0xb2c62ff4, ECX=0xb6600018, EDX=0xb2a0ed08
ESP=0xb69edfb0, EBP=0xb69edfe8, ESI=0xb69ee064, EDI=0xb2bd6470
EIP=0xb2c613ab, EFLAGS=0x00010282, CR2=0xb2c61325

Top of Stack: (sp=0xb69edfb0)
0xb69edfb0:   b2a0f058 b2c6131d b2a01768 b2a0f058
0xb69edfc0:   40220000 b2c62ff4 b69ee064 b2bd6470
0xb69edfd0:   b69ee018 b77336b0 b2a0eb78 b2c6131d
0xb69edfe0:   b2a0ed08 b2c62ff4 b69ee018 b2c60dea
0xb69edff0:   b2a0ed08 b2a0f058 b2a01768 7a4da390
0xb69ee000:   79d30238 b2bddf98 b2be4928 b2a0f058
0xb69ee010:   7a461858 b2ca85fc b69ee078 b2c9f23d
0xb69ee020:   b2a01768 b69ee05c b69ee068 00000000 

Instructions: (pc=0xb2c613ab)
0xb2c6138b:   45 f0 8b 55 08 89 50 08 8b 45 f4 89 44 24 04 8b
0xb2c6139b:   45 0c 89 04 24 e8 db f5 ff ff 8b 45 f4 8b 55 08
0xb2c613ab:   89 50 08 8d 83 13 e9 ff ff 89 04 24 e8 64 f6 ff
0xb2c613bb:   ff 83 c4 34 5b 5d c3 55 89 e5 53 83 ec 34 e8 09 

Register to memory mapping:

EAX=0xb2c6131d: handle_split_vertex+0 in lib/libmake_monotone.so at 0xb2c60000
EBX=0xb2c62ff4: <offset 0x2ff4> in lib/libmake_monotone.so at 0xb2c60000
ECX=0xb6600018 is an unknown value
EDX=0xb2a0ed08 is an unknown value
ESP=0xb69edfb0 is pointing into the stack for thread: 0xb6607000
EBP=0xb69edfe8 is pointing into the stack for thread: 0xb6607000
ESI=0xb69ee064 is pointing into the stack for thread: 0xb6607000
EDI=0xb2bd6470 is an unknown value


Stack: [0xb67ef000,0xb69f0000],  sp=0xb69edfb0,  free space=2043k
Native frames: (J=compiled Java code, j=interpreted, Vv=VM code, C=native code)
C  [libmake_monotone.so+0x13ab]  handle_split_vertex+0x8e
C  [libmake_monotone.so+0xdea]  make_monotone+0xf2
C  [libjffi-1.2.so+0x723d]  Java_com_kenai_jffi_Foreign_invokeI1+0x2d
J  com.kenai.jffi.Invoker.invokeI1(Lcom/kenai/jffi/CallContext;JI)I
j  org.jruby.ext.ffi.jffi.JITNativeInvoker.call(Lorg/jruby/runtime/ThreadContext;Lorg/jruby/runtime/builtin/IRubyObject;Lorg/jruby/RubyModule;Ljava/lang/String;[Lorg/jruby/runtime/builtin/IRubyObject;)Lorg/jruby/runtime/builtin/IRubyObject;+92
j  org.jruby.ext.ffi.jffi.NativeInvoker.call(Lorg/jruby/runtime/ThreadContext;Lorg/jruby/runtime/builtin/IRubyObject;Lorg/jruby/RubyModule;Ljava/lang/String;[Lorg/jruby/runtime/builtin/IRubyObject;Lorg/jruby/runtime/Block;)Lorg/jruby/runtime/builtin/IRubyObject;+36
j  org.jruby.ext.ffi.jffi.DefaultMethod.call(Lorg/jruby/runtime/ThreadContext;Lorg/jruby/runtime/builtin/IRubyObject;Lorg/jruby/RubyModule;Ljava/lang/String;[Lorg/jruby/runtime/builtin/IRubyObject;Lorg/jruby/runtime/Block;)Lorg/jruby/runtime/builtin/IRubyObject;+13
j  org.jruby.internal.runtime.methods.DynamicMethod.call(Lorg/jruby/runtime/ThreadContext;Lorg/jruby/runtime/builtin/IRubyObject;Lorg/jruby/RubyModule;Ljava/lang/String;Lorg/jruby/runtime/builtin/IRubyObject;Lorg/jruby/runtime/Block;)Lorg/jruby/runtime/builtin/IRubyObject;+17
J  org.jruby.internal.runtime.methods.DynamicMethod.call(Lorg/jruby/runtime/ThreadContext;Lorg/jruby/runtime/builtin/IRubyObject;Lorg/jruby/RubyModule;Ljava/lang/String;Lorg/jruby/runtime/builtin/IRubyObject;)Lorg/jruby/runtime/builtin/IRubyObject;
J  org.jruby.runtime.callsite.CachingCallSite.call(Lorg/jruby/runtime/ThreadContext;Lorg/jruby/runtime/builtin/IRubyObject;Lorg/jruby/runtime/builtin/IRubyObject;Lorg/jruby/runtime/builtin/IRubyObject;)Lorg/jruby/runtime/builtin/IRubyObject;
j  org.jruby.internal.runtime.methods.DefaultMethod.call(Lorg/jruby/runtime/ThreadContext;Lorg/jruby/runtime/builtin/IRubyObject;Lorg/jruby/RubyModule;Ljava/lang/String;)Lorg/jruby/runtime/builtin/IRubyObject;+20
j  org.jruby.runtime.callsite.CachingCallSite.cacheAndCall(Lorg/jruby/runtime/builtin/IRubyObject;Lorg/jruby/RubyClass;Lorg/jruby/runtime/ThreadContext;Lorg/jruby/runtime/builtin/IRubyObject;)Lorg/jruby/runtime/builtin/IRubyObject;+53
J  org.jruby.runtime.callsite.CachingCallSite.call(Lorg/jruby/runtime/ThreadContext;Lorg/jruby/runtime/builtin/IRubyObject;Lorg/jruby/runtime/builtin/IRubyObject;)Lorg/jruby/runtime/builtin/IRubyObject;
J  org.jruby.ast.NewlineNode.interpret(Lorg/jruby/Ruby;Lorg/jruby/runtime/ThreadContext;Lorg/jruby/runtime/builtin/IRubyObject;Lorg/jruby/runtime/Block;)Lorg/jruby/runtime/builtin/IRubyObject;
j  org.jruby.internal.runtime.methods.DefaultMethod.call(Lorg/jruby/runtime/ThreadContext;Lorg/jruby/runtime/builtin/IRubyObject;Lorg/jruby/RubyModule;Ljava/lang/String;)Lorg/jruby/runtime/builtin/IRubyObject;+20
j  org.jruby.runtime.callsite.CachingCallSite.cacheAndCall(Lorg/jruby/runtime/builtin/IRubyObject;Lorg/jruby/RubyClass;Lorg/jruby/runtime/ThreadContext;Lorg/jruby/runtime/builtin/IRubyObject;)Lorg/jruby/runtime/builtin/IRubyObject;+53
J  org.jruby.runtime.callsite.CachingCallSite.call(Lorg/jruby/runtime/ThreadContext;Lorg/jruby/runtime/builtin/IRubyObject;Lorg/jruby/runtime/builtin/IRubyObject;)Lorg/jruby/runtime/builtin/IRubyObject;
j  Makefile$method__2$RUBY$test.call(Lorg/jruby/runtime/ThreadContext;Lorg/jruby/runtime/builtin/IRubyObject;Lorg/jruby/RubyModule;Ljava/lang/String;Lorg/jruby/runtime/Block;)Lorg/jruby/runtime/builtin/IRubyObject;+17
j  org.jruby.RubyClass.finvoke(Lorg/jruby/runtime/ThreadContext;Lorg/jruby/runtime/builtin/IRubyObject;Ljava/lang/String;Lorg/jruby/runtime/Block;)Lorg/jruby/runtime/builtin/IRubyObject;+41
j  org.jruby.RubyBasicObject.send19(Lorg/jruby/runtime/ThreadContext;Lorg/jruby/runtime/builtin/IRubyObject;Lorg/jruby/runtime/Block;)Lorg/jruby/runtime/builtin/IRubyObject;+15
j  org.jruby.RubyKernel.send19(Lorg/jruby/runtime/ThreadContext;Lorg/jruby/runtime/builtin/IRubyObject;Lorg/jruby/runtime/builtin/IRubyObject;Lorg/jruby/runtime/Block;)Lorg/jruby/runtime/builtin/IRubyObject;+7
j  org.jruby.RubyKernel$INVOKER$s$send19.call(Lorg/jruby/runtime/ThreadContext;Lorg/jruby/runtime/builtin/IRubyObject;Lorg/jruby/RubyModule;Ljava/lang/String;Lorg/jruby/runtime/builtin/IRubyObject;Lorg/jruby/runtime/Block;)Lorg/jruby/runtime/builtin/IRubyObject;+6
j  org.jruby.internal.runtime.methods.JavaMethod$JavaMethodOneOrNBlock.call(Lorg/jruby/runtime/ThreadContext;Lorg/jruby/runtime/builtin/IRubyObject;Lorg/jruby/RubyModule;Ljava/lang/String;Lorg/jruby/runtime/builtin/IRubyObject;)Lorg/jruby/runtime/builtin/IRubyObject;+11
J  org.jruby.runtime.callsite.CachingCallSite.call(Lorg/jruby/runtime/ThreadContext;Lorg/jruby/runtime/builtin/IRubyObject;Lorg/jruby/runtime/builtin/IRubyObject;Lorg/jruby/runtime/builtin/IRubyObject;)Lorg/jruby/runtime/builtin/IRubyObject;
j  Makefile$block_7$RUBY$__file__.call(Lorg/jruby/runtime/ThreadContext;Lorg/jruby/runtime/builtin/IRubyObject;[Lorg/jruby/runtime/builtin/IRubyObject;Lorg/jruby/runtime/Block;)Lorg/jruby/runtime/builtin/IRubyObject;+9
j  org.jruby.runtime.CompiledBlock19.yield(Lorg/jruby/runtime/ThreadContext;Lorg/jruby/runtime/builtin/IRubyObject;Lorg/jruby/runtime/Binding;Lorg/jruby/runtime/Block$Type;)Lorg/jruby/runtime/builtin/IRubyObject;+52
J  org.jruby.runtime.Block.yield(Lorg/jruby/runtime/ThreadContext;Lorg/jruby/runtime/builtin/IRubyObject;)Lorg/jruby/runtime/builtin/IRubyObject;
j  org.jruby.RubyArray.each(Lorg/jruby/runtime/ThreadContext;Lorg/jruby/runtime/Block;)Lorg/jruby/runtime/builtin/IRubyObject;+10
j  org.jruby.RubyArray$INVOKER$i$0$0$each.call(Lorg/jruby/runtime/ThreadContext;Lorg/jruby/runtime/builtin/IRubyObject;Lorg/jruby/RubyModule;Ljava/lang/String;Lorg/jruby/runtime/Block;)Lorg/jruby/runtime/builtin/IRubyObject;+7
j  org.jruby.runtime.callsite.CachingCallSite.cacheAndCall(Lorg/jruby/runtime/builtin/IRubyObject;Lorg/jruby/RubyClass;Lorg/jruby/runtime/Block;Lorg/jruby/runtime/ThreadContext;Lorg/jruby/runtime/builtin/IRubyObject;)Lorg/jruby/runtime/builtin/IRubyObject;+57
j  org.jruby.runtime.callsite.CachingCallSite.callBlock(Lorg/jruby/runtime/ThreadContext;Lorg/jruby/runtime/builtin/IRubyObject;Lorg/jruby/runtime/builtin/IRubyObject;Lorg/jruby/runtime/Block;)Lorg/jruby/runtime/builtin/IRubyObject;+50
j  org.jruby.runtime.callsite.CachingCallSite.callIter(Lorg/jruby/runtime/ThreadContext;Lorg/jruby/runtime/builtin/IRubyObject;Lorg/jruby/runtime/builtin/IRubyObject;Lorg/jruby/runtime/Block;)Lorg/jruby/runtime/builtin/IRubyObject;+6
j  Makefile.__file__(LMakefile;Lorg/jruby/runtime/ThreadContext;Lorg/jruby/runtime/builtin/IRubyObject;[Lorg/jruby/runtime/builtin/IRubyObject;Lorg/jruby/runtime/Block;)Lorg/jruby/runtime/builtin/IRubyObject;+941
j  Makefile.load(Lorg/jruby/runtime/ThreadContext;Lorg/jruby/runtime/builtin/IRubyObject;Z)Lorg/jruby/runtime/builtin/IRubyObject;+22
j  org.jruby.Ruby.runScript(Lorg/jruby/ast/executable/Script;Z)Lorg/jruby/runtime/builtin/IRubyObject;+12
j  org.jruby.Ruby.runScript(Lorg/jruby/ast/executable/Script;)Lorg/jruby/runtime/builtin/IRubyObject;+3
j  org.jruby.Ruby.runNormally(Lorg/jruby/ast/Node;)Lorg/jruby/runtime/builtin/IRubyObject;+73
j  org.jruby.Ruby.runFromMain(Ljava/io/InputStream;Ljava/lang/String;)V+320
j  org.jruby.Main.doRunFromMain(Lorg/jruby/Ruby;Ljava/io/InputStream;Ljava/lang/String;)Lorg/jruby/Main$Status;+12
j  org.jruby.Main.internalRun()Lorg/jruby/Main$Status;+234
j  org.jruby.Main.run([Ljava/lang/String;)Lorg/jruby/Main$Status;+9
j  org.jruby.Main.main([Ljava/lang/String;)V+35
v  ~StubRoutines::call_stub
V  [libjvm.so+0x281d9f]  JavaCalls::call_helper(JavaValue*, methodHandle*, JavaCallArguments*, Thread*)+0x57f

Java frames: (J=compiled Java code, j=interpreted, Vv=VM code)
J  com.kenai.jffi.Foreign.invokeI1(JJI)I
J  com.kenai.jffi.Invoker.invokeI1(Lcom/kenai/jffi/CallContext;JI)I
j  org.jruby.ext.ffi.jffi.NativeInvoker$ffi$3.call(Lorg/jruby/runtime/ThreadContext;Lorg/jruby/runtime/builtin/IRubyObject;Lorg/jruby/RubyModule;Ljava/lang/String;Lorg/jruby/runtime/builtin/IRubyObject;)Lorg/jruby/runtime/builtin/IRubyObject;+77
j  org.jruby.ext.ffi.jffi.JITNativeInvoker.call(Lorg/jruby/runtime/ThreadContext;Lorg/jruby/runtime/builtin/IRubyObject;Lorg/jruby/RubyModule;Ljava/lang/String;[Lorg/jruby/runtime/builtin/IRubyObject;)Lorg/jruby/runtime/builtin/IRubyObject;+92
j  org.jruby.ext.ffi.jffi.NativeInvoker.call(Lorg/jruby/runtime/ThreadContext;Lorg/jruby/runtime/builtin/IRubyObject;Lorg/jruby/RubyModule;Ljava/lang/String;[Lorg/jruby/runtime/builtin/IRubyObject;Lorg/jruby/runtime/Block;)Lorg/jruby/runtime/builtin/IRubyObject;+36
j  org.jruby.ext.ffi.jffi.DefaultMethod.call(Lorg/jruby/runtime/ThreadContext;Lorg/jruby/runtime/builtin/IRubyObject;Lorg/jruby/RubyModule;Ljava/lang/String;[Lorg/jruby/runtime/builtin/IRubyObject;Lorg/jruby/runtime/Block;)Lorg/jruby/runtime/builtin/IRubyObject;+13
j  org.jruby.internal.runtime.methods.DynamicMethod.call(Lorg/jruby/runtime/ThreadContext;Lorg/jruby/runtime/builtin/IRubyObject;Lorg/jruby/RubyModule;Ljava/lang/String;Lorg/jruby/runtime/builtin/IRubyObject;Lorg/jruby/runtime/Block;)Lorg/jruby/runtime/builtin/IRubyObject;+17
J  org.jruby.internal.runtime.methods.DynamicMethod.call(Lorg/jruby/runtime/ThreadContext;Lorg/jruby/runtime/builtin/IRubyObject;Lorg/jruby/RubyModule;Ljava/lang/String;Lorg/jruby/runtime/builtin/IRubyObject;)Lorg/jruby/runtime/builtin/IRubyObject;
j  org.jruby.runtime.callsite.CachingCallSite.cacheAndCall(Lorg/jruby/runtime/builtin/IRubyObject;Lorg/jruby/RubyClass;Lorg/jruby/runtime/ThreadContext;Lorg/jruby/runtime/builtin/IRubyObject;Lorg/jruby/runtime/builtin/IRubyObject;)Lorg/jruby/runtime/builtin/IRubyObject;+57
J  org.jruby.runtime.callsite.CachingCallSite.call(Lorg/jruby/runtime/ThreadContext;Lorg/jruby/runtime/builtin/IRubyObject;Lorg/jruby/runtime/builtin/IRubyObject;Lorg/jruby/runtime/builtin/IRubyObject;)Lorg/jruby/runtime/builtin/IRubyObject;
J  org.jruby.ast.CallOneArgNode.interpret(Lorg/jruby/Ruby;Lorg/jruby/runtime/ThreadContext;Lorg/jruby/runtime/builtin/IRubyObject;Lorg/jruby/runtime/Block;)Lorg/jruby/runtime/builtin/IRubyObject;
J  org.jruby.ast.NewlineNode.interpret(Lorg/jruby/Ruby;Lorg/jruby/runtime/ThreadContext;Lorg/jruby/runtime/builtin/IRubyObject;Lorg/jruby/runtime/Block;)Lorg/jruby/runtime/builtin/IRubyObject;
J  org.jruby.ast.BlockNode.interpret(Lorg/jruby/Ruby;Lorg/jruby/runtime/ThreadContext;Lorg/jruby/runtime/builtin/IRubyObject;Lorg/jruby/runtime/Block;)Lorg/jruby/runtime/builtin/IRubyObject;
J  org.jruby.evaluator.ASTInterpreter.INTERPRET_METHOD(Lorg/jruby/Ruby;Lorg/jruby/runtime/ThreadContext;Ljava/lang/String;ILorg/jruby/RubyModule;Lorg/jruby/ast/Node;Ljava/lang/String;Lorg/jruby/runtime/builtin/IRubyObject;Lorg/jruby/runtime/Block;Z)Lorg/jruby/runtime/builtin/IRubyObject;
j  org.jruby.internal.runtime.methods.InterpretedMethod.call(Lorg/jruby/runtime/ThreadContext;Lorg/jruby/runtime/builtin/IRubyObject;Lorg/jruby/RubyModule;Ljava/lang/String;)Lorg/jruby/runtime/builtin/IRubyObject;+80
j  org.jruby.internal.runtime.methods.DefaultMethod.call(Lorg/jruby/runtime/ThreadContext;Lorg/jruby/runtime/builtin/IRubyObject;Lorg/jruby/RubyModule;Ljava/lang/String;)Lorg/jruby/runtime/builtin/IRubyObject;+20
j  org.jruby.runtime.callsite.CachingCallSite.cacheAndCall(Lorg/jruby/runtime/builtin/IRubyObject;Lorg/jruby/RubyClass;Lorg/jruby/runtime/ThreadContext;Lorg/jruby/runtime/builtin/IRubyObject;)Lorg/jruby/runtime/builtin/IRubyObject;+53
J  org.jruby.runtime.callsite.CachingCallSite.call(Lorg/jruby/runtime/ThreadContext;Lorg/jruby/runtime/builtin/IRubyObject;Lorg/jruby/runtime/builtin/IRubyObject;)Lorg/jruby/runtime/builtin/IRubyObject;
J  org.jruby.ast.CallNoArgNode.interpret(Lorg/jruby/Ruby;Lorg/jruby/runtime/ThreadContext;Lorg/jruby/runtime/builtin/IRubyObject;Lorg/jruby/runtime/Block;)Lorg/jruby/runtime/builtin/IRubyObject;
j  org.jruby.ast.FCallTwoArgNode.interpret(Lorg/jruby/Ruby;Lorg/jruby/runtime/ThreadContext;Lorg/jruby/runtime/builtin/IRubyObject;Lorg/jruby/runtime/Block;)Lorg/jruby/runtime/builtin/IRubyObject;+28
J  org.jruby.ast.NewlineNode.interpret(Lorg/jruby/Ruby;Lorg/jruby/runtime/ThreadContext;Lorg/jruby/runtime/builtin/IRubyObject;Lorg/jruby/runtime/Block;)Lorg/jruby/runtime/builtin/IRubyObject;
J  org.jruby.ast.BlockNode.interpret(Lorg/jruby/Ruby;Lorg/jruby/runtime/ThreadContext;Lorg/jruby/runtime/builtin/IRubyObject;Lorg/jruby/runtime/Block;)Lorg/jruby/runtime/builtin/IRubyObject;
J  org.jruby.evaluator.ASTInterpreter.INTERPRET_METHOD(Lorg/jruby/Ruby;Lorg/jruby/runtime/ThreadContext;Ljava/lang/String;ILorg/jruby/RubyModule;Lorg/jruby/ast/Node;Ljava/lang/String;Lorg/jruby/runtime/builtin/IRubyObject;Lorg/jruby/runtime/Block;Z)Lorg/jruby/runtime/builtin/IRubyObject;
j  org.jruby.internal.runtime.methods.InterpretedMethod.call(Lorg/jruby/runtime/ThreadContext;Lorg/jruby/runtime/builtin/IRubyObject;Lorg/jruby/RubyModule;Ljava/lang/String;)Lorg/jruby/runtime/builtin/IRubyObject;+80
j  org.jruby.internal.runtime.methods.DefaultMethod.call(Lorg/jruby/runtime/ThreadContext;Lorg/jruby/runtime/builtin/IRubyObject;Lorg/jruby/RubyModule;Ljava/lang/String;)Lorg/jruby/runtime/builtin/IRubyObject;+20
j  org.jruby.runtime.callsite.CachingCallSite.cacheAndCall(Lorg/jruby/runtime/builtin/IRubyObject;Lorg/jruby/RubyClass;Lorg/jruby/runtime/ThreadContext;Lorg/jruby/runtime/builtin/IRubyObject;)Lorg/jruby/runtime/builtin/IRubyObject;+53
J  org.jruby.runtime.callsite.CachingCallSite.call(Lorg/jruby/runtime/ThreadContext;Lorg/jruby/runtime/builtin/IRubyObject;Lorg/jruby/runtime/builtin/IRubyObject;)Lorg/jruby/runtime/builtin/IRubyObject;
j  Makefile.method__2$RUBY$test(LMakefile;Lorg/jruby/runtime/ThreadContext;Lorg/jruby/runtime/builtin/IRubyObject;Lorg/jruby/runtime/Block;)Lorg/jruby/runtime/builtin/IRubyObject;+130
j  Makefile$method__2$RUBY$test.call(Lorg/jruby/runtime/ThreadContext;Lorg/jruby/runtime/builtin/IRubyObject;Lorg/jruby/RubyModule;Ljava/lang/String;Lorg/jruby/runtime/Block;)Lorg/jruby/runtime/builtin/IRubyObject;+17
j  org.jruby.RubyClass.finvoke(Lorg/jruby/runtime/ThreadContext;Lorg/jruby/runtime/builtin/IRubyObject;Ljava/lang/String;Lorg/jruby/runtime/Block;)Lorg/jruby/runtime/builtin/IRubyObject;+41
j  org.jruby.RubyBasicObject.send19(Lorg/jruby/runtime/ThreadContext;Lorg/jruby/runtime/builtin/IRubyObject;Lorg/jruby/runtime/Block;)Lorg/jruby/runtime/builtin/IRubyObject;+15
j  org.jruby.RubyKernel.send19(Lorg/jruby/runtime/ThreadContext;Lorg/jruby/runtime/builtin/IRubyObject;Lorg/jruby/runtime/builtin/IRubyObject;Lorg/jruby/runtime/Block;)Lorg/jruby/runtime/builtin/IRubyObject;+7
j  org.jruby.RubyKernel$INVOKER$s$send19.call(Lorg/jruby/runtime/ThreadContext;Lorg/jruby/runtime/builtin/IRubyObject;Lorg/jruby/RubyModule;Ljava/lang/String;Lorg/jruby/runtime/builtin/IRubyObject;Lorg/jruby/runtime/Block;)Lorg/jruby/runtime/builtin/IRubyObject;+6
j  org.jruby.internal.runtime.methods.JavaMethod$JavaMethodOneOrNBlock.call(Lorg/jruby/runtime/ThreadContext;Lorg/jruby/runtime/builtin/IRubyObject;Lorg/jruby/RubyModule;Ljava/lang/String;Lorg/jruby/runtime/builtin/IRubyObject;)Lorg/jruby/runtime/builtin/IRubyObject;+11
J  org.jruby.runtime.callsite.CachingCallSite.call(Lorg/jruby/runtime/ThreadContext;Lorg/jruby/runtime/builtin/IRubyObject;Lorg/jruby/runtime/builtin/IRubyObject;Lorg/jruby/runtime/builtin/IRubyObject;)Lorg/jruby/runtime/builtin/IRubyObject;
j  Makefile.block_7$RUBY$__file__(LMakefile;Lorg/jruby/runtime/ThreadContext;Lorg/jruby/runtime/builtin/IRubyObject;[Lorg/jruby/runtime/builtin/IRubyObject;Lorg/jruby/runtime/Block;)Lorg/jruby/runtime/builtin/IRubyObject;+46
j  Makefile$block_7$RUBY$__file__.call(Lorg/jruby/runtime/ThreadContext;Lorg/jruby/runtime/builtin/IRubyObject;[Lorg/jruby/runtime/builtin/IRubyObject;Lorg/jruby/runtime/Block;)Lorg/jruby/runtime/builtin/IRubyObject;+9
j  org.jruby.runtime.CompiledBlock19.yield(Lorg/jruby/runtime/ThreadContext;Lorg/jruby/runtime/builtin/IRubyObject;Lorg/jruby/runtime/Binding;Lorg/jruby/runtime/Block$Type;)Lorg/jruby/runtime/builtin/IRubyObject;+52
J  org.jruby.runtime.Block.yield(Lorg/jruby/runtime/ThreadContext;Lorg/jruby/runtime/builtin/IRubyObject;)Lorg/jruby/runtime/builtin/IRubyObject;
j  org.jruby.RubyArray.eachCommon(Lorg/jruby/runtime/ThreadContext;Lorg/jruby/runtime/Block;)Lorg/jruby/runtime/builtin/IRubyObject;+41
j  org.jruby.RubyArray.each(Lorg/jruby/runtime/ThreadContext;Lorg/jruby/runtime/Block;)Lorg/jruby/runtime/builtin/IRubyObject;+10
j  org.jruby.RubyArray$INVOKER$i$0$0$each.call(Lorg/jruby/runtime/ThreadContext;Lorg/jruby/runtime/builtin/IRubyObject;Lorg/jruby/RubyModule;Ljava/lang/String;Lorg/jruby/runtime/Block;)Lorg/jruby/runtime/builtin/IRubyObject;+7
j  org.jruby.runtime.callsite.CachingCallSite.cacheAndCall(Lorg/jruby/runtime/builtin/IRubyObject;Lorg/jruby/RubyClass;Lorg/jruby/runtime/Block;Lorg/jruby/runtime/ThreadContext;Lorg/jruby/runtime/builtin/IRubyObject;)Lorg/jruby/runtime/builtin/IRubyObject;+57
j  org.jruby.runtime.callsite.CachingCallSite.callBlock(Lorg/jruby/runtime/ThreadContext;Lorg/jruby/runtime/builtin/IRubyObject;Lorg/jruby/runtime/builtin/IRubyObject;Lorg/jruby/runtime/Block;)Lorg/jruby/runtime/builtin/IRubyObject;+50
j  org.jruby.runtime.callsite.CachingCallSite.callIter(Lorg/jruby/runtime/ThreadContext;Lorg/jruby/runtime/builtin/IRubyObject;Lorg/jruby/runtime/builtin/IRubyObject;Lorg/jruby/runtime/Block;)Lorg/jruby/runtime/builtin/IRubyObject;+6
j  Makefile.__file__(LMakefile;Lorg/jruby/runtime/ThreadContext;Lorg/jruby/runtime/builtin/IRubyObject;[Lorg/jruby/runtime/builtin/IRubyObject;Lorg/jruby/runtime/Block;)Lorg/jruby/runtime/builtin/IRubyObject;+941
j  Makefile.load(Lorg/jruby/runtime/ThreadContext;Lorg/jruby/runtime/builtin/IRubyObject;Z)Lorg/jruby/runtime/builtin/IRubyObject;+22
j  org.jruby.Ruby.runScript(Lorg/jruby/ast/executable/Script;Z)Lorg/jruby/runtime/builtin/IRubyObject;+12
j  org.jruby.Ruby.runScript(Lorg/jruby/ast/executable/Script;)Lorg/jruby/runtime/builtin/IRubyObject;+3
j  org.jruby.Ruby.runNormally(Lorg/jruby/ast/Node;)Lorg/jruby/runtime/builtin/IRubyObject;+73
j  org.jruby.Ruby.runFromMain(Ljava/io/InputStream;Ljava/lang/String;)V+320
j  org.jruby.Main.doRunFromMain(Lorg/jruby/Ruby;Ljava/io/InputStream;Ljava/lang/String;)Lorg/jruby/Main$Status;+12
j  org.jruby.Main.internalRun()Lorg/jruby/Main$Status;+234
j  org.jruby.Main.run([Ljava/lang/String;)Lorg/jruby/Main$Status;+9
j  org.jruby.Main.main([Ljava/lang/String;)V+35
v  ~StubRoutines::call_stub

---------------  P R O C E S S  ---------------

Java Threads: ( => current thread )
  0xb2bdb800 JavaThread "ReferenceReaper" daemon [_thread_blocked, id=9277, stack(0xb24fe000,0xb26ff000)]
  0xb2bcfc00 JavaThread "JRubyJIT-2" daemon [_thread_blocked, id=9276, stack(0xb20fc000,0xb22fd000)]
  0xb2b8d800 JavaThread "process reaper" daemon [_thread_blocked, id=9073, stack(0xb2c64000,0xb2c73000)]
  0xb2b89000 JavaThread "JRubyJIT-1" daemon [_thread_blocked, id=9071, stack(0xb26ff000,0xb2900000)]
  0xb664a000 JavaThread "Service Thread" daemon [_thread_blocked, id=9069, stack(0xb31cb000,0xb33cc000)]
  0xb6648000 JavaThread "C1 CompilerThread0" daemon [_thread_blocked, id=9068, stack(0xb3c7e000,0xb3cff000)]
  0xb6646400 JavaThread "Signal Dispatcher" daemon [_thread_blocked, id=9067, stack(0xb33cc000,0xb35cd000)]
  0xb6638000 JavaThread "Finalizer" daemon [_thread_blocked, id=9066, stack(0xb38ff000,0xb3b00000)]
  0xb6636800 JavaThread "Reference Handler" daemon [_thread_blocked, id=9065, stack(0xb3cff000,0xb3f00000)]
=>0xb6607000 JavaThread "main" [_thread_in_native, id=9063, stack(0xb67ef000,0xb69f0000)]

Other Threads:
  0xb6635000 VMThread [stack: 0xb4073000,0xb40f4000] [id=9064]
  0xb6654400 WatcherThread [stack: 0xb314a000,0xb31cb000] [id=9070]

VM state:not at safepoint (normal execution)

VM Mutex/Monitor currently owned by a thread: None

Heap
 def new generation   total 4736K, used 4309K [0x6f580000, 0x6faa0000, 0x79c20000)
  eden space 4224K,  97% used [0x6f580000, 0x6f9832b8, 0x6f9a0000)
  from space 512K,  39% used [0x6fa20000, 0x6fa524f0, 0x6faa0000)
  to   space 512K,   0% used [0x6f9a0000, 0x6f9a0000, 0x6fa20000)
 tenured generation   total 10624K, used 9278K [0x79c20000, 0x7a680000, 0x8e980000)
   the space 10624K,  87% used [0x79c20000, 0x7a52fb00, 0x7a52fc00, 0x7a680000)
 compacting perm gen  total 14080K, used 14002K [0x8e980000, 0x8f740000, 0x92980000)
   the space 14080K,  99% used [0x8e980000, 0x8f72c920, 0x8f72ca00, 0x8f740000)
    ro space 10240K,  60% used [0x92980000, 0x92f8c968, 0x92f8ca00, 0x93380000)
    rw space 12288K,  61% used [0x93380000, 0x93ae62d8, 0x93ae6400, 0x93f80000)

Card table byte_map: [0xb445a000,0xb4580000] byte_map_base: 0xb40df400

Polling page: 0xb76fe000

Code Cache  [0xb4600000, 0xb4868000, 0xb6600000)
 total_blobs=1611 nmethods=1353 adapters=191 free_code_cache=30326Kb largest_free_block=31054336

Compilation events (10 events):
Event: 13,239 Thread 0xb6648000 nmethod 1351 0xb4860808 code [0xb4860910, 0xb48609bc]
Event: 13,239 Thread 0xb6648000 1352             com.kenai.jffi.MemoryIO$UnsafeImpl::getDouble (8 bytes)
Event: 13,240 Thread 0xb6648000 nmethod 1352 0xb4860a48 code [0xb4860b40, 0xb4860be0]
Event: 13,240 Thread 0xb6648000 1354             org.jruby.Ruby::newFloat (6 bytes)
Event: 13,241 Thread 0xb6648000 nmethod 1354 0xb4860c48 code [0xb4860d40, 0xb4860e20]
Event: 13,241 Thread 0xb6648000 1355             org.jruby.runtime.Interpreted19Block::yieldSpecific (9 bytes)
Event: 13,241 Thread 0xb6648000 nmethod 1355 0xb4860e88 code [0xb4860f80, 0xb486102c]
Event: 13,241 Thread 0xb6648000 1356             org.jruby.ext.ffi.jffi.NativeInvoker$ffi$6::call (164 bytes)
Event: 13,247 Thread 0xb6648000 nmethod 1356 0xb4861088 code [0xb4861210, 0xb4861720]
Event: 13,247 Thread 0xb6648000 1357             org.jruby.RubyFloat::op_equal (95 bytes)

GC Heap History (10 events):
Event: 9,824 GC heap before
{Heap before GC invocations=6 (full 0):
 def new generation   total 4736K, used 4578K [0x6f580000, 0x6faa0000, 0x79c20000)
  eden space 4224K, 100% used [0x6f580000, 0x6f9a0000, 0x6f9a0000)
  from space 512K,  69% used [0x6f9a0000, 0x6f9f8b88, 0x6fa20000)
  to   space 512K,   0% used [0x6fa20000, 0x6fa20000, 0x6faa0000)
 tenured generation   total 10624K, used 6489K [0x79c20000, 0x7a680000, 0x8e980000)
   the space 10624K,  61% used [0x79c20000, 0x7a276458, 0x7a276600, 0x7a680000)
 compacting perm gen  total 12800K, used 12751K [0x8e980000, 0x8f600000, 0x92980000)
   the space 12800K,  99% used [0x8e980000, 0x8f5f3d68, 0x8f5f3e00, 0x8f600000)
    ro space 10240K,  60% used [0x92980000, 0x92f8c968, 0x92f8ca00, 0x93380000)
    rw space 12288K,  61% used [0x93380000, 0x93ae62d8, 0x93ae6400, 0x93f80000)
Event: 9,841 GC heap after
Heap after GC invocations=7 (full 0):
 def new generation   total 4736K, used 177K [0x6f580000, 0x6faa0000, 0x79c20000)
  eden space 4224K,   0% used [0x6f580000, 0x6f580000, 0x6f9a0000)
  from space 512K,  34% used [0x6fa20000, 0x6fa4c400, 0x6faa0000)
  to   space 512K,   0% used [0x6f9a0000, 0x6f9a0000, 0x6fa20000)
 tenured generation   total 10624K, used 6779K [0x79c20000, 0x7a680000, 0x8e980000)
   the space 10624K,  63% used [0x79c20000, 0x7a2becc0, 0x7a2bee00, 0x7a680000)
 compacting perm gen  total 12800K, used 12751K [0x8e980000, 0x8f600000, 0x92980000)
   the space 12800K,  99% used [0x8e980000, 0x8f5f3d68, 0x8f5f3e00, 0x8f600000)
    ro space 10240K,  60% used [0x92980000, 0x92f8c968, 0x92f8ca00, 0x93380000)
    rw space 12288K,  61% used [0x93380000, 0x93ae62d8, 0x93ae6400, 0x93f80000)
}
Event: 10,757 GC heap before
{Heap before GC invocations=7 (full 0):
 def new generation   total 4736K, used 4401K [0x6f580000, 0x6faa0000, 0x79c20000)
  eden space 4224K, 100% used [0x6f580000, 0x6f9a0000, 0x6f9a0000)
  from space 512K,  34% used [0x6fa20000, 0x6fa4c400, 0x6faa0000)
  to   space 512K,   0% used [0x6f9a0000, 0x6f9a0000, 0x6fa20000)
 tenured generation   total 10624K, used 6779K [0x79c20000, 0x7a680000, 0x8e980000)
   the space 10624K,  63% used [0x79c20000, 0x7a2becc0, 0x7a2bee00, 0x7a680000)
 compacting perm gen  total 13056K, used 12845K [0x8e980000, 0x8f640000, 0x92980000)
   the space 13056K,  98% used [0x8e980000, 0x8f60b610, 0x8f60b800, 0x8f640000)
    ro space 10240K,  60% used [0x92980000, 0x92f8c968, 0x92f8ca00, 0x93380000)
    rw space 12288K,  61% used [0x93380000, 0x93ae62d8, 0x93ae6400, 0x93f80000)
Event: 10,783 GC heap after
Heap after GC invocations=8 (full 0):
 def new generation   total 4736K, used 512K [0x6f580000, 0x6faa0000, 0x79c20000)
  eden space 4224K,   0% used [0x6f580000, 0x6f580000, 0x6f9a0000)
  from space 512K, 100% used [0x6f9a0000, 0x6fa20000, 0x6fa20000)
  to   space 512K,   0% used [0x6fa20000, 0x6fa20000, 0x6faa0000)
 tenured generation   total 10624K, used 7669K [0x79c20000, 0x7a680000, 0x8e980000)
   the space 10624K,  72% used [0x79c20000, 0x7a39d5d0, 0x7a39d600, 0x7a680000)
 compacting perm gen  total 13056K, used 12845K [0x8e980000, 0x8f640000, 0x92980000)
   the space 13056K,  98% used [0x8e980000, 0x8f60b610, 0x8f60b800, 0x8f640000)
    ro space 10240K,  60% used [0x92980000, 0x92f8c968, 0x92f8ca00, 0x93380000)
    rw space 12288K,  61% used [0x93380000, 0x93ae62d8, 0x93ae6400, 0x93f80000)
}
Event: 11,908 GC heap before
{Heap before GC invocations=8 (full 0):
 def new generation   total 4736K, used 4736K [0x6f580000, 0x6faa0000, 0x79c20000)
  eden space 4224K, 100% used [0x6f580000, 0x6f9a0000, 0x6f9a0000)
  from space 512K, 100% used [0x6f9a0000, 0x6fa20000, 0x6fa20000)
  to   space 512K,   0% used [0x6fa20000, 0x6fa20000, 0x6faa0000)
 tenured generation   total 10624K, used 7669K [0x79c20000, 0x7a680000, 0x8e980000)
   the space 10624K,  72% used [0x79c20000, 0x7a39d5d0, 0x7a39d600, 0x7a680000)
 compacting perm gen  total 13824K, used 13685K [0x8e980000, 0x8f700000, 0x92980000)
   the space 13824K,  99% used [0x8e980000, 0x8f6dd780, 0x8f6dd800, 0x8f700000)
    ro space 10240K,  60% used [0x92980000, 0x92f8c968, 0x92f8ca00, 0x93380000)
    rw space 12288K,  61% used [0x93380000, 0x93ae62d8, 0x93ae6400, 0x93f80000)
Event: 11,932 GC heap after
Heap after GC invocations=9 (full 0):
 def new generation   total 4736K, used 512K [0x6f580000, 0x6faa0000, 0x79c20000)
  eden space 4224K,   0% used [0x6f580000, 0x6f580000, 0x6f9a0000)
  from space 512K, 100% used [0x6fa20000, 0x6faa0000, 0x6faa0000)
  to   space 512K,   0% used [0x6f9a0000, 0x6f9a0000, 0x6fa20000)
 tenured generation   total 10624K, used 8361K [0x79c20000, 0x7a680000, 0x8e980000)
   the space 10624K,  78% used [0x79c20000, 0x7a44a5c8, 0x7a44a600, 0x7a680000)
 compacting perm gen  total 13824K, used 13685K [0x8e980000, 0x8f700000, 0x92980000)
   the space 13824K,  99% used [0x8e980000, 0x8f6dd780, 0x8f6dd800, 0x8f700000)
    ro space 10240K,  60% used [0x92980000, 0x92f8c968, 0x92f8ca00, 0x93380000)
    rw space 12288K,  61% used [0x93380000, 0x93ae62d8, 0x93ae6400, 0x93f80000)
}
Event: 12,413 GC heap before
{Heap before GC invocations=9 (full 0):
 def new generation   total 4736K, used 4736K [0x6f580000, 0x6faa0000, 0x79c20000)
  eden space 4224K, 100% used [0x6f580000, 0x6f9a0000, 0x6f9a0000)
  from space 512K, 100% used [0x6fa20000, 0x6faa0000, 0x6faa0000)
  to   space 512K,   0% used [0x6f9a0000, 0x6f9a0000, 0x6fa20000)
 tenured generation   total 10624K, used 8361K [0x79c20000, 0x7a680000, 0x8e980000)
   the space 10624K,  78% used [0x79c20000, 0x7a44a5c8, 0x7a44a600, 0x7a680000)
 compacting perm gen  total 14080K, used 13831K [0x8e980000, 0x8f740000, 0x92980000)
   the space 14080K,  98% used [0x8e980000, 0x8f701c98, 0x8f701e00, 0x8f740000)
    ro space 10240K,  60% used [0x92980000, 0x92f8c968, 0x92f8ca00, 0x93380000)
    rw space 12288K,  61% used [0x93380000, 0x93ae62d8, 0x93ae6400, 0x93f80000)
Event: 12,440 GC heap after
Heap after GC invocations=10 (full 0):
 def new generation   total 4736K, used 512K [0x6f580000, 0x6faa0000, 0x79c20000)
  eden space 4224K,   0% used [0x6f580000, 0x6f580000, 0x6f9a0000)
  from space 512K, 100% used [0x6f9a0000, 0x6fa20000, 0x6fa20000)
  to   space 512K,   0% used [0x6fa20000, 0x6fa20000, 0x6faa0000)
 tenured generation   total 10624K, used 8882K [0x79c20000, 0x7a680000, 0x8e980000)
   the space 10624K,  83% used [0x79c20000, 0x7a4cca28, 0x7a4ccc00, 0x7a680000)
 compacting perm gen  total 14080K, used 13831K [0x8e980000, 0x8f740000, 0x92980000)
   the space 14080K,  98% used [0x8e980000, 0x8f701c98, 0x8f701e00, 0x8f740000)
    ro space 10240K,  60% used [0x92980000, 0x92f8c968, 0x92f8ca00, 0x93380000)
    rw space 12288K,  61% used [0x93380000, 0x93ae62d8, 0x93ae6400, 0x93f80000)
}
Event: 12,964 GC heap before
{Heap before GC invocations=10 (full 0):
 def new generation   total 4736K, used 4736K [0x6f580000, 0x6faa0000, 0x79c20000)
  eden space 4224K, 100% used [0x6f580000, 0x6f9a0000, 0x6f9a0000)
  from space 512K, 100% used [0x6f9a0000, 0x6fa20000, 0x6fa20000)
  to   space 512K,   0% used [0x6fa20000, 0x6fa20000, 0x6faa0000)
 tenured generation   total 10624K, used 8882K [0x79c20000, 0x7a680000, 0x8e980000)
   the space 10624K,  83% used [0x79c20000, 0x7a4cca28, 0x7a4ccc00, 0x7a680000)
 compacting perm gen  total 14080K, used 14000K [0x8e980000, 0x8f740000, 0x92980000)
   the space 14080K,  99% used [0x8e980000, 0x8f72c118, 0x8f72c200, 0x8f740000)
    ro space 10240K,  60% used [0x92980000, 0x92f8c968, 0x92f8ca00, 0x93380000)
    rw space 12288K,  61% used [0x93380000, 0x93ae62d8, 0x93ae6400, 0x93f80000)
Event: 12,982 GC heap after
Heap after GC invocations=11 (full 0):
 def new generation   total 4736K, used 201K [0x6f580000, 0x6faa0000, 0x79c20000)
  eden space 4224K,   0% used [0x6f580000, 0x6f580000, 0x6f9a0000)
  from space 512K,  39% used [0x6fa20000, 0x6fa524f0, 0x6faa0000)
  to   space 512K,   0% used [0x6f9a0000, 0x6f9a0000, 0x6fa20000)
 tenured generation   total 10624K, used 9278K [0x79c20000, 0x7a680000, 0x8e980000)
   the space 10624K,  87% used [0x79c20000, 0x7a52fb00, 0x7a52fc00, 0x7a680000)
 compacting perm gen  total 14080K, used 14000K [0x8e980000, 0x8f740000, 0x92980000)
   the space 14080K,  99% used [0x8e980000, 0x8f72c118, 0x8f72c200, 0x8f740000)
    ro space 10240K,  60% used [0x92980000, 0x92f8c968, 0x92f8ca00, 0x93380000)
    rw space 12288K,  61% used [0x93380000, 0x93ae62d8, 0x93ae6400, 0x93f80000)
}

Deoptimization events (0 events):
No events

Internal exceptions (10 events):
Event: 12,449 Thread 0xb6607000 Threw 0x6f5af508 at /build/buildd/openjdk-7-7u25-2.3.10/build/openjdk/hotspot/src/share/vm/prims/jvm.cpp:1235
Event: 12,450 Thread 0xb6607000 Threw 0x6f5b16f0 at /build/buildd/openjdk-7-7u25-2.3.10/build/openjdk/hotspot/src/share/vm/prims/jvm.cpp:1235
Event: 12,450 Thread 0xb6607000 Threw 0x6f5b2700 at /build/buildd/openjdk-7-7u25-2.3.10/build/openjdk/hotspot/src/share/vm/prims/jvm.cpp:1235
Event: 12,451 Thread 0xb6607000 Threw 0x6f5b4870 at /build/buildd/openjdk-7-7u25-2.3.10/build/openjdk/hotspot/src/share/vm/prims/jvm.cpp:1235
Event: 12,452 Thread 0xb6607000 Threw 0x6f5bf370 at /build/buildd/openjdk-7-7u25-2.3.10/build/openjdk/hotspot/src/share/vm/prims/jvm.cpp:1235
Event: 12,452 Thread 0xb6607000 Threw 0x6f5c0380 at /build/buildd/openjdk-7-7u25-2.3.10/build/openjdk/hotspot/src/share/vm/prims/jvm.cpp:1235
Event: 12,494 Thread 0xb2b89000 Threw 0x6f682c68 at /build/buildd/openjdk-7-7u25-2.3.10/build/openjdk/hotspot/src/share/vm/prims/jvm.cpp:1235
Event: 12,494 Thread 0xb2b89000 Threw 0x6f6843d8 at /build/buildd/openjdk-7-7u25-2.3.10/build/openjdk/hotspot/src/share/vm/prims/jvm.cpp:1235
Event: 12,507 Thread 0xb2b89000 Threw 0x6f6d4590 at /build/buildd/openjdk-7-7u25-2.3.10/build/openjdk/hotspot/src/share/vm/prims/jvm.cpp:1235
Event: 12,508 Thread 0xb2b89000 Threw 0x6f6d5cc8 at /build/buildd/openjdk-7-7u25-2.3.10/build/openjdk/hotspot/src/share/vm/prims/jvm.cpp:1235

Events (10 events):
Event: 12,548 loading class 0xb2bdd280
Event: 12,549 loading class 0xb2bdd280 done
Event: 12,763 loading class 0xb2bdd1c0
Event: 12,763 loading class 0xb2bdd1c0 done
Event: 12,793 loading class 0xb3061558
Event: 12,793 loading class 0xb3061558 done
Event: 12,793 loading class 0xb30649e8
Event: 12,794 loading class 0xb30649e8 done
Event: 12,964 Executing VM operation: GenCollectForAllocation
Event: 12,982 Executing VM operation: GenCollectForAllocation done


Dynamic libraries:
08048000-08049000 r-xp 00000000 08:01 1051338    /usr/lib/jvm/java-7-openjdk-i386/jre/bin/java
08049000-0804a000 r--p 00000000 08:01 1051338    /usr/lib/jvm/java-7-openjdk-i386/jre/bin/java
0804a000-0804b000 rw-p 00001000 08:01 1051338    /usr/lib/jvm/java-7-openjdk-i386/jre/bin/java
0971c000-0973d000 rw-p 00000000 00:00 0          [heap]
6f580000-6faa0000 rw-p 00000000 00:00 0 
6faa0000-79c20000 rw-p 00000000 00:00 0 
79c20000-7a680000 rw-p 00000000 00:00 0 
7a680000-8e980000 rw-p 00000000 00:00 0 
8e980000-8f740000 rw-p 00000000 00:00 0 
8f740000-92980000 rw-p 00000000 00:00 0 
92980000-92f8d000 r--p 00001000 08:01 2491473    /usr/lib/jvm/java-7-openjdk-i386/jre/lib/i386/client/classes.jsa
92f8d000-93380000 rw-p 00000000 00:00 0 
93380000-93ae7000 rw-p 0060e000 08:01 2491473    /usr/lib/jvm/java-7-openjdk-i386/jre/lib/i386/client/classes.jsa
93ae7000-93f80000 rw-p 00000000 00:00 0 
93f80000-9429a000 rw-p 00d75000 08:01 2491473    /usr/lib/jvm/java-7-openjdk-i386/jre/lib/i386/client/classes.jsa
9429a000-94380000 rw-p 00000000 00:00 0 
94380000-94389000 r-xp 0108f000 08:01 2491473    /usr/lib/jvm/java-7-openjdk-i386/jre/lib/i386/client/classes.jsa
94389000-94780000 rw-p 00000000 00:00 0 
b202c000-b20fc000 rw-p 00000000 00:00 0 
b20fc000-b20ff000 ---p 00000000 00:00 0 
b20ff000-b22fd000 rw-p 00000000 00:00 0 
b22fd000-b2300000 ---p 00000000 00:00 0 
b2300000-b24fe000 rw-p 00000000 00:00 0 
b24fe000-b2501000 ---p 00000000 00:00 0 
b2501000-b26ff000 rw-p 00000000 00:00 0 
b26ff000-b2702000 ---p 00000000 00:00 0 
b2702000-b2900000 rw-p 00000000 00:00 0 
b2900000-b29b6000 rw-p 00000000 00:00 0 
b29b6000-b2a00000 ---p 00000000 00:00 0 
b2a00000-b2a21000 rw-p 00000000 00:00 0 
b2a21000-b2b00000 ---p 00000000 00:00 0 
b2b00000-b2c00000 rw-p 00000000 00:00 0 
b2c03000-b2c60000 rw-p 00000000 00:00 0 
b2c60000-b2c62000 r-xp 00000000 08:01 5946696    /home/miguelciencias/Documentos/Geometría Computacional/practica03/src/lib/libmake_monotone.so
b2c62000-b2c63000 r--p 00001000 08:01 5946696    /home/miguelciencias/Documentos/Geometría Computacional/practica03/src/lib/libmake_monotone.so
b2c63000-b2c64000 rw-p 00002000 08:01 5946696    /home/miguelciencias/Documentos/Geometría Computacional/practica03/src/lib/libmake_monotone.so
b2c64000-b2c67000 ---p 00000000 00:00 0 
b2c67000-b2c73000 rw-p 00000000 00:00 0 
b2c73000-b2c98000 r--p 00000000 08:01 6427505    /usr/share/locale-langpack/es/LC_MESSAGES/libc.mo
b2c98000-b2ca8000 r-xp 00000000 08:01 5925786    /home/miguelciencias/.rbenv/versions/jruby-1.7.10/lib/jni/i386-Linux/libjffi-1.2.so
b2ca8000-b2ca9000 rw-p 0000f000 08:01 5925786    /home/miguelciencias/.rbenv/versions/jruby-1.7.10/lib/jni/i386-Linux/libjffi-1.2.so
b2ca9000-b2dfc000 r-xp 00000000 08:01 5377272    /usr/lib/i386-linux-gnu/libgio-2.0.so.0.3200.4
b2dfc000-b2dfe000 r--p 00153000 08:01 5377272    /usr/lib/i386-linux-gnu/libgio-2.0.so.0.3200.4
b2dfe000-b2dff000 rw-p 00155000 08:01 5377272    /usr/lib/i386-linux-gnu/libgio-2.0.so.0.3200.4
b2dff000-b2e00000 rw-p 00000000 00:00 0 
b2e00000-b2efc000 rw-p 00000000 00:00 0 
b2efc000-b2f00000 ---p 00000000 00:00 0 
b2f03000-b2f05000 r-xp 00000000 08:01 5946672    /home/miguelciencias/Documentos/Geometría Computacional/practica03/src/lib/libexample.so
b2f05000-b2f06000 r--p 00001000 08:01 5946672    /home/miguelciencias/Documentos/Geometría Computacional/practica03/src/lib/libexample.so
b2f06000-b2f07000 rw-p 00002000 08:01 5946672    /home/miguelciencias/Documentos/Geometría Computacional/practica03/src/lib/libexample.so
b2f07000-b2ffe000 r-xp 00000000 08:01 1835662    /lib/i386-linux-gnu/libglib-2.0.so.0.3200.4
b2ffe000-b2fff000 r--p 000f6000 08:01 1835662    /lib/i386-linux-gnu/libglib-2.0.so.0.3200.4
b2fff000-b3000000 rw-p 000f7000 08:01 1835662    /lib/i386-linux-gnu/libglib-2.0.so.0.3200.4
b3000000-b30fd000 rw-p 00000000 00:00 0 
b30fd000-b3100000 ---p 00000000 00:00 0 
b3103000-b3104000 r-xp 00000000 08:01 5946671    /home/miguelciencias/Documentos/Geometría Computacional/practica03/src/lib/libdcel.so
b3104000-b3105000 r--p 00000000 08:01 5946671    /home/miguelciencias/Documentos/Geometría Computacional/practica03/src/lib/libdcel.so
b3105000-b3106000 rw-p 00001000 08:01 5946671    /home/miguelciencias/Documentos/Geometría Computacional/practica03/src/lib/libdcel.so
b3106000-b3107000 r-xp 00000000 08:01 5924465    /home/miguelciencias/Documentos/Geometría Computacional/practica03/src/lib/libface.so
b3107000-b3108000 r--p 00000000 08:01 5924465    /home/miguelciencias/Documentos/Geometría Computacional/practica03/src/lib/libface.so
b3108000-b3109000 rw-p 00001000 08:01 5924465    /home/miguelciencias/Documentos/Geometría Computacional/practica03/src/lib/libface.so
b3109000-b310c000 r-xp 00000000 08:01 5946670    /home/miguelciencias/Documentos/Geometría Computacional/practica03/src/lib/librb_tree.so
b310c000-b310d000 r--p 00002000 08:01 5946670    /home/miguelciencias/Documentos/Geometría Computacional/practica03/src/lib/librb_tree.so
b310d000-b310e000 rw-p 00003000 08:01 5946670    /home/miguelciencias/Documentos/Geometría Computacional/practica03/src/lib/librb_tree.so
b310e000-b3148000 r-xp 00000000 08:01 1836008    /lib/i386-linux-gnu/libpcre.so.3.12.1
b3148000-b3149000 r--p 00039000 08:01 1836008    /lib/i386-linux-gnu/libpcre.so.3.12.1
b3149000-b314a000 rw-p 0003a000 08:01 1836008    /lib/i386-linux-gnu/libpcre.so.3.12.1
b314a000-b314b000 ---p 00000000 00:00 0 
b314b000-b31cb000 rw-p 00000000 00:00 0 
b31cb000-b31ce000 ---p 00000000 00:00 0 
b31ce000-b33cc000 rw-p 00000000 00:00 0 
b33cc000-b33cf000 ---p 00000000 00:00 0 
b33cf000-b35cd000 rw-p 00000000 00:00 0 
b35cd000-b35ce000 r--p 0084e000 08:01 5381164    /usr/lib/locale/locale-archive
b35ce000-b36ff000 r--p 005e3000 08:01 5381164    /usr/lib/locale/locale-archive
b36ff000-b38ff000 r--p 00000000 08:01 5381164    /usr/lib/locale/locale-archive
b38ff000-b3902000 ---p 00000000 00:00 0 
b3902000-b3b00000 rw-p 00000000 00:00 0 
b3b00000-b3b3b000 rw-p 00000000 00:00 0 
b3b3b000-b3c00000 ---p 00000000 00:00 0 
b3c01000-b3c02000 rw-p 00000000 00:00 0 
b3c02000-b3c04000 r-xp 00000000 08:01 5924460    /home/miguelciencias/Documentos/Geometría Computacional/practica03/src/lib/libdouble_linked_list.so
b3c04000-b3c05000 r--p 00001000 08:01 5924460    /home/miguelciencias/Documentos/Geometría Computacional/practica03/src/lib/libdouble_linked_list.so
b3c05000-b3c06000 rw-p 00002000 08:01 5924460    /home/miguelciencias/Documentos/Geometría Computacional/practica03/src/lib/libdouble_linked_list.so
b3c06000-b3c07000 r-xp 00000000 08:01 5924464    /home/miguelciencias/Documentos/Geometría Computacional/practica03/src/lib/libhalf_edge.so
b3c07000-b3c08000 r--p 00000000 08:01 5924464    /home/miguelciencias/Documentos/Geometría Computacional/practica03/src/lib/libhalf_edge.so
b3c08000-b3c09000 rw-p 00001000 08:01 5924464    /home/miguelciencias/Documentos/Geometría Computacional/practica03/src/lib/libhalf_edge.so
b3c09000-b3c10000 r--s 00000000 08:01 5431817    /usr/lib/i386-linux-gnu/gconv/gconv-modules.cache
b3c10000-b3c15000 r-xp 00000000 08:01 5378709    /usr/lib/i386-linux-gnu/libffi.so.6.0.0
b3c15000-b3c16000 r--p 00004000 08:01 5378709    /usr/lib/i386-linux-gnu/libffi.so.6.0.0
b3c16000-b3c17000 rw-p 00005000 08:01 5378709    /usr/lib/i386-linux-gnu/libffi.so.6.0.0
b3c17000-b3c2a000 r-xp 00000000 08:01 1863685    /lib/i386-linux-gnu/libresolv-2.15.so
b3c2a000-b3c2b000 ---p 00013000 08:01 1863685    /lib/i386-linux-gnu/libresolv-2.15.so
b3c2b000-b3c2c000 r--p 00013000 08:01 1863685    /lib/i386-linux-gnu/libresolv-2.15.so
b3c2c000-b3c2d000 rw-p 00014000 08:01 1863685    /lib/i386-linux-gnu/libresolv-2.15.so
b3c2d000-b3c2f000 rw-p 00000000 00:00 0 
b3c2f000-b3c7c000 r-xp 00000000 08:01 5377269    /usr/lib/i386-linux-gnu/libgobject-2.0.so.0.3200.4
b3c7c000-b3c7d000 r--p 0004c000 08:01 5377269    /usr/lib/i386-linux-gnu/libgobject-2.0.so.0.3200.4
b3c7d000-b3c7e000 rw-p 0004d000 08:01 5377269    /usr/lib/i386-linux-gnu/libgobject-2.0.so.0.3200.4
b3c7e000-b3c81000 ---p 00000000 00:00 0 
b3c81000-b3cff000 rw-p 00000000 00:00 0 
b3cff000-b3d02000 ---p 00000000 00:00 0 
b3d02000-b3f00000 rw-p 00000000 00:00 0 
b3f00000-b3ffc000 rw-p 00000000 00:00 0 
b3ffc000-b4000000 ---p 00000000 00:00 0 
b4000000-b401d000 r-xp 00000000 08:01 1836023    /lib/i386-linux-gnu/libselinux.so.1
b401d000-b401e000 r--p 0001c000 08:01 1836023    /lib/i386-linux-gnu/libselinux.so.1
b401e000-b401f000 rw-p 0001d000 08:01 1836023    /lib/i386-linux-gnu/libselinux.so.1
b401f000-b4022000 r-xp 00000000 08:01 5378887    /usr/lib/i386-linux-gnu/libgmodule-2.0.so.0.3200.4
b4022000-b4023000 r--p 00002000 08:01 5378887    /usr/lib/i386-linux-gnu/libgmodule-2.0.so.0.3200.4
b4023000-b4024000 rw-p 00003000 08:01 5378887    /usr/lib/i386-linux-gnu/libgmodule-2.0.so.0.3200.4
b4024000-b4026000 rw-p 00000000 00:00 0 
b4026000-b4027000 r-xp 00000000 08:01 5924462    /home/miguelciencias/Documentos/Geometría Computacional/practica03/src/lib/lib2d_points.so
b4027000-b4028000 r--p 00000000 08:01 5924462    /home/miguelciencias/Documentos/Geometría Computacional/practica03/src/lib/lib2d_points.so
b4028000-b4029000 rw-p 00001000 08:01 5924462    /home/miguelciencias/Documentos/Geometría Computacional/practica03/src/lib/lib2d_points.so
b4029000-b403a000 r-xp 00000000 08:01 2491236    /usr/lib/jvm/java-7-openjdk-i386/jre/lib/i386/libnio.so
b403a000-b403b000 r--p 00010000 08:01 2491236    /usr/lib/jvm/java-7-openjdk-i386/jre/lib/i386/libnio.so
b403b000-b403c000 rw-p 00011000 08:01 2491236    /usr/lib/jvm/java-7-openjdk-i386/jre/lib/i386/libnio.so
b403c000-b4052000 r-xp 00000000 08:01 2491237    /usr/lib/jvm/java-7-openjdk-i386/jre/lib/i386/libnet.so
b4052000-b4053000 r--p 00015000 08:01 2491237    /usr/lib/jvm/java-7-openjdk-i386/jre/lib/i386/libnet.so
b4053000-b4054000 rw-p 00016000 08:01 2491237    /usr/lib/jvm/java-7-openjdk-i386/jre/lib/i386/libnet.so
b4054000-b4059000 r--s 0004c000 08:01 5640235    /usr/lib/jvm/java-7-openjdk-common/jre/lib/jsse.jar
b4059000-b405a000 r--s 00007000 08:01 5644055    /usr/share/java/java-atk-wrapper.jar
b405a000-b405d000 r--s 0003c000 08:01 6295954    /usr/lib/jvm/java-7-openjdk-common/jre/lib/ext/sunpkcs11.jar
b405d000-b4061000 r--s 00085000 08:01 6295956    /usr/lib/jvm/java-7-openjdk-common/jre/lib/ext/localedata.jar
b4061000-b4064000 r--s 0000f000 08:01 6295935    /usr/lib/jvm/java-7-openjdk-common/jre/lib/ext/pulse-java.jar
b4064000-b4066000 r--s 00012000 08:01 6295960    /usr/lib/jvm/java-7-openjdk-common/jre/lib/ext/zipfs.jar
b4066000-b4067000 r--s 00002000 08:01 6295929    /usr/lib/jvm/java-7-openjdk-common/jre/lib/ext/dnsns.jar
b4067000-b406a000 r--s 00032000 08:01 6295931    /usr/lib/jvm/java-7-openjdk-common/jre/lib/ext/sunjce_provider.jar
b406a000-b4073000 r--s 000bc000 08:01 5640262    /usr/lib/jvm/java-7-openjdk-common/jre/lib/resources.jar
b4073000-b4074000 ---p 00000000 00:00 0 
b4074000-b411d000 rw-p 00000000 00:00 0 
b411d000-b4206000 r--s 00bb9000 08:01 5925776    /home/miguelciencias/.rbenv/versions/jruby-1.7.10/lib/jruby.jar
b4206000-b43b3000 r--s 01cec000 08:01 2366161    /usr/lib/jvm/java-7-openjdk-i386/jre/lib/rt.jar
b43b3000-b43b9000 rw-p 00000000 00:00 0 
b43b9000-b445a000 rw-p 00000000 00:00 0 
b445a000-b445d000 rw-p 00000000 00:00 0 
b445d000-b44ad000 rw-p 00000000 00:00 0 
b44ad000-b44b3000 rw-p 00000000 00:00 0 
b44b3000-b4554000 rw-p 00000000 00:00 0 
b4554000-b455b000 rw-p 00000000 00:00 0 
b455b000-b4574000 rw-p 00000000 00:00 0 
b4574000-b458a000 rw-p 00000000 00:00 0 
b458a000-b4600000 rw-p 00000000 00:00 0 
b4600000-b4868000 rwxp 00000000 00:00 0 
b4868000-b66f9000 rw-p 00000000 00:00 0 
b66f9000-b6700000 ---p 00000000 00:00 0 
b6700000-b674f000 rw-p 00000000 00:00 0 
b674f000-b6769000 rw-p 00000000 00:00 0 
b6769000-b6774000 r-xp 00000000 08:01 1863696    /lib/i386-linux-gnu/libnss_files-2.15.so
b6774000-b6775000 r--p 0000a000 08:01 1863696    /lib/i386-linux-gnu/libnss_files-2.15.so
b6775000-b6776000 rw-p 0000b000 08:01 1863696    /lib/i386-linux-gnu/libnss_files-2.15.so
b6776000-b6780000 r-xp 00000000 08:01 1863695    /lib/i386-linux-gnu/libnss_nis-2.15.so
b6780000-b6781000 r--p 00009000 08:01 1863695    /lib/i386-linux-gnu/libnss_nis-2.15.so
b6781000-b6782000 rw-p 0000a000 08:01 1863695    /lib/i386-linux-gnu/libnss_nis-2.15.so
b6782000-b6798000 r-xp 00000000 08:01 1863682    /lib/i386-linux-gnu/libnsl-2.15.so
b6798000-b6799000 r--p 00015000 08:01 1863682    /lib/i386-linux-gnu/libnsl-2.15.so
b6799000-b679a000 rw-p 00016000 08:01 1863682    /lib/i386-linux-gnu/libnsl-2.15.so
b679a000-b679c000 rw-p 00000000 00:00 0 
b679c000-b67a3000 r-xp 00000000 08:01 1863697    /lib/i386-linux-gnu/libnss_compat-2.15.so
b67a3000-b67a4000 r--p 00006000 08:01 1863697    /lib/i386-linux-gnu/libnss_compat-2.15.so
b67a4000-b67a5000 rw-p 00007000 08:01 1863697    /lib/i386-linux-gnu/libnss_compat-2.15.so
b67a5000-b67a6000 r-xp 00000000 00:00 0 
b67a6000-b67b3000 rw-p 00000000 00:00 0 
b67b3000-b67bb000 r-xp 00000000 08:01 2491253    /usr/lib/jvm/java-7-openjdk-i386/jre/lib/i386/libzip.so
b67bb000-b67bc000 r--p 00007000 08:01 2491253    /usr/lib/jvm/java-7-openjdk-i386/jre/lib/i386/libzip.so
b67bc000-b67bd000 rw-p 00008000 08:01 2491253    /usr/lib/jvm/java-7-openjdk-i386/jre/lib/i386/libzip.so
b67bd000-b67e4000 r-xp 00000000 08:01 2491226    /usr/lib/jvm/java-7-openjdk-i386/jre/lib/i386/libjava.so
b67e4000-b67e5000 r--p 00026000 08:01 2491226    /usr/lib/jvm/java-7-openjdk-i386/jre/lib/i386/libjava.so
b67e5000-b67e6000 rw-p 00027000 08:01 2491226    /usr/lib/jvm/java-7-openjdk-i386/jre/lib/i386/libjava.so
b67e6000-b67ed000 r-xp 00000000 08:01 1863690    /lib/i386-linux-gnu/librt-2.15.so
b67ed000-b67ee000 r--p 00006000 08:01 1863690    /lib/i386-linux-gnu/librt-2.15.so
b67ee000-b67ef000 rw-p 00007000 08:01 1863690    /lib/i386-linux-gnu/librt-2.15.so
b67ef000-b67f2000 ---p 00000000 00:00 0 
b67f2000-b69f0000 rw-p 00000000 00:00 0 
b69f0000-b6a0c000 r-xp 00000000 08:01 1835956    /lib/i386-linux-gnu/libgcc_s.so.1
b6a0c000-b6a0d000 r--p 0001b000 08:01 1835956    /lib/i386-linux-gnu/libgcc_s.so.1
b6a0d000-b6a0e000 rw-p 0001c000 08:01 1835956    /lib/i386-linux-gnu/libgcc_s.so.1
b6a0e000-b6a38000 r-xp 00000000 08:01 1863694    /lib/i386-linux-gnu/libm-2.15.so
b6a38000-b6a39000 r--p 00029000 08:01 1863694    /lib/i386-linux-gnu/libm-2.15.so
b6a39000-b6a3a000 rw-p 0002a000 08:01 1863694    /lib/i386-linux-gnu/libm-2.15.so
b6a3a000-b6b12000 r-xp 00000000 08:01 5379051    /usr/lib/i386-linux-gnu/libstdc++.so.6.0.16
b6b12000-b6b13000 ---p 000d8000 08:01 5379051    /usr/lib/i386-linux-gnu/libstdc++.so.6.0.16
b6b13000-b6b17000 r--p 000d8000 08:01 5379051    /usr/lib/i386-linux-gnu/libstdc++.so.6.0.16
b6b17000-b6b18000 rw-p 000dc000 08:01 5379051    /usr/lib/i386-linux-gnu/libstdc++.so.6.0.16
b6b18000-b6b1f000 rw-p 00000000 00:00 0 
b6b1f000-b70d3000 r-xp 00000000 08:01 2491249    /usr/lib/jvm/java-7-openjdk-i386/jre/lib/i386/client/libjvm.so
b70d3000-b70ea000 r--p 005b3000 08:01 2491249    /usr/lib/jvm/java-7-openjdk-i386/jre/lib/i386/client/libjvm.so
b70ea000-b70f9000 rw-p 005ca000 08:01 2491249    /usr/lib/jvm/java-7-openjdk-i386/jre/lib/i386/client/libjvm.so
b70f9000-b7514000 rw-p 00000000 00:00 0 
b7514000-b7528000 r-xp 00000000 08:01 1836046    /lib/i386-linux-gnu/libz.so.1.2.3.4
b7528000-b7529000 r--p 00013000 08:01 1836046    /lib/i386-linux-gnu/libz.so.1.2.3.4
b7529000-b752a000 rw-p 00014000 08:01 1836046    /lib/i386-linux-gnu/libz.so.1.2.3.4
b752a000-b7541000 r-xp 00000000 08:01 1863688    /lib/i386-linux-gnu/libpthread-2.15.so
b7541000-b7542000 r--p 00016000 08:01 1863688    /lib/i386-linux-gnu/libpthread-2.15.so
b7542000-b7543000 rw-p 00017000 08:01 1863688    /lib/i386-linux-gnu/libpthread-2.15.so
b7543000-b7545000 rw-p 00000000 00:00 0 
b7545000-b7548000 r-xp 00000000 08:01 1863698    /lib/i386-linux-gnu/libdl-2.15.so
b7548000-b7549000 r--p 00002000 08:01 1863698    /lib/i386-linux-gnu/libdl-2.15.so
b7549000-b754a000 rw-p 00003000 08:01 1863698    /lib/i386-linux-gnu/libdl-2.15.so
b754a000-b76ee000 r-xp 00000000 08:01 1863699    /lib/i386-linux-gnu/libc-2.15.so
b76ee000-b76f0000 r--p 001a4000 08:01 1863699    /lib/i386-linux-gnu/libc-2.15.so
b76f0000-b76f1000 rw-p 001a6000 08:01 1863699    /lib/i386-linux-gnu/libc-2.15.so
b76f1000-b76f5000 rw-p 00000000 00:00 0 
b76f5000-b76fd000 rw-s 00000000 08:01 4719381    /tmp/hsperfdata_miguelciencias/9038
b76fd000-b76fe000 rw-p 00000000 00:00 0 
b76fe000-b76ff000 r--p 00000000 00:00 0 
b76ff000-b770b000 r-xp 00000000 08:01 2491239    /usr/lib/jvm/java-7-openjdk-i386/jre/lib/i386/libverify.so
b770b000-b770c000 r--p 0000b000 08:01 2491239    /usr/lib/jvm/java-7-openjdk-i386/jre/lib/i386/libverify.so
b770c000-b770d000 rw-p 0000c000 08:01 2491239    /usr/lib/jvm/java-7-openjdk-i386/jre/lib/i386/libverify.so
b770d000-b771a000 r-xp 00000000 08:01 2491227    /usr/lib/jvm/java-7-openjdk-i386/jre/lib/i386/jli/libjli.so
b771a000-b771b000 r--p 0000c000 08:01 2491227    /usr/lib/jvm/java-7-openjdk-i386/jre/lib/i386/jli/libjli.so
b771b000-b771c000 rw-p 0000d000 08:01 2491227    /usr/lib/jvm/java-7-openjdk-i386/jre/lib/i386/jli/libjli.so
b771c000-b771e000 rw-p 00000000 00:00 0 
b771e000-b771f000 r-xp 00000000 00:00 0          [vdso]
b771f000-b773f000 r-xp 00000000 08:01 1863689    /lib/i386-linux-gnu/ld-2.15.so
b773f000-b7740000 r--p 0001f000 08:01 1863689    /lib/i386-linux-gnu/ld-2.15.so
b7740000-b7741000 rw-p 00020000 08:01 1863689    /lib/i386-linux-gnu/ld-2.15.so
bfaec000-bfb0d000 rw-p 00000000 00:00 0          [stack]

VM Arguments:
jvm_args: -Djdk.home= -Djruby.home=/home/miguelciencias/.rbenv/versions/jruby-1.7.10 -Djruby.script=jruby -Djruby.shell=/bin/sh -Djffi.boot.library.path=/home/miguelciencias/.rbenv/versions/jruby-1.7.10/lib/jni:/home/miguelciencias/.rbenv/versions/jruby-1.7.10/lib/jni/x86_64-Linux:/home/miguelciencias/.rbenv/versions/jruby-1.7.10/lib/jni/arm-Linux:/home/miguelciencias/.rbenv/versions/jruby-1.7.10/lib/jni/i386-Linux -Xmx500m -Xss2048k -Xbootclasspath/a:/home/miguelciencias/.rbenv/versions/jruby-1.7.10/lib/jruby.jar 
java_command: org/jruby/Main Makefile.rb compile_c compile test clean
Launcher Type: SUN_STANDARD

Environment Variables:
PATH=/home/miguelciencias/.rbenv/versions/jruby-1.7.10/bin:/home/miguelciencias/.rbenv/libexec:/home/miguelciencias/.rbenv/plugins/ruby-build/bin:/home/miguelciencias/.rbenv/shims:~/.rbenv/bin:/usr/lib/lightdm/lightdm:/usr/local/sbin:/usr/local/bin:/usr/sbin:/usr/bin:/sbin:/bin:/usr/games
SHELL=/bin/bash
DISPLAY=:0

Signal Handlers:
SIGSEGV: [libjvm.so+0x4a04f0], sa_mask[0]=0x7ffbfeff, sa_flags=0x10000004
SIGBUS: [libjvm.so+0x4a04f0], sa_mask[0]=0x7ffbfeff, sa_flags=0x10000004
SIGFPE: [libjvm.so+0x398f00], sa_mask[0]=0x7ffbfeff, sa_flags=0x10000004
SIGPIPE: [libjvm.so+0x398f00], sa_mask[0]=0x7ffbfeff, sa_flags=0x10000004
SIGXFSZ: [libjvm.so+0x398f00], sa_mask[0]=0x7ffbfeff, sa_flags=0x10000004
SIGILL: [libjvm.so+0x398f00], sa_mask[0]=0x7ffbfeff, sa_flags=0x10000004
SIGUSR1: SIG_DFL, sa_mask[0]=0x00000000, sa_flags=0x00000000
SIGUSR2: [libjvm.so+0x398d90], sa_mask[0]=0x00000000, sa_flags=0x10000004
SIGHUP: [libjvm.so+0x399410], sa_mask[0]=0x7ffbfeff, sa_flags=0x10000004
SIGINT: [libjvm.so+0x399410], sa_mask[0]=0x7ffbfeff, sa_flags=0x10000004
SIGTERM: [libjvm.so+0x399410], sa_mask[0]=0x7ffbfeff, sa_flags=0x10000004
SIGQUIT: [libjvm.so+0x399410], sa_mask[0]=0x7ffbfeff, sa_flags=0x10000004


---------------  S Y S T E M  ---------------

OS:Ubuntu 12.04 (precise)
uname:Linux 3.2.0-56-generic-pae #86-Ubuntu SMP Wed Oct 23 17:51:27 UTC 2013 i686
libc:glibc 2.15 NPTL 2.15 
rlimit: STACK 8192k, CORE 0k, NPROC 7818, NOFILE 4096, AS infinity
load average:0,60 0,33 0,32

/proc/meminfo:
MemTotal:        1015424 kB
MemFree:           76868 kB
Buffers:           60996 kB
Cached:           476412 kB
SwapCached:            4 kB
Active:           412392 kB
Inactive:         462492 kB
Active(anon):     232136 kB
Inactive(anon):   232240 kB
Active(file):     180256 kB
Inactive(file):   230252 kB
Unevictable:           0 kB
Mlocked:               0 kB
HighTotal:        125272 kB
HighFree:           1664 kB
LowTotal:         890152 kB
LowFree:           75204 kB
SwapTotal:       1037308 kB
SwapFree:        1037292 kB
Dirty:               456 kB
Writeback:             0 kB
AnonPages:        337656 kB
Mapped:           110144 kB
Shmem:            126900 kB
Slab:              41500 kB
SReclaimable:      26516 kB
SUnreclaim:        14984 kB
KernelStack:        2528 kB
PageTables:         6420 kB
NFS_Unstable:          0 kB
Bounce:                0 kB
WritebackTmp:          0 kB
CommitLimit:     1545020 kB
Committed_AS:    1832600 kB
VmallocTotal:     122880 kB
VmallocUsed:        9196 kB
VmallocChunk:     111540 kB
HardwareCorrupted:     0 kB
AnonHugePages:         0 kB
HugePages_Total:       0
HugePages_Free:        0
HugePages_Rsvd:        0
HugePages_Surp:        0
Hugepagesize:       2048 kB
DirectMap4k:       34808 kB
DirectMap2M:      878592 kB


CPU:total 2 (1 cores per cpu, 2 threads per core) family 6 model 28 stepping 2, cmov, cx8, fxsr, mmx, sse, sse2, sse3, ssse3, ht, tsc

/proc/cpuinfo:
processor	: 0
vendor_id	: GenuineIntel
cpu family	: 6
model		: 28
model name	: Intel(R) Atom(TM) CPU N270   @ 1.60GHz
stepping	: 2
microcode	: 0x212
cpu MHz		: 1600.000
cache size	: 512 KB
physical id	: 0
siblings	: 2
core id		: 0
cpu cores	: 1
apicid		: 0
initial apicid	: 0
fdiv_bug	: no
hlt_bug		: no
f00f_bug	: no
coma_bug	: no
fpu		: yes
fpu_exception	: yes
cpuid level	: 10
wp		: yes
flags		: fpu vme de pse tsc msr pae mce cx8 apic sep mtrr pge mca cmov pat clflush dts acpi mmx fxsr sse sse2 ss ht tm pbe nx constant_tsc arch_perfmon pebs bts aperfmperf pni dtes64 monitor ds_cpl est tm2 ssse3 xtpr pdcm movbe lahf_lm dtherm
bogomips	: 3191.85
clflush size	: 64
cache_alignment	: 64
address sizes	: 32 bits physical, 32 bits virtual
power management:

processor	: 1
vendor_id	: GenuineIntel
cpu family	: 6
model		: 28
model name	: Intel(R) Atom(TM) CPU N270   @ 1.60GHz
stepping	: 2
microcode	: 0x212
cpu MHz		: 1333.000
cache size	: 512 KB
physical id	: 0
siblings	: 2
core id		: 0
cpu cores	: 1
apicid		: 1
initial apicid	: 1
fdiv_bug	: no
hlt_bug		: no
f00f_bug	: no
coma_bug	: no
fpu		: yes
fpu_exception	: yes
cpuid level	: 10
wp		: yes
flags		: fpu vme de pse tsc msr pae mce cx8 apic sep mtrr pge mca cmov pat clflush dts acpi mmx fxsr sse sse2 ss ht tm pbe nx constant_tsc arch_perfmon pebs bts aperfmperf pni dtes64 monitor ds_cpl est tm2 ssse3 xtpr pdcm movbe lahf_lm dtherm
bogomips	: 3191.93
clflush size	: 64
cache_alignment	: 64
address sizes	: 32 bits physical, 32 bits virtual
power management:



Memory: 4k page, physical 1015424k(76868k free), swap 1037308k(1037292k free)

vm_info: OpenJDK Client VM (23.7-b01) for linux-x86 JRE (1.7.0_25-b30), built on Jul 15 2013 20:47:23 by "buildd" with gcc 4.6.3

time: Tue May  6 14:38:25 2014
elapsed time: 13 seconds

