#
# A fatal error has been detected by the Java Runtime Environment:
#
#  SIGSEGV (0xb) at pc=0xb3053381, pid=10910, tid=3064511296
#
# JRE version: 7.0_25-b30
# Java VM: OpenJDK Client VM (23.7-b01 mixed mode, sharing linux-x86 )
# Problematic frame:
# C  [libmake_monotone.so+0x1381]  handle_split_vertex+0x64
#
# Failed to write core dump. Core dumps have been disabled. To enable core dumping, try "ulimit -c unlimited" before starting Java again
#
# If you would like to submit a bug report, please include
# instructions on how to reproduce the bug and visit:
#   https://bugs.launchpad.net/ubuntu/+source/openjdk-7/
# The crash happened outside the Java Virtual Machine in native code.
# See problematic frame for where to report the bug.
#

---------------  T H R E A D  ---------------

Current thread (0xb6707000):  JavaThread "main" [_thread_in_native, id=10935, stack(0xb688b000,0xb6a8c000)]

siginfo:si_signo=SIGSEGV: si_errno=0, si_code=1 (SEGV_MAPERR), si_addr=0x00000008

Registers:
EAX=0x00000000, EBX=0xb3054ff4, ECX=0x00000000, EDX=0xb6a89f08
ESP=0xb6a89fb0, EBP=0xb6a89fe8, ESI=0xb6a8a064, EDI=0xb2fd8698
EIP=0xb3053381, EFLAGS=0x00010282, CR2=0x00000008

Top of Stack: (sp=0xb6a89fb0)
0xb6a89fb0:   b3053967 b2bdbf70 40260000 00000000
0xb6a89fc0:   40100000 b2bdbf48 b2bdbf98 00000000
0xb6a89fd0:   00000000 40100000 b2bdbb60 00000000
0xb6a89fe0:   b6a8a064 b3054ff4 b6a8a018 b3052dea
0xb6a89ff0:   b2bdbf70 b2bdf590 b2bd0e58 7a4cce20
0xb6a8a000:   79d302c0 b2bdf4c0 b2bd11a0 b2bdf590
0xb6a8a010:   7a45a7e0 b30b05fc b6a8a078 b30a723d
0xb6a8a020:   b2bd0e58 b6a8a05c b6a8a068 00000000 

Instructions: (pc=0xb3053381)
0xb3053361:   04 8b 45 0c 89 04 24 e8 33 f6 ff ff 89 45 f4 8d
0xb3053371:   83 73 e9 ff ff 89 04 24 e8 82 f5 ff ff 8b 45 f4
0xb3053381:   8b 40 08 89 04 24 e8 c4 f6 ff ff 8d 83 82 e9 ff
0xb3053391:   ff 89 04 24 e8 86 f6 ff ff 8b 45 f4 8b 40 08 8b 

Register to memory mapping:

EAX=0x00000000 is an unknown value
EBX=0xb3054ff4: <offset 0x2ff4> in lib/libmake_monotone.so at 0xb3052000
ECX=0x00000000 is an unknown value
EDX=0xb6a89f08 is pointing into the stack for thread: 0xb6707000
ESP=0xb6a89fb0 is pointing into the stack for thread: 0xb6707000
EBP=0xb6a89fe8 is pointing into the stack for thread: 0xb6707000
ESI=0xb6a8a064 is pointing into the stack for thread: 0xb6707000
EDI=0xb2fd8698 is an unknown value


Stack: [0xb688b000,0xb6a8c000],  sp=0xb6a89fb0,  free space=2043k
Native frames: (J=compiled Java code, j=interpreted, Vv=VM code, C=native code)
C  [libmake_monotone.so+0x1381]  handle_split_vertex+0x64
C  [libmake_monotone.so+0xdea]  make_monotone+0xf2
C  [libjffi-1.2.so+0x723d]  Java_com_kenai_jffi_Foreign_invokeI1+0x2d
J  com.kenai.jffi.Invoker.invokeI1(Lcom/kenai/jffi/CallContext;JI)I
j  org.jruby.ext.ffi.jffi.JITNativeInvoker.call(Lorg/jruby/runtime/ThreadContext;Lorg/jruby/runtime/builtin/IRubyObject;Lorg/jruby/RubyModule;Ljava/lang/String;[Lorg/jruby/runtime/builtin/IRubyObject;)Lorg/jruby/runtime/builtin/IRubyObject;+92
j  org.jruby.ext.ffi.jffi.NativeInvoker.call(Lorg/jruby/runtime/ThreadContext;Lorg/jruby/runtime/builtin/IRubyObject;Lorg/jruby/RubyModule;Ljava/lang/String;[Lorg/jruby/runtime/builtin/IRubyObject;Lorg/jruby/runtime/Block;)Lorg/jruby/runtime/builtin/IRubyObject;+36
j  org.jruby.ext.ffi.jffi.DefaultMethod.call(Lorg/jruby/runtime/ThreadContext;Lorg/jruby/runtime/builtin/IRubyObject;Lorg/jruby/RubyModule;Ljava/lang/String;[Lorg/jruby/runtime/builtin/IRubyObject;Lorg/jruby/runtime/Block;)Lorg/jruby/runtime/builtin/IRubyObject;+13
j  org.jruby.internal.runtime.methods.DynamicMethod.call(Lorg/jruby/runtime/ThreadContext;Lorg/jruby/runtime/builtin/IRubyObject;Lorg/jruby/RubyModule;Ljava/lang/String;Lorg/jruby/runtime/builtin/IRubyObject;Lorg/jruby/runtime/Block;)Lorg/jruby/runtime/builtin/IRubyObject;+17
J  org.jruby.internal.runtime.methods.DynamicMethod.call(Lorg/jruby/runtime/ThreadContext;Lorg/jruby/runtime/builtin/IRubyObject;Lorg/jruby/RubyModule;Ljava/lang/String;Lorg/jruby/runtime/builtin/IRubyObject;)Lorg/jruby/runtime/builtin/IRubyObject;
J  org.jruby.runtime.callsite.CachingCallSite.call(Lorg/jruby/runtime/ThreadContext;Lorg/jruby/runtime/builtin/IRubyObject;Lorg/jruby/runtime/builtin/IRubyObject;Lorg/jruby/runtime/builtin/IRubyObject;)Lorg/jruby/runtime/builtin/IRubyObject;
j  org.jruby.internal.runtime.methods.DefaultMethod.call(Lorg/jruby/runtime/ThreadContext;Lorg/jruby/runtime/builtin/IRubyObject;Lorg/jruby/RubyModule;Ljava/lang/String;)Lorg/jruby/runtime/builtin/IRubyObject;+20
j  org.jruby.runtime.callsite.CachingCallSite.cacheAndCall(Lorg/jruby/runtime/builtin/IRubyObject;Lorg/jruby/RubyClass;Lorg/jruby/runtime/ThreadContext;Lorg/jruby/runtime/builtin/IRubyObject;)Lorg/jruby/runtime/builtin/IRubyObject;+53
J  org.jruby.runtime.callsite.CachingCallSite.call(Lorg/jruby/runtime/ThreadContext;Lorg/jruby/runtime/builtin/IRubyObject;Lorg/jruby/runtime/builtin/IRubyObject;)Lorg/jruby/runtime/builtin/IRubyObject;
J  org.jruby.ast.NewlineNode.interpret(Lorg/jruby/Ruby;Lorg/jruby/runtime/ThreadContext;Lorg/jruby/runtime/builtin/IRubyObject;Lorg/jruby/runtime/Block;)Lorg/jruby/runtime/builtin/IRubyObject;
j  org.jruby.internal.runtime.methods.DefaultMethod.call(Lorg/jruby/runtime/ThreadContext;Lorg/jruby/runtime/builtin/IRubyObject;Lorg/jruby/RubyModule;Ljava/lang/String;)Lorg/jruby/runtime/builtin/IRubyObject;+20
j  org.jruby.runtime.callsite.CachingCallSite.cacheAndCall(Lorg/jruby/runtime/builtin/IRubyObject;Lorg/jruby/RubyClass;Lorg/jruby/runtime/ThreadContext;Lorg/jruby/runtime/builtin/IRubyObject;)Lorg/jruby/runtime/builtin/IRubyObject;+53
J  org.jruby.runtime.callsite.CachingCallSite.call(Lorg/jruby/runtime/ThreadContext;Lorg/jruby/runtime/builtin/IRubyObject;Lorg/jruby/runtime/builtin/IRubyObject;)Lorg/jruby/runtime/builtin/IRubyObject;
j  Makefile$method__2$RUBY$test.call(Lorg/jruby/runtime/ThreadContext;Lorg/jruby/runtime/builtin/IRubyObject;Lorg/jruby/RubyModule;Ljava/lang/String;Lorg/jruby/runtime/Block;)Lorg/jruby/runtime/builtin/IRubyObject;+17
j  org.jruby.RubyClass.finvoke(Lorg/jruby/runtime/ThreadContext;Lorg/jruby/runtime/builtin/IRubyObject;Ljava/lang/String;Lorg/jruby/runtime/Block;)Lorg/jruby/runtime/builtin/IRubyObject;+41
j  org.jruby.RubyBasicObject.send19(Lorg/jruby/runtime/ThreadContext;Lorg/jruby/runtime/builtin/IRubyObject;Lorg/jruby/runtime/Block;)Lorg/jruby/runtime/builtin/IRubyObject;+15
j  org.jruby.RubyKernel.send19(Lorg/jruby/runtime/ThreadContext;Lorg/jruby/runtime/builtin/IRubyObject;Lorg/jruby/runtime/builtin/IRubyObject;Lorg/jruby/runtime/Block;)Lorg/jruby/runtime/builtin/IRubyObject;+7
j  org.jruby.RubyKernel$INVOKER$s$send19.call(Lorg/jruby/runtime/ThreadContext;Lorg/jruby/runtime/builtin/IRubyObject;Lorg/jruby/RubyModule;Ljava/lang/String;Lorg/jruby/runtime/builtin/IRubyObject;Lorg/jruby/runtime/Block;)Lorg/jruby/runtime/builtin/IRubyObject;+6
j  org.jruby.internal.runtime.methods.JavaMethod$JavaMethodOneOrNBlock.call(Lorg/jruby/runtime/ThreadContext;Lorg/jruby/runtime/builtin/IRubyObject;Lorg/jruby/RubyModule;Ljava/lang/String;Lorg/jruby/runtime/builtin/IRubyObject;)Lorg/jruby/runtime/builtin/IRubyObject;+11
J  org.jruby.runtime.callsite.CachingCallSite.call(Lorg/jruby/runtime/ThreadContext;Lorg/jruby/runtime/builtin/IRubyObject;Lorg/jruby/runtime/builtin/IRubyObject;Lorg/jruby/runtime/builtin/IRubyObject;)Lorg/jruby/runtime/builtin/IRubyObject;
j  Makefile$block_7$RUBY$__file__.call(Lorg/jruby/runtime/ThreadContext;Lorg/jruby/runtime/builtin/IRubyObject;[Lorg/jruby/runtime/builtin/IRubyObject;Lorg/jruby/runtime/Block;)Lorg/jruby/runtime/builtin/IRubyObject;+9
j  org.jruby.runtime.CompiledBlock19.yield(Lorg/jruby/runtime/ThreadContext;Lorg/jruby/runtime/builtin/IRubyObject;Lorg/jruby/runtime/Binding;Lorg/jruby/runtime/Block$Type;)Lorg/jruby/runtime/builtin/IRubyObject;+52
J  org.jruby.runtime.Block.yield(Lorg/jruby/runtime/ThreadContext;Lorg/jruby/runtime/builtin/IRubyObject;)Lorg/jruby/runtime/builtin/IRubyObject;
j  org.jruby.RubyArray.each(Lorg/jruby/runtime/ThreadContext;Lorg/jruby/runtime/Block;)Lorg/jruby/runtime/builtin/IRubyObject;+10
j  org.jruby.RubyArray$INVOKER$i$0$0$each.call(Lorg/jruby/runtime/ThreadContext;Lorg/jruby/runtime/builtin/IRubyObject;Lorg/jruby/RubyModule;Ljava/lang/String;Lorg/jruby/runtime/Block;)Lorg/jruby/runtime/builtin/IRubyObject;+7
j  org.jruby.runtime.callsite.CachingCallSite.cacheAndCall(Lorg/jruby/runtime/builtin/IRubyObject;Lorg/jruby/RubyClass;Lorg/jruby/runtime/Block;Lorg/jruby/runtime/ThreadContext;Lorg/jruby/runtime/builtin/IRubyObject;)Lorg/jruby/runtime/builtin/IRubyObject;+57
j  org.jruby.runtime.callsite.CachingCallSite.callBlock(Lorg/jruby/runtime/ThreadContext;Lorg/jruby/runtime/builtin/IRubyObject;Lorg/jruby/runtime/builtin/IRubyObject;Lorg/jruby/runtime/Block;)Lorg/jruby/runtime/builtin/IRubyObject;+50
j  org.jruby.runtime.callsite.CachingCallSite.callIter(Lorg/jruby/runtime/ThreadContext;Lorg/jruby/runtime/builtin/IRubyObject;Lorg/jruby/runtime/builtin/IRubyObject;Lorg/jruby/runtime/Block;)Lorg/jruby/runtime/builtin/IRubyObject;+6
j  Makefile.__file__(LMakefile;Lorg/jruby/runtime/ThreadContext;Lorg/jruby/runtime/builtin/IRubyObject;[Lorg/jruby/runtime/builtin/IRubyObject;Lorg/jruby/runtime/Block;)Lorg/jruby/runtime/builtin/IRubyObject;+941
j  Makefile.load(Lorg/jruby/runtime/ThreadContext;Lorg/jruby/runtime/builtin/IRubyObject;Z)Lorg/jruby/runtime/builtin/IRubyObject;+22
j  org.jruby.Ruby.runScript(Lorg/jruby/ast/executable/Script;Z)Lorg/jruby/runtime/builtin/IRubyObject;+12
j  org.jruby.Ruby.runScript(Lorg/jruby/ast/executable/Script;)Lorg/jruby/runtime/builtin/IRubyObject;+3
j  org.jruby.Ruby.runNormally(Lorg/jruby/ast/Node;)Lorg/jruby/runtime/builtin/IRubyObject;+73
j  org.jruby.Ruby.runFromMain(Ljava/io/InputStream;Ljava/lang/String;)V+320
j  org.jruby.Main.doRunFromMain(Lorg/jruby/Ruby;Ljava/io/InputStream;Ljava/lang/String;)Lorg/jruby/Main$Status;+12
j  org.jruby.Main.internalRun()Lorg/jruby/Main$Status;+234
j  org.jruby.Main.run([Ljava/lang/String;)Lorg/jruby/Main$Status;+9
j  org.jruby.Main.main([Ljava/lang/String;)V+35
v  ~StubRoutines::call_stub
V  [libjvm.so+0x281d9f]  JavaCalls::call_helper(JavaValue*, methodHandle*, JavaCallArguments*, Thread*)+0x57f

Java frames: (J=compiled Java code, j=interpreted, Vv=VM code)
J  com.kenai.jffi.Foreign.invokeI1(JJI)I
J  com.kenai.jffi.Invoker.invokeI1(Lcom/kenai/jffi/CallContext;JI)I
j  org.jruby.ext.ffi.jffi.NativeInvoker$ffi$5.call(Lorg/jruby/runtime/ThreadContext;Lorg/jruby/runtime/builtin/IRubyObject;Lorg/jruby/RubyModule;Ljava/lang/String;Lorg/jruby/runtime/builtin/IRubyObject;)Lorg/jruby/runtime/builtin/IRubyObject;+77
j  org.jruby.ext.ffi.jffi.JITNativeInvoker.call(Lorg/jruby/runtime/ThreadContext;Lorg/jruby/runtime/builtin/IRubyObject;Lorg/jruby/RubyModule;Ljava/lang/String;[Lorg/jruby/runtime/builtin/IRubyObject;)Lorg/jruby/runtime/builtin/IRubyObject;+92
j  org.jruby.ext.ffi.jffi.NativeInvoker.call(Lorg/jruby/runtime/ThreadContext;Lorg/jruby/runtime/builtin/IRubyObject;Lorg/jruby/RubyModule;Ljava/lang/String;[Lorg/jruby/runtime/builtin/IRubyObject;Lorg/jruby/runtime/Block;)Lorg/jruby/runtime/builtin/IRubyObject;+36
j  org.jruby.ext.ffi.jffi.DefaultMethod.call(Lorg/jruby/runtime/ThreadContext;Lorg/jruby/runtime/builtin/IRubyObject;Lorg/jruby/RubyModule;Ljava/lang/String;[Lorg/jruby/runtime/builtin/IRubyObject;Lorg/jruby/runtime/Block;)Lorg/jruby/runtime/builtin/IRubyObject;+13
j  org.jruby.internal.runtime.methods.DynamicMethod.call(Lorg/jruby/runtime/ThreadContext;Lorg/jruby/runtime/builtin/IRubyObject;Lorg/jruby/RubyModule;Ljava/lang/String;Lorg/jruby/runtime/builtin/IRubyObject;Lorg/jruby/runtime/Block;)Lorg/jruby/runtime/builtin/IRubyObject;+17
J  org.jruby.internal.runtime.methods.DynamicMethod.call(Lorg/jruby/runtime/ThreadContext;Lorg/jruby/runtime/builtin/IRubyObject;Lorg/jruby/RubyModule;Ljava/lang/String;Lorg/jruby/runtime/builtin/IRubyObject;)Lorg/jruby/runtime/builtin/IRubyObject;
j  org.jruby.runtime.callsite.CachingCallSite.cacheAndCall(Lorg/jruby/runtime/builtin/IRubyObject;Lorg/jruby/RubyClass;Lorg/jruby/runtime/ThreadContext;Lorg/jruby/runtime/builtin/IRubyObject;Lorg/jruby/runtime/builtin/IRubyObject;)Lorg/jruby/runtime/builtin/IRubyObject;+57
J  org.jruby.runtime.callsite.CachingCallSite.call(Lorg/jruby/runtime/ThreadContext;Lorg/jruby/runtime/builtin/IRubyObject;Lorg/jruby/runtime/builtin/IRubyObject;Lorg/jruby/runtime/builtin/IRubyObject;)Lorg/jruby/runtime/builtin/IRubyObject;
J  org.jruby.ast.CallOneArgNode.interpret(Lorg/jruby/Ruby;Lorg/jruby/runtime/ThreadContext;Lorg/jruby/runtime/builtin/IRubyObject;Lorg/jruby/runtime/Block;)Lorg/jruby/runtime/builtin/IRubyObject;
J  org.jruby.ast.NewlineNode.interpret(Lorg/jruby/Ruby;Lorg/jruby/runtime/ThreadContext;Lorg/jruby/runtime/builtin/IRubyObject;Lorg/jruby/runtime/Block;)Lorg/jruby/runtime/builtin/IRubyObject;
J  org.jruby.ast.BlockNode.interpret(Lorg/jruby/Ruby;Lorg/jruby/runtime/ThreadContext;Lorg/jruby/runtime/builtin/IRubyObject;Lorg/jruby/runtime/Block;)Lorg/jruby/runtime/builtin/IRubyObject;
J  org.jruby.evaluator.ASTInterpreter.INTERPRET_METHOD(Lorg/jruby/Ruby;Lorg/jruby/runtime/ThreadContext;Ljava/lang/String;ILorg/jruby/RubyModule;Lorg/jruby/ast/Node;Ljava/lang/String;Lorg/jruby/runtime/builtin/IRubyObject;Lorg/jruby/runtime/Block;Z)Lorg/jruby/runtime/builtin/IRubyObject;
j  org.jruby.internal.runtime.methods.InterpretedMethod.call(Lorg/jruby/runtime/ThreadContext;Lorg/jruby/runtime/builtin/IRubyObject;Lorg/jruby/RubyModule;Ljava/lang/String;)Lorg/jruby/runtime/builtin/IRubyObject;+80
j  org.jruby.internal.runtime.methods.DefaultMethod.call(Lorg/jruby/runtime/ThreadContext;Lorg/jruby/runtime/builtin/IRubyObject;Lorg/jruby/RubyModule;Ljava/lang/String;)Lorg/jruby/runtime/builtin/IRubyObject;+20
j  org.jruby.runtime.callsite.CachingCallSite.cacheAndCall(Lorg/jruby/runtime/builtin/IRubyObject;Lorg/jruby/RubyClass;Lorg/jruby/runtime/ThreadContext;Lorg/jruby/runtime/builtin/IRubyObject;)Lorg/jruby/runtime/builtin/IRubyObject;+53
J  org.jruby.runtime.callsite.CachingCallSite.call(Lorg/jruby/runtime/ThreadContext;Lorg/jruby/runtime/builtin/IRubyObject;Lorg/jruby/runtime/builtin/IRubyObject;)Lorg/jruby/runtime/builtin/IRubyObject;
J  org.jruby.ast.CallNoArgNode.interpret(Lorg/jruby/Ruby;Lorg/jruby/runtime/ThreadContext;Lorg/jruby/runtime/builtin/IRubyObject;Lorg/jruby/runtime/Block;)Lorg/jruby/runtime/builtin/IRubyObject;
j  org.jruby.ast.FCallTwoArgNode.interpret(Lorg/jruby/Ruby;Lorg/jruby/runtime/ThreadContext;Lorg/jruby/runtime/builtin/IRubyObject;Lorg/jruby/runtime/Block;)Lorg/jruby/runtime/builtin/IRubyObject;+28
J  org.jruby.ast.NewlineNode.interpret(Lorg/jruby/Ruby;Lorg/jruby/runtime/ThreadContext;Lorg/jruby/runtime/builtin/IRubyObject;Lorg/jruby/runtime/Block;)Lorg/jruby/runtime/builtin/IRubyObject;
J  org.jruby.ast.BlockNode.interpret(Lorg/jruby/Ruby;Lorg/jruby/runtime/ThreadContext;Lorg/jruby/runtime/builtin/IRubyObject;Lorg/jruby/runtime/Block;)Lorg/jruby/runtime/builtin/IRubyObject;
J  org.jruby.evaluator.ASTInterpreter.INTERPRET_METHOD(Lorg/jruby/Ruby;Lorg/jruby/runtime/ThreadContext;Ljava/lang/String;ILorg/jruby/RubyModule;Lorg/jruby/ast/Node;Ljava/lang/String;Lorg/jruby/runtime/builtin/IRubyObject;Lorg/jruby/runtime/Block;Z)Lorg/jruby/runtime/builtin/IRubyObject;
j  org.jruby.internal.runtime.methods.InterpretedMethod.call(Lorg/jruby/runtime/ThreadContext;Lorg/jruby/runtime/builtin/IRubyObject;Lorg/jruby/RubyModule;Ljava/lang/String;)Lorg/jruby/runtime/builtin/IRubyObject;+80
j  org.jruby.internal.runtime.methods.DefaultMethod.call(Lorg/jruby/runtime/ThreadContext;Lorg/jruby/runtime/builtin/IRubyObject;Lorg/jruby/RubyModule;Ljava/lang/String;)Lorg/jruby/runtime/builtin/IRubyObject;+20
j  org.jruby.runtime.callsite.CachingCallSite.cacheAndCall(Lorg/jruby/runtime/builtin/IRubyObject;Lorg/jruby/RubyClass;Lorg/jruby/runtime/ThreadContext;Lorg/jruby/runtime/builtin/IRubyObject;)Lorg/jruby/runtime/builtin/IRubyObject;+53
J  org.jruby.runtime.callsite.CachingCallSite.call(Lorg/jruby/runtime/ThreadContext;Lorg/jruby/runtime/builtin/IRubyObject;Lorg/jruby/runtime/builtin/IRubyObject;)Lorg/jruby/runtime/builtin/IRubyObject;
j  Makefile.method__2$RUBY$test(LMakefile;Lorg/jruby/runtime/ThreadContext;Lorg/jruby/runtime/builtin/IRubyObject;Lorg/jruby/runtime/Block;)Lorg/jruby/runtime/builtin/IRubyObject;+130
j  Makefile$method__2$RUBY$test.call(Lorg/jruby/runtime/ThreadContext;Lorg/jruby/runtime/builtin/IRubyObject;Lorg/jruby/RubyModule;Ljava/lang/String;Lorg/jruby/runtime/Block;)Lorg/jruby/runtime/builtin/IRubyObject;+17
j  org.jruby.RubyClass.finvoke(Lorg/jruby/runtime/ThreadContext;Lorg/jruby/runtime/builtin/IRubyObject;Ljava/lang/String;Lorg/jruby/runtime/Block;)Lorg/jruby/runtime/builtin/IRubyObject;+41
j  org.jruby.RubyBasicObject.send19(Lorg/jruby/runtime/ThreadContext;Lorg/jruby/runtime/builtin/IRubyObject;Lorg/jruby/runtime/Block;)Lorg/jruby/runtime/builtin/IRubyObject;+15
j  org.jruby.RubyKernel.send19(Lorg/jruby/runtime/ThreadContext;Lorg/jruby/runtime/builtin/IRubyObject;Lorg/jruby/runtime/builtin/IRubyObject;Lorg/jruby/runtime/Block;)Lorg/jruby/runtime/builtin/IRubyObject;+7
j  org.jruby.RubyKernel$INVOKER$s$send19.call(Lorg/jruby/runtime/ThreadContext;Lorg/jruby/runtime/builtin/IRubyObject;Lorg/jruby/RubyModule;Ljava/lang/String;Lorg/jruby/runtime/builtin/IRubyObject;Lorg/jruby/runtime/Block;)Lorg/jruby/runtime/builtin/IRubyObject;+6
j  org.jruby.internal.runtime.methods.JavaMethod$JavaMethodOneOrNBlock.call(Lorg/jruby/runtime/ThreadContext;Lorg/jruby/runtime/builtin/IRubyObject;Lorg/jruby/RubyModule;Ljava/lang/String;Lorg/jruby/runtime/builtin/IRubyObject;)Lorg/jruby/runtime/builtin/IRubyObject;+11
J  org.jruby.runtime.callsite.CachingCallSite.call(Lorg/jruby/runtime/ThreadContext;Lorg/jruby/runtime/builtin/IRubyObject;Lorg/jruby/runtime/builtin/IRubyObject;Lorg/jruby/runtime/builtin/IRubyObject;)Lorg/jruby/runtime/builtin/IRubyObject;
j  Makefile.block_7$RUBY$__file__(LMakefile;Lorg/jruby/runtime/ThreadContext;Lorg/jruby/runtime/builtin/IRubyObject;[Lorg/jruby/runtime/builtin/IRubyObject;Lorg/jruby/runtime/Block;)Lorg/jruby/runtime/builtin/IRubyObject;+46
j  Makefile$block_7$RUBY$__file__.call(Lorg/jruby/runtime/ThreadContext;Lorg/jruby/runtime/builtin/IRubyObject;[Lorg/jruby/runtime/builtin/IRubyObject;Lorg/jruby/runtime/Block;)Lorg/jruby/runtime/builtin/IRubyObject;+9
j  org.jruby.runtime.CompiledBlock19.yield(Lorg/jruby/runtime/ThreadContext;Lorg/jruby/runtime/builtin/IRubyObject;Lorg/jruby/runtime/Binding;Lorg/jruby/runtime/Block$Type;)Lorg/jruby/runtime/builtin/IRubyObject;+52
J  org.jruby.runtime.Block.yield(Lorg/jruby/runtime/ThreadContext;Lorg/jruby/runtime/builtin/IRubyObject;)Lorg/jruby/runtime/builtin/IRubyObject;
j  org.jruby.RubyArray.eachCommon(Lorg/jruby/runtime/ThreadContext;Lorg/jruby/runtime/Block;)Lorg/jruby/runtime/builtin/IRubyObject;+41
j  org.jruby.RubyArray.each(Lorg/jruby/runtime/ThreadContext;Lorg/jruby/runtime/Block;)Lorg/jruby/runtime/builtin/IRubyObject;+10
j  org.jruby.RubyArray$INVOKER$i$0$0$each.call(Lorg/jruby/runtime/ThreadContext;Lorg/jruby/runtime/builtin/IRubyObject;Lorg/jruby/RubyModule;Ljava/lang/String;Lorg/jruby/runtime/Block;)Lorg/jruby/runtime/builtin/IRubyObject;+7
j  org.jruby.runtime.callsite.CachingCallSite.cacheAndCall(Lorg/jruby/runtime/builtin/IRubyObject;Lorg/jruby/RubyClass;Lorg/jruby/runtime/Block;Lorg/jruby/runtime/ThreadContext;Lorg/jruby/runtime/builtin/IRubyObject;)Lorg/jruby/runtime/builtin/IRubyObject;+57
j  org.jruby.runtime.callsite.CachingCallSite.callBlock(Lorg/jruby/runtime/ThreadContext;Lorg/jruby/runtime/builtin/IRubyObject;Lorg/jruby/runtime/builtin/IRubyObject;Lorg/jruby/runtime/Block;)Lorg/jruby/runtime/builtin/IRubyObject;+50
j  org.jruby.runtime.callsite.CachingCallSite.callIter(Lorg/jruby/runtime/ThreadContext;Lorg/jruby/runtime/builtin/IRubyObject;Lorg/jruby/runtime/builtin/IRubyObject;Lorg/jruby/runtime/Block;)Lorg/jruby/runtime/builtin/IRubyObject;+6
j  Makefile.__file__(LMakefile;Lorg/jruby/runtime/ThreadContext;Lorg/jruby/runtime/builtin/IRubyObject;[Lorg/jruby/runtime/builtin/IRubyObject;Lorg/jruby/runtime/Block;)Lorg/jruby/runtime/builtin/IRubyObject;+941
j  Makefile.load(Lorg/jruby/runtime/ThreadContext;Lorg/jruby/runtime/builtin/IRubyObject;Z)Lorg/jruby/runtime/builtin/IRubyObject;+22
j  org.jruby.Ruby.runScript(Lorg/jruby/ast/executable/Script;Z)Lorg/jruby/runtime/builtin/IRubyObject;+12
j  org.jruby.Ruby.runScript(Lorg/jruby/ast/executable/Script;)Lorg/jruby/runtime/builtin/IRubyObject;+3
j  org.jruby.Ruby.runNormally(Lorg/jruby/ast/Node;)Lorg/jruby/runtime/builtin/IRubyObject;+73
j  org.jruby.Ruby.runFromMain(Ljava/io/InputStream;Ljava/lang/String;)V+320
j  org.jruby.Main.doRunFromMain(Lorg/jruby/Ruby;Ljava/io/InputStream;Ljava/lang/String;)Lorg/jruby/Main$Status;+12
j  org.jruby.Main.internalRun()Lorg/jruby/Main$Status;+234
j  org.jruby.Main.run([Ljava/lang/String;)Lorg/jruby/Main$Status;+9
j  org.jruby.Main.main([Ljava/lang/String;)V+35
v  ~StubRoutines::call_stub

---------------  P R O C E S S  ---------------

Java Threads: ( => current thread )
  0xb2fdd800 JavaThread "ReferenceReaper" daemon [_thread_blocked, id=11149, stack(0xb22fd000,0xb24fe000)]
  0xb2fd2000 JavaThread "JRubyJIT-2" daemon [_thread_blocked, id=11148, stack(0xb20fc000,0xb22fd000)]
  0xb678b800 JavaThread "process reaper" daemon [_thread_blocked, id=10946, stack(0xb306c000,0xb307b000)]
  0xb6793400 JavaThread "JRubyJIT-1" daemon [_thread_blocked, id=10943, stack(0xb26ff000,0xb2900000)]
  0xb674a000 JavaThread "Service Thread" daemon [_thread_blocked, id=10941, stack(0xb32cb000,0xb34cc000)]
  0xb6748000 JavaThread "C1 CompilerThread0" daemon [_thread_blocked, id=10940, stack(0xb3d7e000,0xb3dff000)]
  0xb6746400 JavaThread "Signal Dispatcher" daemon [_thread_blocked, id=10939, stack(0xb34cc000,0xb36cd000)]
  0xb6738000 JavaThread "Finalizer" daemon [_thread_blocked, id=10938, stack(0xb39ff000,0xb3c00000)]
  0xb6736800 JavaThread "Reference Handler" daemon [_thread_blocked, id=10937, stack(0xb3dff000,0xb4000000)]
=>0xb6707000 JavaThread "main" [_thread_in_native, id=10935, stack(0xb688b000,0xb6a8c000)]

Other Threads:
  0xb6735000 VMThread [stack: 0xb410a000,0xb418b000] [id=10936]
  0xb6754400 WatcherThread [stack: 0xb324a000,0xb32cb000] [id=10942]

VM state:not at safepoint (normal execution)

VM Mutex/Monitor currently owned by a thread: None

Heap
 def new generation   total 4736K, used 2924K [0x6f580000, 0x6faa0000, 0x79c20000)
  eden space 4224K,  67% used [0x6f580000, 0x6f846f48, 0x6f9a0000)
  from space 512K,  15% used [0x6fa20000, 0x6fa34458, 0x6faa0000)
  to   space 512K,   0% used [0x6f9a0000, 0x6f9a0000, 0x6fa20000)
 tenured generation   total 10624K, used 9254K [0x79c20000, 0x7a680000, 0x8e980000)
   the space 10624K,  87% used [0x79c20000, 0x7a529a30, 0x7a529c00, 0x7a680000)
 compacting perm gen  total 14080K, used 13999K [0x8e980000, 0x8f740000, 0x92980000)
   the space 14080K,  99% used [0x8e980000, 0x8f72bf00, 0x8f72c000, 0x8f740000)
    ro space 10240K,  60% used [0x92980000, 0x92f8c968, 0x92f8ca00, 0x93380000)
    rw space 12288K,  61% used [0x93380000, 0x93ae62d8, 0x93ae6400, 0x93f80000)

Card table byte_map: [0xb455a000,0xb4680000] byte_map_base: 0xb41df400

Polling page: 0xb779a000

Code Cache  [0xb4700000, 0xb4968000, 0xb6700000)
 total_blobs=1613 nmethods=1355 adapters=191 free_code_cache=30323Kb largest_free_block=31050304

Compilation events (10 events):
Event: 11,776 Thread 0xb6748000 1356             org.jruby.runtime.Interpreted19Block::yieldSpecific (9 bytes)
Event: 11,776 Thread 0xb6748000 nmethod 1356 0xb4961c88 code [0xb4961d80, 0xb4961e2c]
Event: 11,776 Thread 0xb6748000 1357             org.jruby.ext.ffi.jffi.NativeInvoker$ffi$4::call (164 bytes)
Event: 11,782 Thread 0xb6748000 nmethod 1357 0xb4961e88 code [0xb4962010, 0xb4962520]
Event: 11,787 Thread 0xb6748000 1358             org.jruby.RubyFloat::op_equal (95 bytes)
Event: 11,789 Thread 0xb6748000 nmethod 1358 0xb4962b48 code [0xb4962c80, 0xb4962ea8]
Event: 11,789 Thread 0xb6748000 1359             org.jruby.RubyFloat$INVOKER$i$1$0$op_equal::call (11 bytes)
Event: 11,790 Thread 0xb6748000 nmethod 1359 0xb4963188 code [0xb4963290, 0xb496335c]
Event: 11,790 Thread 0xb6748000 1360             org.jruby.ast.DNode::is19 (13 bytes)
Event: 11,790 Thread 0xb6748000 nmethod 1360 0xb4963408 code [0xb4963500, 0xb4963590]

GC Heap History (10 events):
Event: 8,415 GC heap before
{Heap before GC invocations=6 (full 0):
 def new generation   total 4736K, used 4580K [0x6f580000, 0x6faa0000, 0x79c20000)
  eden space 4224K, 100% used [0x6f580000, 0x6f9a0000, 0x6f9a0000)
  from space 512K,  69% used [0x6f9a0000, 0x6f9f92e8, 0x6fa20000)
  to   space 512K,   0% used [0x6fa20000, 0x6fa20000, 0x6faa0000)
 tenured generation   total 10624K, used 6489K [0x79c20000, 0x7a680000, 0x8e980000)
   the space 10624K,  61% used [0x79c20000, 0x7a276778, 0x7a276800, 0x7a680000)
 compacting perm gen  total 12800K, used 12751K [0x8e980000, 0x8f600000, 0x92980000)
   the space 12800K,  99% used [0x8e980000, 0x8f5f3db8, 0x8f5f3e00, 0x8f600000)
    ro space 10240K,  60% used [0x92980000, 0x92f8c968, 0x92f8ca00, 0x93380000)
    rw space 12288K,  61% used [0x93380000, 0x93ae62d8, 0x93ae6400, 0x93f80000)
Event: 8,432 GC heap after
Heap after GC invocations=7 (full 0):
 def new generation   total 4736K, used 176K [0x6f580000, 0x6faa0000, 0x79c20000)
  eden space 4224K,   0% used [0x6f580000, 0x6f580000, 0x6f9a0000)
  from space 512K,  34% used [0x6fa20000, 0x6fa4c220, 0x6faa0000)
  to   space 512K,   0% used [0x6f9a0000, 0x6f9a0000, 0x6fa20000)
 tenured generation   total 10624K, used 6781K [0x79c20000, 0x7a680000, 0x8e980000)
   the space 10624K,  63% used [0x79c20000, 0x7a2bf608, 0x7a2bf800, 0x7a680000)
 compacting perm gen  total 12800K, used 12751K [0x8e980000, 0x8f600000, 0x92980000)
   the space 12800K,  99% used [0x8e980000, 0x8f5f3db8, 0x8f5f3e00, 0x8f600000)
    ro space 10240K,  60% used [0x92980000, 0x92f8c968, 0x92f8ca00, 0x93380000)
    rw space 12288K,  61% used [0x93380000, 0x93ae62d8, 0x93ae6400, 0x93f80000)
}
Event: 9,354 GC heap before
{Heap before GC invocations=7 (full 0):
 def new generation   total 4736K, used 4400K [0x6f580000, 0x6faa0000, 0x79c20000)
  eden space 4224K, 100% used [0x6f580000, 0x6f9a0000, 0x6f9a0000)
  from space 512K,  34% used [0x6fa20000, 0x6fa4c220, 0x6faa0000)
  to   space 512K,   0% used [0x6f9a0000, 0x6f9a0000, 0x6fa20000)
 tenured generation   total 10624K, used 6781K [0x79c20000, 0x7a680000, 0x8e980000)
   the space 10624K,  63% used [0x79c20000, 0x7a2bf608, 0x7a2bf800, 0x7a680000)
 compacting perm gen  total 13056K, used 12845K [0x8e980000, 0x8f640000, 0x92980000)
   the space 13056K,  98% used [0x8e980000, 0x8f60b670, 0x8f60b800, 0x8f640000)
    ro space 10240K,  60% used [0x92980000, 0x92f8c968, 0x92f8ca00, 0x93380000)
    rw space 12288K,  61% used [0x93380000, 0x93ae62d8, 0x93ae6400, 0x93f80000)
Event: 9,380 GC heap after
Heap after GC invocations=8 (full 0):
 def new generation   total 4736K, used 512K [0x6f580000, 0x6faa0000, 0x79c20000)
  eden space 4224K,   0% used [0x6f580000, 0x6f580000, 0x6f9a0000)
  from space 512K, 100% used [0x6f9a0000, 0x6fa20000, 0x6fa20000)
  to   space 512K,   0% used [0x6fa20000, 0x6fa20000, 0x6faa0000)
 tenured generation   total 10624K, used 7663K [0x79c20000, 0x7a680000, 0x8e980000)
   the space 10624K,  72% used [0x79c20000, 0x7a39bfb8, 0x7a39c000, 0x7a680000)
 compacting perm gen  total 13056K, used 12845K [0x8e980000, 0x8f640000, 0x92980000)
   the space 13056K,  98% used [0x8e980000, 0x8f60b670, 0x8f60b800, 0x8f640000)
    ro space 10240K,  60% used [0x92980000, 0x92f8c968, 0x92f8ca00, 0x93380000)
    rw space 12288K,  61% used [0x93380000, 0x93ae62d8, 0x93ae6400, 0x93f80000)
}
Event: 10,513 GC heap before
{Heap before GC invocations=8 (full 0):
 def new generation   total 4736K, used 4736K [0x6f580000, 0x6faa0000, 0x79c20000)
  eden space 4224K, 100% used [0x6f580000, 0x6f9a0000, 0x6f9a0000)
  from space 512K, 100% used [0x6f9a0000, 0x6fa20000, 0x6fa20000)
  to   space 512K,   0% used [0x6fa20000, 0x6fa20000, 0x6faa0000)
 tenured generation   total 10624K, used 7663K [0x79c20000, 0x7a680000, 0x8e980000)
   the space 10624K,  72% used [0x79c20000, 0x7a39bfb8, 0x7a39c000, 0x7a680000)
 compacting perm gen  total 13824K, used 13685K [0x8e980000, 0x8f700000, 0x92980000)
   the space 13824K,  99% used [0x8e980000, 0x8f6dd7c0, 0x8f6dd800, 0x8f700000)
    ro space 10240K,  60% used [0x92980000, 0x92f8c968, 0x92f8ca00, 0x93380000)
    rw space 12288K,  61% used [0x93380000, 0x93ae62d8, 0x93ae6400, 0x93f80000)
Event: 10,537 GC heap after
Heap after GC invocations=9 (full 0):
 def new generation   total 4736K, used 512K [0x6f580000, 0x6faa0000, 0x79c20000)
  eden space 4224K,   0% used [0x6f580000, 0x6f580000, 0x6f9a0000)
  from space 512K, 100% used [0x6fa20000, 0x6faa0000, 0x6faa0000)
  to   space 512K,   0% used [0x6f9a0000, 0x6f9a0000, 0x6fa20000)
 tenured generation   total 10624K, used 8335K [0x79c20000, 0x7a680000, 0x8e980000)
   the space 10624K,  78% used [0x79c20000, 0x7a443fc0, 0x7a444000, 0x7a680000)
 compacting perm gen  total 13824K, used 13685K [0x8e980000, 0x8f700000, 0x92980000)
   the space 13824K,  99% used [0x8e980000, 0x8f6dd7c0, 0x8f6dd800, 0x8f700000)
    ro space 10240K,  60% used [0x92980000, 0x92f8c968, 0x92f8ca00, 0x93380000)
    rw space 12288K,  61% used [0x93380000, 0x93ae62d8, 0x93ae6400, 0x93f80000)
}
Event: 11,041 GC heap before
{Heap before GC invocations=9 (full 0):
 def new generation   total 4736K, used 4736K [0x6f580000, 0x6faa0000, 0x79c20000)
  eden space 4224K, 100% used [0x6f580000, 0x6f9a0000, 0x6f9a0000)
  from space 512K, 100% used [0x6fa20000, 0x6faa0000, 0x6faa0000)
  to   space 512K,   0% used [0x6f9a0000, 0x6f9a0000, 0x6fa20000)
 tenured generation   total 10624K, used 8335K [0x79c20000, 0x7a680000, 0x8e980000)
   the space 10624K,  78% used [0x79c20000, 0x7a443fc0, 0x7a444000, 0x7a680000)
 compacting perm gen  total 14080K, used 13892K [0x8e980000, 0x8f740000, 0x92980000)
   the space 14080K,  98% used [0x8e980000, 0x8f7111a8, 0x8f711200, 0x8f740000)
    ro space 10240K,  60% used [0x92980000, 0x92f8c968, 0x92f8ca00, 0x93380000)
    rw space 12288K,  61% used [0x93380000, 0x93ae62d8, 0x93ae6400, 0x93f80000)
Event: 11,067 GC heap after
Heap after GC invocations=10 (full 0):
 def new generation   total 4736K, used 512K [0x6f580000, 0x6faa0000, 0x79c20000)
  eden space 4224K,   0% used [0x6f580000, 0x6f580000, 0x6f9a0000)
  from space 512K, 100% used [0x6f9a0000, 0x6fa20000, 0x6fa20000)
  to   space 512K,   0% used [0x6fa20000, 0x6fa20000, 0x6faa0000)
 tenured generation   total 10624K, used 8826K [0x79c20000, 0x7a680000, 0x8e980000)
   the space 10624K,  83% used [0x79c20000, 0x7a4be880, 0x7a4bea00, 0x7a680000)
 compacting perm gen  total 14080K, used 13892K [0x8e980000, 0x8f740000, 0x92980000)
   the space 14080K,  98% used [0x8e980000, 0x8f7111a8, 0x8f711200, 0x8f740000)
    ro space 10240K,  60% used [0x92980000, 0x92f8c968, 0x92f8ca00, 0x93380000)
    rw space 12288K,  61% used [0x93380000, 0x93ae62d8, 0x93ae6400, 0x93f80000)
}
Event: 11,576 GC heap before
{Heap before GC invocations=10 (full 0):
 def new generation   total 4736K, used 4736K [0x6f580000, 0x6faa0000, 0x79c20000)
  eden space 4224K, 100% used [0x6f580000, 0x6f9a0000, 0x6f9a0000)
  from space 512K, 100% used [0x6f9a0000, 0x6fa20000, 0x6fa20000)
  to   space 512K,   0% used [0x6fa20000, 0x6fa20000, 0x6faa0000)
 tenured generation   total 10624K, used 8826K [0x79c20000, 0x7a680000, 0x8e980000)
   the space 10624K,  83% used [0x79c20000, 0x7a4be880, 0x7a4bea00, 0x7a680000)
 compacting perm gen  total 14080K, used 13997K [0x8e980000, 0x8f740000, 0x92980000)
   the space 14080K,  99% used [0x8e980000, 0x8f72b7c0, 0x8f72b800, 0x8f740000)
    ro space 10240K,  60% used [0x92980000, 0x92f8c968, 0x92f8ca00, 0x93380000)
    rw space 12288K,  61% used [0x93380000, 0x93ae62d8, 0x93ae6400, 0x93f80000)
Event: 11,595 GC heap after
Heap after GC invocations=11 (full 0):
 def new generation   total 4736K, used 81K [0x6f580000, 0x6faa0000, 0x79c20000)
  eden space 4224K,   0% used [0x6f580000, 0x6f580000, 0x6f9a0000)
  from space 512K,  15% used [0x6fa20000, 0x6fa34458, 0x6faa0000)
  to   space 512K,   0% used [0x6f9a0000, 0x6f9a0000, 0x6fa20000)
 tenured generation   total 10624K, used 9254K [0x79c20000, 0x7a680000, 0x8e980000)
   the space 10624K,  87% used [0x79c20000, 0x7a529a30, 0x7a529c00, 0x7a680000)
 compacting perm gen  total 14080K, used 13997K [0x8e980000, 0x8f740000, 0x92980000)
   the space 14080K,  99% used [0x8e980000, 0x8f72b7c0, 0x8f72b800, 0x8f740000)
    ro space 10240K,  60% used [0x92980000, 0x92f8c968, 0x92f8ca00, 0x93380000)
    rw space 12288K,  61% used [0x93380000, 0x93ae62d8, 0x93ae6400, 0x93f80000)
}

Deoptimization events (0 events):
No events

Internal exceptions (10 events):
Event: 10,996 Thread 0xb6793400 Threw 0x6f8ba168 at /build/buildd/openjdk-7-7u25-2.3.10/build/openjdk/hotspot/src/share/vm/prims/jvm.cpp:1235
Event: 10,996 Thread 0xb6793400 Threw 0x6f8cc9b8 at /build/buildd/openjdk-7-7u25-2.3.10/build/openjdk/hotspot/src/share/vm/prims/jvm.cpp:1235
Event: 11,013 Thread 0xb2fd2000 Threw 0x6f912b90 at /build/buildd/openjdk-7-7u25-2.3.10/build/openjdk/hotspot/src/share/vm/prims/jvm.cpp:1235
Event: 11,021 Thread 0xb2fd2000 Threw 0x6f914478 at /build/buildd/openjdk-7-7u25-2.3.10/build/openjdk/hotspot/src/share/vm/prims/jvm.cpp:1235
Event: 11,030 Thread 0xb2fd2000 Threw 0x6f9970c0 at /build/buildd/openjdk-7-7u25-2.3.10/build/openjdk/hotspot/src/share/vm/prims/jvm.cpp:1235
Event: 11,030 Thread 0xb2fd2000 Threw 0x6f9988a0 at /build/buildd/openjdk-7-7u25-2.3.10/build/openjdk/hotspot/src/share/vm/prims/jvm.cpp:1235
Event: 11,103 Thread 0xb6793400 Threw 0x6f68e888 at /build/buildd/openjdk-7-7u25-2.3.10/build/openjdk/hotspot/src/share/vm/prims/jvm.cpp:1235
Event: 11,103 Thread 0xb6793400 Threw 0x6f690038 at /build/buildd/openjdk-7-7u25-2.3.10/build/openjdk/hotspot/src/share/vm/prims/jvm.cpp:1235
Event: 11,122 Thread 0xb6793400 Threw 0x6f6d0c78 at /build/buildd/openjdk-7-7u25-2.3.10/build/openjdk/hotspot/src/share/vm/prims/jvm.cpp:1235
Event: 11,122 Thread 0xb6793400 Threw 0x6f6d2380 at /build/buildd/openjdk-7-7u25-2.3.10/build/openjdk/hotspot/src/share/vm/prims/jvm.cpp:1235

Events (10 events):
Event: 11,150 loading class 0xb2fdf4d8
Event: 11,150 loading class 0xb2fdf4d8 done
Event: 11,290 loading class 0xb2fdf550
Event: 11,290 loading class 0xb2fdf550 done
Event: 11,334 loading class 0xb3153958
Event: 11,334 loading class 0xb3153958 done
Event: 11,334 loading class 0xb3156de8
Event: 11,335 loading class 0xb3156de8 done
Event: 11,575 Executing VM operation: GenCollectForAllocation
Event: 11,600 Executing VM operation: GenCollectForAllocation done


Dynamic libraries:
08048000-08049000 r-xp 00000000 08:01 1051338    /usr/lib/jvm/java-7-openjdk-i386/jre/bin/java
08049000-0804a000 r--p 00000000 08:01 1051338    /usr/lib/jvm/java-7-openjdk-i386/jre/bin/java
0804a000-0804b000 rw-p 00001000 08:01 1051338    /usr/lib/jvm/java-7-openjdk-i386/jre/bin/java
08e58000-08e79000 rw-p 00000000 00:00 0          [heap]
6f580000-6faa0000 rw-p 00000000 00:00 0 
6faa0000-79c20000 rw-p 00000000 00:00 0 
79c20000-7a680000 rw-p 00000000 00:00 0 
7a680000-8e980000 rw-p 00000000 00:00 0 
8e980000-8f740000 rw-p 00000000 00:00 0 
8f740000-92980000 rw-p 00000000 00:00 0 
92980000-92f8d000 r--p 00001000 08:01 2491473    /usr/lib/jvm/java-7-openjdk-i386/jre/lib/i386/client/classes.jsa
92f8d000-93380000 rw-p 00000000 00:00 0 
93380000-93ae7000 rw-p 0060e000 08:01 2491473    /usr/lib/jvm/java-7-openjdk-i386/jre/lib/i386/client/classes.jsa
93ae7000-93f80000 rw-p 00000000 00:00 0 
93f80000-9429a000 rw-p 00d75000 08:01 2491473    /usr/lib/jvm/java-7-openjdk-i386/jre/lib/i386/client/classes.jsa
9429a000-94380000 rw-p 00000000 00:00 0 
94380000-94389000 r-xp 0108f000 08:01 2491473    /usr/lib/jvm/java-7-openjdk-i386/jre/lib/i386/client/classes.jsa
94389000-94780000 rw-p 00000000 00:00 0 
b20fc000-b20ff000 ---p 00000000 00:00 0 
b20ff000-b22fd000 rw-p 00000000 00:00 0 
b22fd000-b2300000 ---p 00000000 00:00 0 
b2300000-b24fe000 rw-p 00000000 00:00 0 
b24fe000-b2501000 ---p 00000000 00:00 0 
b2501000-b26ff000 rw-p 00000000 00:00 0 
b26ff000-b2702000 ---p 00000000 00:00 0 
b2702000-b2900000 rw-p 00000000 00:00 0 
b2900000-b29cb000 rw-p 00000000 00:00 0 
b29cb000-b2a00000 ---p 00000000 00:00 0 
b2a30000-b2b00000 rw-p 00000000 00:00 0 
b2b00000-b2be3000 rw-p 00000000 00:00 0 
b2be3000-b2c00000 ---p 00000000 00:00 0 
b2c53000-b2cb0000 rw-p 00000000 00:00 0 
b2cb0000-b2da7000 r-xp 00000000 08:01 1835662    /lib/i386-linux-gnu/libglib-2.0.so.0.3200.4
b2da7000-b2da8000 r--p 000f6000 08:01 1835662    /lib/i386-linux-gnu/libglib-2.0.so.0.3200.4
b2da8000-b2da9000 rw-p 000f7000 08:01 1835662    /lib/i386-linux-gnu/libglib-2.0.so.0.3200.4
b2da9000-b2efc000 r-xp 00000000 08:01 5377272    /usr/lib/i386-linux-gnu/libgio-2.0.so.0.3200.4
b2efc000-b2efe000 r--p 00153000 08:01 5377272    /usr/lib/i386-linux-gnu/libgio-2.0.so.0.3200.4
b2efe000-b2eff000 rw-p 00155000 08:01 5377272    /usr/lib/i386-linux-gnu/libgio-2.0.so.0.3200.4
b2eff000-b2f00000 rw-p 00000000 00:00 0 
b2f00000-b2ffd000 rw-p 00000000 00:00 0 
b2ffd000-b3000000 ---p 00000000 00:00 0 
b3052000-b3054000 r-xp 00000000 08:01 5946696    /home/miguelciencias/Documentos/Geometría Computacional/practica03/src/lib/libmake_monotone.so
b3054000-b3055000 r--p 00001000 08:01 5946696    /home/miguelciencias/Documentos/Geometría Computacional/practica03/src/lib/libmake_monotone.so
b3055000-b3056000 rw-p 00002000 08:01 5946696    /home/miguelciencias/Documentos/Geometría Computacional/practica03/src/lib/libmake_monotone.so
b3056000-b3058000 r-xp 00000000 08:01 5946672    /home/miguelciencias/Documentos/Geometría Computacional/practica03/src/lib/libexample.so
b3058000-b3059000 r--p 00001000 08:01 5946672    /home/miguelciencias/Documentos/Geometría Computacional/practica03/src/lib/libexample.so
b3059000-b305a000 rw-p 00002000 08:01 5946672    /home/miguelciencias/Documentos/Geometría Computacional/practica03/src/lib/libexample.so
b305a000-b305b000 r-xp 00000000 08:01 5946671    /home/miguelciencias/Documentos/Geometría Computacional/practica03/src/lib/libdcel.so
b305b000-b305c000 r--p 00000000 08:01 5946671    /home/miguelciencias/Documentos/Geometría Computacional/practica03/src/lib/libdcel.so
b305c000-b305d000 rw-p 00001000 08:01 5946671    /home/miguelciencias/Documentos/Geometría Computacional/practica03/src/lib/libdcel.so
b305d000-b305e000 r-xp 00000000 08:01 5924468    /home/miguelciencias/Documentos/Geometría Computacional/practica03/src/lib/libface.so
b305e000-b305f000 r--p 00000000 08:01 5924468    /home/miguelciencias/Documentos/Geometría Computacional/practica03/src/lib/libface.so
b305f000-b3060000 rw-p 00001000 08:01 5924468    /home/miguelciencias/Documentos/Geometría Computacional/practica03/src/lib/libface.so
b3060000-b3063000 r-xp 00000000 08:01 5946670    /home/miguelciencias/Documentos/Geometría Computacional/practica03/src/lib/librb_tree.so
b3063000-b3064000 r--p 00002000 08:01 5946670    /home/miguelciencias/Documentos/Geometría Computacional/practica03/src/lib/librb_tree.so
b3064000-b3065000 rw-p 00003000 08:01 5946670    /home/miguelciencias/Documentos/Geometría Computacional/practica03/src/lib/librb_tree.so
b3065000-b3067000 r-xp 00000000 08:01 5924462    /home/miguelciencias/Documentos/Geometría Computacional/practica03/src/lib/libdouble_linked_list.so
b3067000-b3068000 r--p 00001000 08:01 5924462    /home/miguelciencias/Documentos/Geometría Computacional/practica03/src/lib/libdouble_linked_list.so
b3068000-b3069000 rw-p 00002000 08:01 5924462    /home/miguelciencias/Documentos/Geometría Computacional/practica03/src/lib/libdouble_linked_list.so
b3069000-b306a000 r-xp 00000000 08:01 5924465    /home/miguelciencias/Documentos/Geometría Computacional/practica03/src/lib/libhalf_edge.so
b306a000-b306b000 r--p 00000000 08:01 5924465    /home/miguelciencias/Documentos/Geometría Computacional/practica03/src/lib/libhalf_edge.so
b306b000-b306c000 rw-p 00001000 08:01 5924465    /home/miguelciencias/Documentos/Geometría Computacional/practica03/src/lib/libhalf_edge.so
b306c000-b306f000 ---p 00000000 00:00 0 
b306f000-b307b000 rw-p 00000000 00:00 0 
b307b000-b30a0000 r--p 00000000 08:01 6427505    /usr/share/locale-langpack/es/LC_MESSAGES/libc.mo
b30a0000-b30b0000 r-xp 00000000 08:01 5925786    /home/miguelciencias/.rbenv/versions/jruby-1.7.10/lib/jni/i386-Linux/libjffi-1.2.so
b30b0000-b30b1000 rw-p 0000f000 08:01 5925786    /home/miguelciencias/.rbenv/versions/jruby-1.7.10/lib/jni/i386-Linux/libjffi-1.2.so
b30b1000-b30fe000 r-xp 00000000 08:01 5377269    /usr/lib/i386-linux-gnu/libgobject-2.0.so.0.3200.4
b30fe000-b30ff000 r--p 0004c000 08:01 5377269    /usr/lib/i386-linux-gnu/libgobject-2.0.so.0.3200.4
b30ff000-b3100000 rw-p 0004d000 08:01 5377269    /usr/lib/i386-linux-gnu/libgobject-2.0.so.0.3200.4
b3100000-b31ff000 rw-p 00000000 00:00 0 
b31ff000-b3200000 ---p 00000000 00:00 0 
b3200000-b3207000 r--s 00000000 08:01 5431817    /usr/lib/i386-linux-gnu/gconv/gconv-modules.cache
b3207000-b3241000 r-xp 00000000 08:01 1836008    /lib/i386-linux-gnu/libpcre.so.3.12.1
b3241000-b3242000 r--p 00039000 08:01 1836008    /lib/i386-linux-gnu/libpcre.so.3.12.1
b3242000-b3243000 rw-p 0003a000 08:01 1836008    /lib/i386-linux-gnu/libpcre.so.3.12.1
b3243000-b3248000 r-xp 00000000 08:01 5378709    /usr/lib/i386-linux-gnu/libffi.so.6.0.0
b3248000-b3249000 r--p 00004000 08:01 5378709    /usr/lib/i386-linux-gnu/libffi.so.6.0.0
b3249000-b324a000 rw-p 00005000 08:01 5378709    /usr/lib/i386-linux-gnu/libffi.so.6.0.0
b324a000-b324b000 ---p 00000000 00:00 0 
b324b000-b32cb000 rw-p 00000000 00:00 0 
b32cb000-b32ce000 ---p 00000000 00:00 0 
b32ce000-b34cc000 rw-p 00000000 00:00 0 
b34cc000-b34cf000 ---p 00000000 00:00 0 
b34cf000-b36cd000 rw-p 00000000 00:00 0 
b36cd000-b36ce000 r--p 0084e000 08:01 5381164    /usr/lib/locale/locale-archive
b36ce000-b37ff000 r--p 005e3000 08:01 5381164    /usr/lib/locale/locale-archive
b37ff000-b39ff000 r--p 00000000 08:01 5381164    /usr/lib/locale/locale-archive
b39ff000-b3a02000 ---p 00000000 00:00 0 
b3a02000-b3c00000 rw-p 00000000 00:00 0 
b3c00000-b3c3a000 rw-p 00000000 00:00 0 
b3c3a000-b3d00000 ---p 00000000 00:00 0 
b3d01000-b3d14000 r-xp 00000000 08:01 1863685    /lib/i386-linux-gnu/libresolv-2.15.so
b3d14000-b3d15000 ---p 00013000 08:01 1863685    /lib/i386-linux-gnu/libresolv-2.15.so
b3d15000-b3d16000 r--p 00013000 08:01 1863685    /lib/i386-linux-gnu/libresolv-2.15.so
b3d16000-b3d17000 rw-p 00014000 08:01 1863685    /lib/i386-linux-gnu/libresolv-2.15.so
b3d17000-b3d19000 rw-p 00000000 00:00 0 
b3d19000-b3d36000 r-xp 00000000 08:01 1836023    /lib/i386-linux-gnu/libselinux.so.1
b3d36000-b3d37000 r--p 0001c000 08:01 1836023    /lib/i386-linux-gnu/libselinux.so.1
b3d37000-b3d38000 rw-p 0001d000 08:01 1836023    /lib/i386-linux-gnu/libselinux.so.1
b3d38000-b3d3b000 r-xp 00000000 08:01 5378887    /usr/lib/i386-linux-gnu/libgmodule-2.0.so.0.3200.4
b3d3b000-b3d3c000 r--p 00002000 08:01 5378887    /usr/lib/i386-linux-gnu/libgmodule-2.0.so.0.3200.4
b3d3c000-b3d3d000 rw-p 00003000 08:01 5378887    /usr/lib/i386-linux-gnu/libgmodule-2.0.so.0.3200.4
b3d3d000-b3d3f000 rw-p 00000000 00:00 0 
b3d3f000-b3d40000 r-xp 00000000 08:01 5924464    /home/miguelciencias/Documentos/Geometría Computacional/practica03/src/lib/lib2d_points.so
b3d40000-b3d41000 r--p 00000000 08:01 5924464    /home/miguelciencias/Documentos/Geometría Computacional/practica03/src/lib/lib2d_points.so
b3d41000-b3d42000 rw-p 00001000 08:01 5924464    /home/miguelciencias/Documentos/Geometría Computacional/practica03/src/lib/lib2d_points.so
b3d42000-b3d53000 r-xp 00000000 08:01 2491236    /usr/lib/jvm/java-7-openjdk-i386/jre/lib/i386/libnio.so
b3d53000-b3d54000 r--p 00010000 08:01 2491236    /usr/lib/jvm/java-7-openjdk-i386/jre/lib/i386/libnio.so
b3d54000-b3d55000 rw-p 00011000 08:01 2491236    /usr/lib/jvm/java-7-openjdk-i386/jre/lib/i386/libnio.so
b3d55000-b3d6b000 r-xp 00000000 08:01 2491237    /usr/lib/jvm/java-7-openjdk-i386/jre/lib/i386/libnet.so
b3d6b000-b3d6c000 r--p 00015000 08:01 2491237    /usr/lib/jvm/java-7-openjdk-i386/jre/lib/i386/libnet.so
b3d6c000-b3d6d000 rw-p 00016000 08:01 2491237    /usr/lib/jvm/java-7-openjdk-i386/jre/lib/i386/libnet.so
b3d6d000-b3d72000 r--s 0004c000 08:01 5640235    /usr/lib/jvm/java-7-openjdk-common/jre/lib/jsse.jar
b3d72000-b3d75000 r--s 0003c000 08:01 6295954    /usr/lib/jvm/java-7-openjdk-common/jre/lib/ext/sunpkcs11.jar
b3d75000-b3d79000 r--s 00085000 08:01 6295956    /usr/lib/jvm/java-7-openjdk-common/jre/lib/ext/localedata.jar
b3d79000-b3d7c000 r--s 0000f000 08:01 6295935    /usr/lib/jvm/java-7-openjdk-common/jre/lib/ext/pulse-java.jar
b3d7c000-b3d7e000 r--s 00012000 08:01 6295960    /usr/lib/jvm/java-7-openjdk-common/jre/lib/ext/zipfs.jar
b3d7e000-b3d81000 ---p 00000000 00:00 0 
b3d81000-b3dff000 rw-p 00000000 00:00 0 
b3dff000-b3e02000 ---p 00000000 00:00 0 
b3e02000-b4000000 rw-p 00000000 00:00 0 
b4000000-b40fb000 rw-p 00000000 00:00 0 
b40fb000-b4100000 ---p 00000000 00:00 0 
b4100000-b4101000 rw-p 00000000 00:00 0 
b4101000-b410a000 r--s 000bc000 08:01 5640262    /usr/lib/jvm/java-7-openjdk-common/jre/lib/resources.jar
b410a000-b410b000 ---p 00000000 00:00 0 
b410b000-b41b4000 rw-p 00000000 00:00 0 
b41b4000-b429d000 r--s 00bb9000 08:01 5925776    /home/miguelciencias/.rbenv/versions/jruby-1.7.10/lib/jruby.jar
b429d000-b42e5000 rw-p 00000000 00:00 0 
b42e5000-b4492000 r--s 01cec000 08:01 2366161    /usr/lib/jvm/java-7-openjdk-i386/jre/lib/rt.jar
b4492000-b4499000 rw-p 00000000 00:00 0 
b4499000-b44b3000 rw-p 00000000 00:00 0 
b44b3000-b44b9000 rw-p 00000000 00:00 0 
b44b9000-b455a000 rw-p 00000000 00:00 0 
b455a000-b455d000 rw-p 00000000 00:00 0 
b455d000-b45ad000 rw-p 00000000 00:00 0 
b45ad000-b45b3000 rw-p 00000000 00:00 0 
b45b3000-b4654000 rw-p 00000000 00:00 0 
b4654000-b465b000 rw-p 00000000 00:00 0 
b465b000-b4674000 rw-p 00000000 00:00 0 
b4674000-b468a000 rw-p 00000000 00:00 0 
b468a000-b4700000 rw-p 00000000 00:00 0 
b4700000-b4968000 rwxp 00000000 00:00 0 
b4968000-b67ff000 rw-p 00000000 00:00 0 
b67ff000-b6800000 ---p 00000000 00:00 0 
b6800000-b6801000 r-xp 00000000 00:00 0 
b6801000-b6802000 r--s 00002000 08:01 6295929    /usr/lib/jvm/java-7-openjdk-common/jre/lib/ext/dnsns.jar
b6802000-b6805000 r--s 00032000 08:01 6295931    /usr/lib/jvm/java-7-openjdk-common/jre/lib/ext/sunjce_provider.jar
b6805000-b6810000 r-xp 00000000 08:01 1863696    /lib/i386-linux-gnu/libnss_files-2.15.so
b6810000-b6811000 r--p 0000a000 08:01 1863696    /lib/i386-linux-gnu/libnss_files-2.15.so
b6811000-b6812000 rw-p 0000b000 08:01 1863696    /lib/i386-linux-gnu/libnss_files-2.15.so
b6812000-b681c000 r-xp 00000000 08:01 1863695    /lib/i386-linux-gnu/libnss_nis-2.15.so
b681c000-b681d000 r--p 00009000 08:01 1863695    /lib/i386-linux-gnu/libnss_nis-2.15.so
b681d000-b681e000 rw-p 0000a000 08:01 1863695    /lib/i386-linux-gnu/libnss_nis-2.15.so
b681e000-b6834000 r-xp 00000000 08:01 1863682    /lib/i386-linux-gnu/libnsl-2.15.so
b6834000-b6835000 r--p 00015000 08:01 1863682    /lib/i386-linux-gnu/libnsl-2.15.so
b6835000-b6836000 rw-p 00016000 08:01 1863682    /lib/i386-linux-gnu/libnsl-2.15.so
b6836000-b6838000 rw-p 00000000 00:00 0 
b6838000-b683f000 r-xp 00000000 08:01 1863697    /lib/i386-linux-gnu/libnss_compat-2.15.so
b683f000-b6840000 r--p 00006000 08:01 1863697    /lib/i386-linux-gnu/libnss_compat-2.15.so
b6840000-b6841000 rw-p 00007000 08:01 1863697    /lib/i386-linux-gnu/libnss_compat-2.15.so
b6841000-b6842000 r--s 00007000 08:01 5644055    /usr/share/java/java-atk-wrapper.jar
b6842000-b684f000 rw-p 00000000 00:00 0 
b684f000-b6857000 r-xp 00000000 08:01 2491253    /usr/lib/jvm/java-7-openjdk-i386/jre/lib/i386/libzip.so
b6857000-b6858000 r--p 00007000 08:01 2491253    /usr/lib/jvm/java-7-openjdk-i386/jre/lib/i386/libzip.so
b6858000-b6859000 rw-p 00008000 08:01 2491253    /usr/lib/jvm/java-7-openjdk-i386/jre/lib/i386/libzip.so
b6859000-b6880000 r-xp 00000000 08:01 2491226    /usr/lib/jvm/java-7-openjdk-i386/jre/lib/i386/libjava.so
b6880000-b6881000 r--p 00026000 08:01 2491226    /usr/lib/jvm/java-7-openjdk-i386/jre/lib/i386/libjava.so
b6881000-b6882000 rw-p 00027000 08:01 2491226    /usr/lib/jvm/java-7-openjdk-i386/jre/lib/i386/libjava.so
b6882000-b6889000 r-xp 00000000 08:01 1863690    /lib/i386-linux-gnu/librt-2.15.so
b6889000-b688a000 r--p 00006000 08:01 1863690    /lib/i386-linux-gnu/librt-2.15.so
b688a000-b688b000 rw-p 00007000 08:01 1863690    /lib/i386-linux-gnu/librt-2.15.so
b688b000-b688e000 ---p 00000000 00:00 0 
b688e000-b6a8c000 rw-p 00000000 00:00 0 
b6a8c000-b6aa8000 r-xp 00000000 08:01 1835956    /lib/i386-linux-gnu/libgcc_s.so.1
b6aa8000-b6aa9000 r--p 0001b000 08:01 1835956    /lib/i386-linux-gnu/libgcc_s.so.1
b6aa9000-b6aaa000 rw-p 0001c000 08:01 1835956    /lib/i386-linux-gnu/libgcc_s.so.1
b6aaa000-b6ad4000 r-xp 00000000 08:01 1863694    /lib/i386-linux-gnu/libm-2.15.so
b6ad4000-b6ad5000 r--p 00029000 08:01 1863694    /lib/i386-linux-gnu/libm-2.15.so
b6ad5000-b6ad6000 rw-p 0002a000 08:01 1863694    /lib/i386-linux-gnu/libm-2.15.so
b6ad6000-b6bae000 r-xp 00000000 08:01 5379051    /usr/lib/i386-linux-gnu/libstdc++.so.6.0.16
b6bae000-b6baf000 ---p 000d8000 08:01 5379051    /usr/lib/i386-linux-gnu/libstdc++.so.6.0.16
b6baf000-b6bb3000 r--p 000d8000 08:01 5379051    /usr/lib/i386-linux-gnu/libstdc++.so.6.0.16
b6bb3000-b6bb4000 rw-p 000dc000 08:01 5379051    /usr/lib/i386-linux-gnu/libstdc++.so.6.0.16
b6bb4000-b6bbb000 rw-p 00000000 00:00 0 
b6bbb000-b716f000 r-xp 00000000 08:01 2491249    /usr/lib/jvm/java-7-openjdk-i386/jre/lib/i386/client/libjvm.so
b716f000-b7186000 r--p 005b3000 08:01 2491249    /usr/lib/jvm/java-7-openjdk-i386/jre/lib/i386/client/libjvm.so
b7186000-b7195000 rw-p 005ca000 08:01 2491249    /usr/lib/jvm/java-7-openjdk-i386/jre/lib/i386/client/libjvm.so
b7195000-b75b0000 rw-p 00000000 00:00 0 
b75b0000-b75c4000 r-xp 00000000 08:01 1836046    /lib/i386-linux-gnu/libz.so.1.2.3.4
b75c4000-b75c5000 r--p 00013000 08:01 1836046    /lib/i386-linux-gnu/libz.so.1.2.3.4
b75c5000-b75c6000 rw-p 00014000 08:01 1836046    /lib/i386-linux-gnu/libz.so.1.2.3.4
b75c6000-b75dd000 r-xp 00000000 08:01 1863688    /lib/i386-linux-gnu/libpthread-2.15.so
b75dd000-b75de000 r--p 00016000 08:01 1863688    /lib/i386-linux-gnu/libpthread-2.15.so
b75de000-b75df000 rw-p 00017000 08:01 1863688    /lib/i386-linux-gnu/libpthread-2.15.so
b75df000-b75e1000 rw-p 00000000 00:00 0 
b75e1000-b75e4000 r-xp 00000000 08:01 1863698    /lib/i386-linux-gnu/libdl-2.15.so
b75e4000-b75e5000 r--p 00002000 08:01 1863698    /lib/i386-linux-gnu/libdl-2.15.so
b75e5000-b75e6000 rw-p 00003000 08:01 1863698    /lib/i386-linux-gnu/libdl-2.15.so
b75e6000-b778a000 r-xp 00000000 08:01 1863699    /lib/i386-linux-gnu/libc-2.15.so
b778a000-b778c000 r--p 001a4000 08:01 1863699    /lib/i386-linux-gnu/libc-2.15.so
b778c000-b778d000 rw-p 001a6000 08:01 1863699    /lib/i386-linux-gnu/libc-2.15.so
b778d000-b7791000 rw-p 00000000 00:00 0 
b7791000-b7799000 rw-s 00000000 08:01 4719381    /tmp/hsperfdata_miguelciencias/10910
b7799000-b779a000 rw-p 00000000 00:00 0 
b779a000-b779b000 r--p 00000000 00:00 0 
b779b000-b77a7000 r-xp 00000000 08:01 2491239    /usr/lib/jvm/java-7-openjdk-i386/jre/lib/i386/libverify.so
b77a7000-b77a8000 r--p 0000b000 08:01 2491239    /usr/lib/jvm/java-7-openjdk-i386/jre/lib/i386/libverify.so
b77a8000-b77a9000 rw-p 0000c000 08:01 2491239    /usr/lib/jvm/java-7-openjdk-i386/jre/lib/i386/libverify.so
b77a9000-b77b6000 r-xp 00000000 08:01 2491227    /usr/lib/jvm/java-7-openjdk-i386/jre/lib/i386/jli/libjli.so
b77b6000-b77b7000 r--p 0000c000 08:01 2491227    /usr/lib/jvm/java-7-openjdk-i386/jre/lib/i386/jli/libjli.so
b77b7000-b77b8000 rw-p 0000d000 08:01 2491227    /usr/lib/jvm/java-7-openjdk-i386/jre/lib/i386/jli/libjli.so
b77b8000-b77ba000 rw-p 00000000 00:00 0 
b77ba000-b77bb000 r-xp 00000000 00:00 0          [vdso]
b77bb000-b77db000 r-xp 00000000 08:01 1863689    /lib/i386-linux-gnu/ld-2.15.so
b77db000-b77dc000 r--p 0001f000 08:01 1863689    /lib/i386-linux-gnu/ld-2.15.so
b77dc000-b77dd000 rw-p 00020000 08:01 1863689    /lib/i386-linux-gnu/ld-2.15.so
bf838000-bf859000 rw-p 00000000 00:00 0          [stack]

VM Arguments:
jvm_args: -Djdk.home= -Djruby.home=/home/miguelciencias/.rbenv/versions/jruby-1.7.10 -Djruby.script=jruby -Djruby.shell=/bin/sh -Djffi.boot.library.path=/home/miguelciencias/.rbenv/versions/jruby-1.7.10/lib/jni:/home/miguelciencias/.rbenv/versions/jruby-1.7.10/lib/jni/x86_64-Linux:/home/miguelciencias/.rbenv/versions/jruby-1.7.10/lib/jni/arm-Linux:/home/miguelciencias/.rbenv/versions/jruby-1.7.10/lib/jni/i386-Linux -Xmx500m -Xss2048k -Xbootclasspath/a:/home/miguelciencias/.rbenv/versions/jruby-1.7.10/lib/jruby.jar 
java_command: org/jruby/Main Makefile.rb compile_c compile test clean
Launcher Type: SUN_STANDARD

Environment Variables:
PATH=/home/miguelciencias/.rbenv/versions/jruby-1.7.10/bin:/home/miguelciencias/.rbenv/libexec:/home/miguelciencias/.rbenv/plugins/ruby-build/bin:/home/miguelciencias/.rbenv/shims:~/.rbenv/bin:/usr/lib/lightdm/lightdm:/usr/local/sbin:/usr/local/bin:/usr/sbin:/usr/bin:/sbin:/bin:/usr/games
SHELL=/bin/bash
DISPLAY=:0

Signal Handlers:
SIGSEGV: [libjvm.so+0x4a04f0], sa_mask[0]=0x7ffbfeff, sa_flags=0x10000004
SIGBUS: [libjvm.so+0x4a04f0], sa_mask[0]=0x7ffbfeff, sa_flags=0x10000004
SIGFPE: [libjvm.so+0x398f00], sa_mask[0]=0x7ffbfeff, sa_flags=0x10000004
SIGPIPE: [libjvm.so+0x398f00], sa_mask[0]=0x7ffbfeff, sa_flags=0x10000004
SIGXFSZ: [libjvm.so+0x398f00], sa_mask[0]=0x7ffbfeff, sa_flags=0x10000004
SIGILL: [libjvm.so+0x398f00], sa_mask[0]=0x7ffbfeff, sa_flags=0x10000004
SIGUSR1: SIG_DFL, sa_mask[0]=0x00000000, sa_flags=0x00000000
SIGUSR2: [libjvm.so+0x398d90], sa_mask[0]=0x00000000, sa_flags=0x10000004
SIGHUP: [libjvm.so+0x399410], sa_mask[0]=0x7ffbfeff, sa_flags=0x10000004
SIGINT: [libjvm.so+0x399410], sa_mask[0]=0x7ffbfeff, sa_flags=0x10000004
SIGTERM: [libjvm.so+0x399410], sa_mask[0]=0x7ffbfeff, sa_flags=0x10000004
SIGQUIT: [libjvm.so+0x399410], sa_mask[0]=0x7ffbfeff, sa_flags=0x10000004


---------------  S Y S T E M  ---------------

OS:Ubuntu 12.04 (precise)
uname:Linux 3.2.0-56-generic-pae #86-Ubuntu SMP Wed Oct 23 17:51:27 UTC 2013 i686
libc:glibc 2.15 NPTL 2.15 
rlimit: STACK 8192k, CORE 0k, NPROC 7818, NOFILE 4096, AS infinity
load average:0,59 0,40 0,43

/proc/meminfo:
MemTotal:        1015424 kB
MemFree:          100112 kB
Buffers:           60308 kB
Cached:           405272 kB
SwapCached:            4 kB
Active:           428112 kB
Inactive:         415600 kB
Active(anon):     258768 kB
Inactive(anon):   252736 kB
Active(file):     169344 kB
Inactive(file):   162864 kB
Unevictable:           0 kB
Mlocked:               0 kB
HighTotal:        125272 kB
HighFree:           1664 kB
LowTotal:         890152 kB
LowFree:           98448 kB
SwapTotal:       1037308 kB
SwapFree:        1037188 kB
Dirty:               460 kB
Writeback:             0 kB
AnonPages:        378216 kB
Mapped:           114992 kB
Shmem:            133372 kB
Slab:              49208 kB
SReclaimable:      33968 kB
SUnreclaim:        15240 kB
KernelStack:        2560 kB
PageTables:         6732 kB
NFS_Unstable:          0 kB
Bounce:                0 kB
WritebackTmp:          0 kB
CommitLimit:     1545020 kB
Committed_AS:    1940172 kB
VmallocTotal:     122880 kB
VmallocUsed:        9196 kB
VmallocChunk:     111540 kB
HardwareCorrupted:     0 kB
AnonHugePages:         0 kB
HugePages_Total:       0
HugePages_Free:        0
HugePages_Rsvd:        0
HugePages_Surp:        0
Hugepagesize:       2048 kB
DirectMap4k:       34808 kB
DirectMap2M:      878592 kB


CPU:total 2 (1 cores per cpu, 2 threads per core) family 6 model 28 stepping 2, cmov, cx8, fxsr, mmx, sse, sse2, sse3, ssse3, ht, tsc

/proc/cpuinfo:
processor	: 0
vendor_id	: GenuineIntel
cpu family	: 6
model		: 28
model name	: Intel(R) Atom(TM) CPU N270   @ 1.60GHz
stepping	: 2
microcode	: 0x212
cpu MHz		: 1600.000
cache size	: 512 KB
physical id	: 0
siblings	: 2
core id		: 0
cpu cores	: 1
apicid		: 0
initial apicid	: 0
fdiv_bug	: no
hlt_bug		: no
f00f_bug	: no
coma_bug	: no
fpu		: yes
fpu_exception	: yes
cpuid level	: 10
wp		: yes
flags		: fpu vme de pse tsc msr pae mce cx8 apic sep mtrr pge mca cmov pat clflush dts acpi mmx fxsr sse sse2 ss ht tm pbe nx constant_tsc arch_perfmon pebs bts aperfmperf pni dtes64 monitor ds_cpl est tm2 ssse3 xtpr pdcm movbe lahf_lm dtherm
bogomips	: 3191.85
clflush size	: 64
cache_alignment	: 64
address sizes	: 32 bits physical, 32 bits virtual
power management:

processor	: 1
vendor_id	: GenuineIntel
cpu family	: 6
model		: 28
model name	: Intel(R) Atom(TM) CPU N270   @ 1.60GHz
stepping	: 2
microcode	: 0x212
cpu MHz		: 1600.000
cache size	: 512 KB
physical id	: 0
siblings	: 2
core id		: 0
cpu cores	: 1
apicid		: 1
initial apicid	: 1
fdiv_bug	: no
hlt_bug		: no
f00f_bug	: no
coma_bug	: no
fpu		: yes
fpu_exception	: yes
cpuid level	: 10
wp		: yes
flags		: fpu vme de pse tsc msr pae mce cx8 apic sep mtrr pge mca cmov pat clflush dts acpi mmx fxsr sse sse2 ss ht tm pbe nx constant_tsc arch_perfmon pebs bts aperfmperf pni dtes64 monitor ds_cpl est tm2 ssse3 xtpr pdcm movbe lahf_lm dtherm
bogomips	: 3191.93
clflush size	: 64
cache_alignment	: 64
address sizes	: 32 bits physical, 32 bits virtual
power management:



Memory: 4k page, physical 1015424k(100112k free), swap 1037308k(1037188k free)

vm_info: OpenJDK Client VM (23.7-b01) for linux-x86 JRE (1.7.0_25-b30), built on Jul 15 2013 20:47:23 by "buildd" with gcc 4.6.3

time: Tue May  6 14:51:02 2014
elapsed time: 11 seconds

