#
# A fatal error has been detected by the Java Runtime Environment:
#
#  SIGSEGV (0xb) at pc=0xb31351d0, pid=10459, tid=3064388416
#
# JRE version: 7.0_25-b30
# Java VM: OpenJDK Client VM (23.7-b01 mixed mode, sharing linux-x86 )
# Problematic frame:
# C  [libmake_monotone.so+0x11d0]  handle_regular_vertex+0x88
#
# Failed to write core dump. Core dumps have been disabled. To enable core dumping, try "ulimit -c unlimited" before starting Java again
#
# If you would like to submit a bug report, please include
# instructions on how to reproduce the bug and visit:
#   https://bugs.launchpad.net/ubuntu/+source/openjdk-7/
# The crash happened outside the Java Virtual Machine in native code.
# See problematic frame for where to report the bug.
#

---------------  T H R E A D  ---------------

Current thread (0xb6707000):  JavaThread "main" [_thread_in_native, id=10484, stack(0xb686d000,0xb6a6e000)]

siginfo:si_signo=SIGSEGV: si_errno=0, si_code=1 (SEGV_MAPERR), si_addr=0x00000008

Registers:
EAX=0x00000000, EBX=0xb3136ff4, ECX=0x00000000, EDX=0xb6a6bef8
ESP=0xb6a6bfa0, EBP=0xb6a6bfe8, ESI=0xb6a6c064, EDI=0xb678e140
EIP=0xb31351d0, EFLAGS=0x00010282, CR2=0x00000008

Top of Stack: (sp=0xb6a6bfa0)
0xb6a6bfa0:   b31358d2 b31396c5 40140000 00000000
0xb6a6bfb0:   40330000 b313439c b2bf68e0 b4022a4c
0xb6a6bfc0:   b2bf6598 b3136ff4 b6a6c064 b2bf6598
0xb6a6bfd0:   b2bf65e8 b77b16b0 b2bf82f8 b3135148
0xb6a6bfe0:   b2bf68b8 b3136ff4 b6a6c018 b3134e24
0xb6a6bff0:   b2bf68b8 b2bf82f8 b2bd46d8 6fa49c18
0xb6a6c000:   79d302b8 b2bf94d8 b2bd00e0 b2bf82f8
0xb6a6c010:   7a4631e8 b3c4d5fc b6a6c078 b3c4423d 

Instructions: (pc=0xb31351d0)
0xb31351b0:   ff ff 8b 45 e8 8b 50 1c 8d 83 de e8 ff ff 89 54
0xb31351c0:   24 04 89 04 24 e8 36 f7 ff ff 8b 45 e4 8b 40 08
0xb31351d0:   dd 40 08 8b 45 e4 8b 40 08 dd 00 d9 c9 8d 83 f5
0xb31351e0:   e8 ff ff dd 5c 24 0c dd 5c 24 04 89 04 24 e8 0d 

Register to memory mapping:

EAX=0x00000000 is an unknown value
EBX=0xb3136ff4: <offset 0x2ff4> in lib/libmake_monotone.so at 0xb3134000
ECX=0x00000000 is an unknown value
EDX=0xb6a6bef8 is pointing into the stack for thread: 0xb6707000
ESP=0xb6a6bfa0 is pointing into the stack for thread: 0xb6707000
EBP=0xb6a6bfe8 is pointing into the stack for thread: 0xb6707000
ESI=0xb6a6c064 is pointing into the stack for thread: 0xb6707000
EDI=0xb678e140 is an unknown value


Stack: [0xb686d000,0xb6a6e000],  sp=0xb6a6bfa0,  free space=2043k
Native frames: (J=compiled Java code, j=interpreted, Vv=VM code, C=native code)
C  [libmake_monotone.so+0x11d0]  handle_regular_vertex+0x88
C  [libmake_monotone.so+0xe24]  make_monotone+0x12c
C  [libjffi-1.2.so+0x723d]  Java_com_kenai_jffi_Foreign_invokeI1+0x2d
J  com.kenai.jffi.Invoker.invokeI1(Lcom/kenai/jffi/CallContext;JI)I
j  org.jruby.ext.ffi.jffi.JITNativeInvoker.call(Lorg/jruby/runtime/ThreadContext;Lorg/jruby/runtime/builtin/IRubyObject;Lorg/jruby/RubyModule;Ljava/lang/String;[Lorg/jruby/runtime/builtin/IRubyObject;)Lorg/jruby/runtime/builtin/IRubyObject;+92
j  org.jruby.ext.ffi.jffi.NativeInvoker.call(Lorg/jruby/runtime/ThreadContext;Lorg/jruby/runtime/builtin/IRubyObject;Lorg/jruby/RubyModule;Ljava/lang/String;[Lorg/jruby/runtime/builtin/IRubyObject;Lorg/jruby/runtime/Block;)Lorg/jruby/runtime/builtin/IRubyObject;+36
j  org.jruby.ext.ffi.jffi.DefaultMethod.call(Lorg/jruby/runtime/ThreadContext;Lorg/jruby/runtime/builtin/IRubyObject;Lorg/jruby/RubyModule;Ljava/lang/String;[Lorg/jruby/runtime/builtin/IRubyObject;Lorg/jruby/runtime/Block;)Lorg/jruby/runtime/builtin/IRubyObject;+13
j  org.jruby.internal.runtime.methods.DynamicMethod.call(Lorg/jruby/runtime/ThreadContext;Lorg/jruby/runtime/builtin/IRubyObject;Lorg/jruby/RubyModule;Ljava/lang/String;Lorg/jruby/runtime/builtin/IRubyObject;Lorg/jruby/runtime/Block;)Lorg/jruby/runtime/builtin/IRubyObject;+17
J  org.jruby.internal.runtime.methods.DynamicMethod.call(Lorg/jruby/runtime/ThreadContext;Lorg/jruby/runtime/builtin/IRubyObject;Lorg/jruby/RubyModule;Ljava/lang/String;Lorg/jruby/runtime/builtin/IRubyObject;)Lorg/jruby/runtime/builtin/IRubyObject;
J  org.jruby.runtime.callsite.CachingCallSite.call(Lorg/jruby/runtime/ThreadContext;Lorg/jruby/runtime/builtin/IRubyObject;Lorg/jruby/runtime/builtin/IRubyObject;Lorg/jruby/runtime/builtin/IRubyObject;)Lorg/jruby/runtime/builtin/IRubyObject;
j  org.jruby.internal.runtime.methods.DefaultMethod.call(Lorg/jruby/runtime/ThreadContext;Lorg/jruby/runtime/builtin/IRubyObject;Lorg/jruby/RubyModule;Ljava/lang/String;)Lorg/jruby/runtime/builtin/IRubyObject;+20
j  org.jruby.runtime.callsite.CachingCallSite.cacheAndCall(Lorg/jruby/runtime/builtin/IRubyObject;Lorg/jruby/RubyClass;Lorg/jruby/runtime/ThreadContext;Lorg/jruby/runtime/builtin/IRubyObject;)Lorg/jruby/runtime/builtin/IRubyObject;+53
J  org.jruby.runtime.callsite.CachingCallSite.call(Lorg/jruby/runtime/ThreadContext;Lorg/jruby/runtime/builtin/IRubyObject;Lorg/jruby/runtime/builtin/IRubyObject;)Lorg/jruby/runtime/builtin/IRubyObject;
J  org.jruby.ast.NewlineNode.interpret(Lorg/jruby/Ruby;Lorg/jruby/runtime/ThreadContext;Lorg/jruby/runtime/builtin/IRubyObject;Lorg/jruby/runtime/Block;)Lorg/jruby/runtime/builtin/IRubyObject;
j  org.jruby.internal.runtime.methods.DefaultMethod.call(Lorg/jruby/runtime/ThreadContext;Lorg/jruby/runtime/builtin/IRubyObject;Lorg/jruby/RubyModule;Ljava/lang/String;)Lorg/jruby/runtime/builtin/IRubyObject;+20
j  org.jruby.runtime.callsite.CachingCallSite.cacheAndCall(Lorg/jruby/runtime/builtin/IRubyObject;Lorg/jruby/RubyClass;Lorg/jruby/runtime/ThreadContext;Lorg/jruby/runtime/builtin/IRubyObject;)Lorg/jruby/runtime/builtin/IRubyObject;+53
J  org.jruby.runtime.callsite.CachingCallSite.call(Lorg/jruby/runtime/ThreadContext;Lorg/jruby/runtime/builtin/IRubyObject;Lorg/jruby/runtime/builtin/IRubyObject;)Lorg/jruby/runtime/builtin/IRubyObject;
j  Makefile$method__2$RUBY$test.call(Lorg/jruby/runtime/ThreadContext;Lorg/jruby/runtime/builtin/IRubyObject;Lorg/jruby/RubyModule;Ljava/lang/String;Lorg/jruby/runtime/Block;)Lorg/jruby/runtime/builtin/IRubyObject;+17
j  org.jruby.RubyClass.finvoke(Lorg/jruby/runtime/ThreadContext;Lorg/jruby/runtime/builtin/IRubyObject;Ljava/lang/String;Lorg/jruby/runtime/Block;)Lorg/jruby/runtime/builtin/IRubyObject;+41
j  org.jruby.RubyBasicObject.send19(Lorg/jruby/runtime/ThreadContext;Lorg/jruby/runtime/builtin/IRubyObject;Lorg/jruby/runtime/Block;)Lorg/jruby/runtime/builtin/IRubyObject;+15
j  org.jruby.RubyKernel.send19(Lorg/jruby/runtime/ThreadContext;Lorg/jruby/runtime/builtin/IRubyObject;Lorg/jruby/runtime/builtin/IRubyObject;Lorg/jruby/runtime/Block;)Lorg/jruby/runtime/builtin/IRubyObject;+7
j  org.jruby.RubyKernel$INVOKER$s$send19.call(Lorg/jruby/runtime/ThreadContext;Lorg/jruby/runtime/builtin/IRubyObject;Lorg/jruby/RubyModule;Ljava/lang/String;Lorg/jruby/runtime/builtin/IRubyObject;Lorg/jruby/runtime/Block;)Lorg/jruby/runtime/builtin/IRubyObject;+6
j  org.jruby.internal.runtime.methods.JavaMethod$JavaMethodOneOrNBlock.call(Lorg/jruby/runtime/ThreadContext;Lorg/jruby/runtime/builtin/IRubyObject;Lorg/jruby/RubyModule;Ljava/lang/String;Lorg/jruby/runtime/builtin/IRubyObject;)Lorg/jruby/runtime/builtin/IRubyObject;+11
J  org.jruby.runtime.callsite.CachingCallSite.call(Lorg/jruby/runtime/ThreadContext;Lorg/jruby/runtime/builtin/IRubyObject;Lorg/jruby/runtime/builtin/IRubyObject;Lorg/jruby/runtime/builtin/IRubyObject;)Lorg/jruby/runtime/builtin/IRubyObject;
j  Makefile$block_7$RUBY$__file__.call(Lorg/jruby/runtime/ThreadContext;Lorg/jruby/runtime/builtin/IRubyObject;[Lorg/jruby/runtime/builtin/IRubyObject;Lorg/jruby/runtime/Block;)Lorg/jruby/runtime/builtin/IRubyObject;+9
j  org.jruby.runtime.CompiledBlock19.yield(Lorg/jruby/runtime/ThreadContext;Lorg/jruby/runtime/builtin/IRubyObject;Lorg/jruby/runtime/Binding;Lorg/jruby/runtime/Block$Type;)Lorg/jruby/runtime/builtin/IRubyObject;+52
J  org.jruby.runtime.Block.yield(Lorg/jruby/runtime/ThreadContext;Lorg/jruby/runtime/builtin/IRubyObject;)Lorg/jruby/runtime/builtin/IRubyObject;
j  org.jruby.RubyArray.each(Lorg/jruby/runtime/ThreadContext;Lorg/jruby/runtime/Block;)Lorg/jruby/runtime/builtin/IRubyObject;+10
j  org.jruby.RubyArray$INVOKER$i$0$0$each.call(Lorg/jruby/runtime/ThreadContext;Lorg/jruby/runtime/builtin/IRubyObject;Lorg/jruby/RubyModule;Ljava/lang/String;Lorg/jruby/runtime/Block;)Lorg/jruby/runtime/builtin/IRubyObject;+7
j  org.jruby.runtime.callsite.CachingCallSite.cacheAndCall(Lorg/jruby/runtime/builtin/IRubyObject;Lorg/jruby/RubyClass;Lorg/jruby/runtime/Block;Lorg/jruby/runtime/ThreadContext;Lorg/jruby/runtime/builtin/IRubyObject;)Lorg/jruby/runtime/builtin/IRubyObject;+57
j  org.jruby.runtime.callsite.CachingCallSite.callBlock(Lorg/jruby/runtime/ThreadContext;Lorg/jruby/runtime/builtin/IRubyObject;Lorg/jruby/runtime/builtin/IRubyObject;Lorg/jruby/runtime/Block;)Lorg/jruby/runtime/builtin/IRubyObject;+50
j  org.jruby.runtime.callsite.CachingCallSite.callIter(Lorg/jruby/runtime/ThreadContext;Lorg/jruby/runtime/builtin/IRubyObject;Lorg/jruby/runtime/builtin/IRubyObject;Lorg/jruby/runtime/Block;)Lorg/jruby/runtime/builtin/IRubyObject;+6
j  Makefile.__file__(LMakefile;Lorg/jruby/runtime/ThreadContext;Lorg/jruby/runtime/builtin/IRubyObject;[Lorg/jruby/runtime/builtin/IRubyObject;Lorg/jruby/runtime/Block;)Lorg/jruby/runtime/builtin/IRubyObject;+941
j  Makefile.load(Lorg/jruby/runtime/ThreadContext;Lorg/jruby/runtime/builtin/IRubyObject;Z)Lorg/jruby/runtime/builtin/IRubyObject;+22
j  org.jruby.Ruby.runScript(Lorg/jruby/ast/executable/Script;Z)Lorg/jruby/runtime/builtin/IRubyObject;+12
j  org.jruby.Ruby.runScript(Lorg/jruby/ast/executable/Script;)Lorg/jruby/runtime/builtin/IRubyObject;+3
j  org.jruby.Ruby.runNormally(Lorg/jruby/ast/Node;)Lorg/jruby/runtime/builtin/IRubyObject;+73
j  org.jruby.Ruby.runFromMain(Ljava/io/InputStream;Ljava/lang/String;)V+320
j  org.jruby.Main.doRunFromMain(Lorg/jruby/Ruby;Ljava/io/InputStream;Ljava/lang/String;)Lorg/jruby/Main$Status;+12
j  org.jruby.Main.internalRun()Lorg/jruby/Main$Status;+234
j  org.jruby.Main.run([Ljava/lang/String;)Lorg/jruby/Main$Status;+9
j  org.jruby.Main.main([Ljava/lang/String;)V+35
v  ~StubRoutines::call_stub
V  [libjvm.so+0x281d9f]  JavaCalls::call_helper(JavaValue*, methodHandle*, JavaCallArguments*, Thread*)+0x57f

Java frames: (J=compiled Java code, j=interpreted, Vv=VM code)
J  com.kenai.jffi.Foreign.invokeI1(JJI)I
J  com.kenai.jffi.Invoker.invokeI1(Lcom/kenai/jffi/CallContext;JI)I
j  org.jruby.ext.ffi.jffi.NativeInvoker$ffi$3.call(Lorg/jruby/runtime/ThreadContext;Lorg/jruby/runtime/builtin/IRubyObject;Lorg/jruby/RubyModule;Ljava/lang/String;Lorg/jruby/runtime/builtin/IRubyObject;)Lorg/jruby/runtime/builtin/IRubyObject;+77
j  org.jruby.ext.ffi.jffi.JITNativeInvoker.call(Lorg/jruby/runtime/ThreadContext;Lorg/jruby/runtime/builtin/IRubyObject;Lorg/jruby/RubyModule;Ljava/lang/String;[Lorg/jruby/runtime/builtin/IRubyObject;)Lorg/jruby/runtime/builtin/IRubyObject;+92
j  org.jruby.ext.ffi.jffi.NativeInvoker.call(Lorg/jruby/runtime/ThreadContext;Lorg/jruby/runtime/builtin/IRubyObject;Lorg/jruby/RubyModule;Ljava/lang/String;[Lorg/jruby/runtime/builtin/IRubyObject;Lorg/jruby/runtime/Block;)Lorg/jruby/runtime/builtin/IRubyObject;+36
j  org.jruby.ext.ffi.jffi.DefaultMethod.call(Lorg/jruby/runtime/ThreadContext;Lorg/jruby/runtime/builtin/IRubyObject;Lorg/jruby/RubyModule;Ljava/lang/String;[Lorg/jruby/runtime/builtin/IRubyObject;Lorg/jruby/runtime/Block;)Lorg/jruby/runtime/builtin/IRubyObject;+13
j  org.jruby.internal.runtime.methods.DynamicMethod.call(Lorg/jruby/runtime/ThreadContext;Lorg/jruby/runtime/builtin/IRubyObject;Lorg/jruby/RubyModule;Ljava/lang/String;Lorg/jruby/runtime/builtin/IRubyObject;Lorg/jruby/runtime/Block;)Lorg/jruby/runtime/builtin/IRubyObject;+17
J  org.jruby.internal.runtime.methods.DynamicMethod.call(Lorg/jruby/runtime/ThreadContext;Lorg/jruby/runtime/builtin/IRubyObject;Lorg/jruby/RubyModule;Ljava/lang/String;Lorg/jruby/runtime/builtin/IRubyObject;)Lorg/jruby/runtime/builtin/IRubyObject;
j  org.jruby.runtime.callsite.CachingCallSite.cacheAndCall(Lorg/jruby/runtime/builtin/IRubyObject;Lorg/jruby/RubyClass;Lorg/jruby/runtime/ThreadContext;Lorg/jruby/runtime/builtin/IRubyObject;Lorg/jruby/runtime/builtin/IRubyObject;)Lorg/jruby/runtime/builtin/IRubyObject;+57
J  org.jruby.runtime.callsite.CachingCallSite.call(Lorg/jruby/runtime/ThreadContext;Lorg/jruby/runtime/builtin/IRubyObject;Lorg/jruby/runtime/builtin/IRubyObject;Lorg/jruby/runtime/builtin/IRubyObject;)Lorg/jruby/runtime/builtin/IRubyObject;
J  org.jruby.ast.CallOneArgNode.interpret(Lorg/jruby/Ruby;Lorg/jruby/runtime/ThreadContext;Lorg/jruby/runtime/builtin/IRubyObject;Lorg/jruby/runtime/Block;)Lorg/jruby/runtime/builtin/IRubyObject;
J  org.jruby.ast.NewlineNode.interpret(Lorg/jruby/Ruby;Lorg/jruby/runtime/ThreadContext;Lorg/jruby/runtime/builtin/IRubyObject;Lorg/jruby/runtime/Block;)Lorg/jruby/runtime/builtin/IRubyObject;
J  org.jruby.ast.BlockNode.interpret(Lorg/jruby/Ruby;Lorg/jruby/runtime/ThreadContext;Lorg/jruby/runtime/builtin/IRubyObject;Lorg/jruby/runtime/Block;)Lorg/jruby/runtime/builtin/IRubyObject;
J  org.jruby.evaluator.ASTInterpreter.INTERPRET_METHOD(Lorg/jruby/Ruby;Lorg/jruby/runtime/ThreadContext;Ljava/lang/String;ILorg/jruby/RubyModule;Lorg/jruby/ast/Node;Ljava/lang/String;Lorg/jruby/runtime/builtin/IRubyObject;Lorg/jruby/runtime/Block;Z)Lorg/jruby/runtime/builtin/IRubyObject;
j  org.jruby.internal.runtime.methods.InterpretedMethod.call(Lorg/jruby/runtime/ThreadContext;Lorg/jruby/runtime/builtin/IRubyObject;Lorg/jruby/RubyModule;Ljava/lang/String;)Lorg/jruby/runtime/builtin/IRubyObject;+80
j  org.jruby.internal.runtime.methods.DefaultMethod.call(Lorg/jruby/runtime/ThreadContext;Lorg/jruby/runtime/builtin/IRubyObject;Lorg/jruby/RubyModule;Ljava/lang/String;)Lorg/jruby/runtime/builtin/IRubyObject;+20
j  org.jruby.runtime.callsite.CachingCallSite.cacheAndCall(Lorg/jruby/runtime/builtin/IRubyObject;Lorg/jruby/RubyClass;Lorg/jruby/runtime/ThreadContext;Lorg/jruby/runtime/builtin/IRubyObject;)Lorg/jruby/runtime/builtin/IRubyObject;+53
J  org.jruby.runtime.callsite.CachingCallSite.call(Lorg/jruby/runtime/ThreadContext;Lorg/jruby/runtime/builtin/IRubyObject;Lorg/jruby/runtime/builtin/IRubyObject;)Lorg/jruby/runtime/builtin/IRubyObject;
J  org.jruby.ast.CallNoArgNode.interpret(Lorg/jruby/Ruby;Lorg/jruby/runtime/ThreadContext;Lorg/jruby/runtime/builtin/IRubyObject;Lorg/jruby/runtime/Block;)Lorg/jruby/runtime/builtin/IRubyObject;
j  org.jruby.ast.FCallTwoArgNode.interpret(Lorg/jruby/Ruby;Lorg/jruby/runtime/ThreadContext;Lorg/jruby/runtime/builtin/IRubyObject;Lorg/jruby/runtime/Block;)Lorg/jruby/runtime/builtin/IRubyObject;+28
J  org.jruby.ast.NewlineNode.interpret(Lorg/jruby/Ruby;Lorg/jruby/runtime/ThreadContext;Lorg/jruby/runtime/builtin/IRubyObject;Lorg/jruby/runtime/Block;)Lorg/jruby/runtime/builtin/IRubyObject;
J  org.jruby.ast.BlockNode.interpret(Lorg/jruby/Ruby;Lorg/jruby/runtime/ThreadContext;Lorg/jruby/runtime/builtin/IRubyObject;Lorg/jruby/runtime/Block;)Lorg/jruby/runtime/builtin/IRubyObject;
J  org.jruby.evaluator.ASTInterpreter.INTERPRET_METHOD(Lorg/jruby/Ruby;Lorg/jruby/runtime/ThreadContext;Ljava/lang/String;ILorg/jruby/RubyModule;Lorg/jruby/ast/Node;Ljava/lang/String;Lorg/jruby/runtime/builtin/IRubyObject;Lorg/jruby/runtime/Block;Z)Lorg/jruby/runtime/builtin/IRubyObject;
j  org.jruby.internal.runtime.methods.InterpretedMethod.call(Lorg/jruby/runtime/ThreadContext;Lorg/jruby/runtime/builtin/IRubyObject;Lorg/jruby/RubyModule;Ljava/lang/String;)Lorg/jruby/runtime/builtin/IRubyObject;+80
j  org.jruby.internal.runtime.methods.DefaultMethod.call(Lorg/jruby/runtime/ThreadContext;Lorg/jruby/runtime/builtin/IRubyObject;Lorg/jruby/RubyModule;Ljava/lang/String;)Lorg/jruby/runtime/builtin/IRubyObject;+20
j  org.jruby.runtime.callsite.CachingCallSite.cacheAndCall(Lorg/jruby/runtime/builtin/IRubyObject;Lorg/jruby/RubyClass;Lorg/jruby/runtime/ThreadContext;Lorg/jruby/runtime/builtin/IRubyObject;)Lorg/jruby/runtime/builtin/IRubyObject;+53
J  org.jruby.runtime.callsite.CachingCallSite.call(Lorg/jruby/runtime/ThreadContext;Lorg/jruby/runtime/builtin/IRubyObject;Lorg/jruby/runtime/builtin/IRubyObject;)Lorg/jruby/runtime/builtin/IRubyObject;
j  Makefile.method__2$RUBY$test(LMakefile;Lorg/jruby/runtime/ThreadContext;Lorg/jruby/runtime/builtin/IRubyObject;Lorg/jruby/runtime/Block;)Lorg/jruby/runtime/builtin/IRubyObject;+130
j  Makefile$method__2$RUBY$test.call(Lorg/jruby/runtime/ThreadContext;Lorg/jruby/runtime/builtin/IRubyObject;Lorg/jruby/RubyModule;Ljava/lang/String;Lorg/jruby/runtime/Block;)Lorg/jruby/runtime/builtin/IRubyObject;+17
j  org.jruby.RubyClass.finvoke(Lorg/jruby/runtime/ThreadContext;Lorg/jruby/runtime/builtin/IRubyObject;Ljava/lang/String;Lorg/jruby/runtime/Block;)Lorg/jruby/runtime/builtin/IRubyObject;+41
j  org.jruby.RubyBasicObject.send19(Lorg/jruby/runtime/ThreadContext;Lorg/jruby/runtime/builtin/IRubyObject;Lorg/jruby/runtime/Block;)Lorg/jruby/runtime/builtin/IRubyObject;+15
j  org.jruby.RubyKernel.send19(Lorg/jruby/runtime/ThreadContext;Lorg/jruby/runtime/builtin/IRubyObject;Lorg/jruby/runtime/builtin/IRubyObject;Lorg/jruby/runtime/Block;)Lorg/jruby/runtime/builtin/IRubyObject;+7
j  org.jruby.RubyKernel$INVOKER$s$send19.call(Lorg/jruby/runtime/ThreadContext;Lorg/jruby/runtime/builtin/IRubyObject;Lorg/jruby/RubyModule;Ljava/lang/String;Lorg/jruby/runtime/builtin/IRubyObject;Lorg/jruby/runtime/Block;)Lorg/jruby/runtime/builtin/IRubyObject;+6
j  org.jruby.internal.runtime.methods.JavaMethod$JavaMethodOneOrNBlock.call(Lorg/jruby/runtime/ThreadContext;Lorg/jruby/runtime/builtin/IRubyObject;Lorg/jruby/RubyModule;Ljava/lang/String;Lorg/jruby/runtime/builtin/IRubyObject;)Lorg/jruby/runtime/builtin/IRubyObject;+11
J  org.jruby.runtime.callsite.CachingCallSite.call(Lorg/jruby/runtime/ThreadContext;Lorg/jruby/runtime/builtin/IRubyObject;Lorg/jruby/runtime/builtin/IRubyObject;Lorg/jruby/runtime/builtin/IRubyObject;)Lorg/jruby/runtime/builtin/IRubyObject;
j  Makefile.block_7$RUBY$__file__(LMakefile;Lorg/jruby/runtime/ThreadContext;Lorg/jruby/runtime/builtin/IRubyObject;[Lorg/jruby/runtime/builtin/IRubyObject;Lorg/jruby/runtime/Block;)Lorg/jruby/runtime/builtin/IRubyObject;+46
j  Makefile$block_7$RUBY$__file__.call(Lorg/jruby/runtime/ThreadContext;Lorg/jruby/runtime/builtin/IRubyObject;[Lorg/jruby/runtime/builtin/IRubyObject;Lorg/jruby/runtime/Block;)Lorg/jruby/runtime/builtin/IRubyObject;+9
j  org.jruby.runtime.CompiledBlock19.yield(Lorg/jruby/runtime/ThreadContext;Lorg/jruby/runtime/builtin/IRubyObject;Lorg/jruby/runtime/Binding;Lorg/jruby/runtime/Block$Type;)Lorg/jruby/runtime/builtin/IRubyObject;+52
J  org.jruby.runtime.Block.yield(Lorg/jruby/runtime/ThreadContext;Lorg/jruby/runtime/builtin/IRubyObject;)Lorg/jruby/runtime/builtin/IRubyObject;
j  org.jruby.RubyArray.eachCommon(Lorg/jruby/runtime/ThreadContext;Lorg/jruby/runtime/Block;)Lorg/jruby/runtime/builtin/IRubyObject;+41
j  org.jruby.RubyArray.each(Lorg/jruby/runtime/ThreadContext;Lorg/jruby/runtime/Block;)Lorg/jruby/runtime/builtin/IRubyObject;+10
j  org.jruby.RubyArray$INVOKER$i$0$0$each.call(Lorg/jruby/runtime/ThreadContext;Lorg/jruby/runtime/builtin/IRubyObject;Lorg/jruby/RubyModule;Ljava/lang/String;Lorg/jruby/runtime/Block;)Lorg/jruby/runtime/builtin/IRubyObject;+7
j  org.jruby.runtime.callsite.CachingCallSite.cacheAndCall(Lorg/jruby/runtime/builtin/IRubyObject;Lorg/jruby/RubyClass;Lorg/jruby/runtime/Block;Lorg/jruby/runtime/ThreadContext;Lorg/jruby/runtime/builtin/IRubyObject;)Lorg/jruby/runtime/builtin/IRubyObject;+57
j  org.jruby.runtime.callsite.CachingCallSite.callBlock(Lorg/jruby/runtime/ThreadContext;Lorg/jruby/runtime/builtin/IRubyObject;Lorg/jruby/runtime/builtin/IRubyObject;Lorg/jruby/runtime/Block;)Lorg/jruby/runtime/builtin/IRubyObject;+50
j  org.jruby.runtime.callsite.CachingCallSite.callIter(Lorg/jruby/runtime/ThreadContext;Lorg/jruby/runtime/builtin/IRubyObject;Lorg/jruby/runtime/builtin/IRubyObject;Lorg/jruby/runtime/Block;)Lorg/jruby/runtime/builtin/IRubyObject;+6
j  Makefile.__file__(LMakefile;Lorg/jruby/runtime/ThreadContext;Lorg/jruby/runtime/builtin/IRubyObject;[Lorg/jruby/runtime/builtin/IRubyObject;Lorg/jruby/runtime/Block;)Lorg/jruby/runtime/builtin/IRubyObject;+941
j  Makefile.load(Lorg/jruby/runtime/ThreadContext;Lorg/jruby/runtime/builtin/IRubyObject;Z)Lorg/jruby/runtime/builtin/IRubyObject;+22
j  org.jruby.Ruby.runScript(Lorg/jruby/ast/executable/Script;Z)Lorg/jruby/runtime/builtin/IRubyObject;+12
j  org.jruby.Ruby.runScript(Lorg/jruby/ast/executable/Script;)Lorg/jruby/runtime/builtin/IRubyObject;+3
j  org.jruby.Ruby.runNormally(Lorg/jruby/ast/Node;)Lorg/jruby/runtime/builtin/IRubyObject;+73
j  org.jruby.Ruby.runFromMain(Ljava/io/InputStream;Ljava/lang/String;)V+320
j  org.jruby.Main.doRunFromMain(Lorg/jruby/Ruby;Ljava/io/InputStream;Ljava/lang/String;)Lorg/jruby/Main$Status;+12
j  org.jruby.Main.internalRun()Lorg/jruby/Main$Status;+234
j  org.jruby.Main.run([Ljava/lang/String;)Lorg/jruby/Main$Status;+9
j  org.jruby.Main.main([Ljava/lang/String;)V+35
v  ~StubRoutines::call_stub

---------------  P R O C E S S  ---------------

Java Threads: ( => current thread )
  0xb2bcb000 JavaThread "ReferenceReaper" daemon [_thread_blocked, id=10698, stack(0xb22fd000,0xb24fe000)]
  0xb2ed1800 JavaThread "JRubyJIT-2" daemon [_thread_blocked, id=10697, stack(0xb24fe000,0xb26ff000)]
  0xb2ba6000 JavaThread "process reaper" daemon [_thread_blocked, id=10494, stack(0xb3c02000,0xb3c11000)]
  0xb2ed5000 JavaThread "JRubyJIT-1" daemon [_thread_blocked, id=10492, stack(0xb26ff000,0xb2900000)]
  0xb674a000 JavaThread "Service Thread" daemon [_thread_blocked, id=10490, stack(0xb31cc000,0xb33cd000)]
  0xb6748000 JavaThread "C1 CompilerThread0" daemon [_thread_blocked, id=10489, stack(0xb4070000,0xb40f1000)]
  0xb6746400 JavaThread "Signal Dispatcher" daemon [_thread_blocked, id=10488, stack(0xb33cd000,0xb35ce000)]
  0xb6738000 JavaThread "Finalizer" daemon [_thread_blocked, id=10487, stack(0xb38ff000,0xb3b00000)]
  0xb6736800 JavaThread "Reference Handler" daemon [_thread_blocked, id=10486, stack(0xb3cff000,0xb3f00000)]
=>0xb6707000 JavaThread "main" [_thread_in_native, id=10484, stack(0xb686d000,0xb6a6e000)]

Other Threads:
  0xb6735000 VMThread [stack: 0xb40f1000,0xb4172000] [id=10485]
  0xb6754400 WatcherThread [stack: 0xb314b000,0xb31cc000] [id=10491]

VM state:not at safepoint (normal execution)

VM Mutex/Monitor currently owned by a thread: None

Heap
 def new generation   total 4736K, used 2347K [0x6f580000, 0x6faa0000, 0x79c20000)
  eden space 4224K,  51% used [0x6f580000, 0x6f79ae50, 0x6f9a0000)
  from space 512K,  37% used [0x6fa20000, 0x6fa4fe90, 0x6faa0000)
  to   space 512K,   0% used [0x6f9a0000, 0x6f9a0000, 0x6fa20000)
 tenured generation   total 10624K, used 9258K [0x79c20000, 0x7a680000, 0x8e980000)
   the space 10624K,  87% used [0x79c20000, 0x7a52abb0, 0x7a52ac00, 0x7a680000)
 compacting perm gen  total 14080K, used 14002K [0x8e980000, 0x8f740000, 0x92980000)
   the space 14080K,  99% used [0x8e980000, 0x8f72c8f0, 0x8f72ca00, 0x8f740000)
    ro space 10240K,  60% used [0x92980000, 0x92f8c968, 0x92f8ca00, 0x93380000)
    rw space 12288K,  61% used [0x93380000, 0x93ae62d8, 0x93ae6400, 0x93f80000)

Card table byte_map: [0xb4541000,0xb4667000] byte_map_base: 0xb41c6400

Polling page: 0xb777c000

Code Cache  [0xb46e7000, 0xb494f000, 0xb66e7000)
 total_blobs=1597 nmethods=1339 adapters=191 free_code_cache=30313Kb largest_free_block=31040704

Compilation events (10 events):
Event: 12,946 Thread 0xb6748000 1340             org.jruby.runtime.scope.OneVarDynamicScope::setValue (24 bytes)
Event: 12,946 Thread 0xb6748000 nmethod 1340 0xb494af48 code [0xb494b050, 0xb494b11c]
Event: 12,952 Thread 0xb6748000 1341             org.jruby.ext.ffi.jffi.NativeInvoker$ffi$1::call (104 bytes)
Event: 12,957 Thread 0xb6748000 nmethod 1341 0xb494b188 code [0xb494b2f0, 0xb494b6d8]
Event: 12,957 Thread 0xb6748000 1342             org.jruby.RubyBoolean::newBoolean (16 bytes)
Event: 12,958 Thread 0xb6748000 nmethod 1342 0xb494bbc8 code [0xb494bcc0, 0xb494bd60]
Event: 12,958 Thread 0xb6748000 1343             org.jruby.runtime.callsite.NormalCachingCallSite::methodMissing (37 bytes)
Event: 12,959 Thread 0xb6748000 nmethod 1343 0xb494be08 code [0xb494bf20, 0xb494c048]
Event: 12,978 Thread 0xb6748000 1344             org.jruby.ext.ffi.jffi.NativeInvoker$ffi$4::call (102 bytes)
Event: 12,981 Thread 0xb6748000 nmethod 1344 0xb494c108 code [0xb494c270, 0xb494c658]

GC Heap History (10 events):
Event: 9,237 GC heap before
{Heap before GC invocations=6 (full 0):
 def new generation   total 4736K, used 4579K [0x6f580000, 0x6faa0000, 0x79c20000)
  eden space 4224K, 100% used [0x6f580000, 0x6f9a0000, 0x6f9a0000)
  from space 512K,  69% used [0x6f9a0000, 0x6f9f8ea8, 0x6fa20000)
  to   space 512K,   0% used [0x6fa20000, 0x6fa20000, 0x6faa0000)
 tenured generation   total 10624K, used 6489K [0x79c20000, 0x7a680000, 0x8e980000)
   the space 10624K,  61% used [0x79c20000, 0x7a2767f8, 0x7a276800, 0x7a680000)
 compacting perm gen  total 12800K, used 12751K [0x8e980000, 0x8f600000, 0x92980000)
   the space 12800K,  99% used [0x8e980000, 0x8f5f3d98, 0x8f5f3e00, 0x8f600000)
    ro space 10240K,  60% used [0x92980000, 0x92f8c968, 0x92f8ca00, 0x93380000)
    rw space 12288K,  61% used [0x93380000, 0x93ae62d8, 0x93ae6400, 0x93f80000)
Event: 9,259 GC heap after
Heap after GC invocations=7 (full 0):
 def new generation   total 4736K, used 177K [0x6f580000, 0x6faa0000, 0x79c20000)
  eden space 4224K,   0% used [0x6f580000, 0x6f580000, 0x6f9a0000)
  from space 512K,  34% used [0x6fa20000, 0x6fa4c5e0, 0x6faa0000)
  to   space 512K,   0% used [0x6f9a0000, 0x6f9a0000, 0x6fa20000)
 tenured generation   total 10624K, used 6780K [0x79c20000, 0x7a680000, 0x8e980000)
   the space 10624K,  63% used [0x79c20000, 0x7a2bf258, 0x7a2bf400, 0x7a680000)
 compacting perm gen  total 12800K, used 12751K [0x8e980000, 0x8f600000, 0x92980000)
   the space 12800K,  99% used [0x8e980000, 0x8f5f3d98, 0x8f5f3e00, 0x8f600000)
    ro space 10240K,  60% used [0x92980000, 0x92f8c968, 0x92f8ca00, 0x93380000)
    rw space 12288K,  61% used [0x93380000, 0x93ae62d8, 0x93ae6400, 0x93f80000)
}
Event: 10,261 GC heap before
{Heap before GC invocations=7 (full 0):
 def new generation   total 4736K, used 4401K [0x6f580000, 0x6faa0000, 0x79c20000)
  eden space 4224K, 100% used [0x6f580000, 0x6f9a0000, 0x6f9a0000)
  from space 512K,  34% used [0x6fa20000, 0x6fa4c5e0, 0x6faa0000)
  to   space 512K,   0% used [0x6f9a0000, 0x6f9a0000, 0x6fa20000)
 tenured generation   total 10624K, used 6780K [0x79c20000, 0x7a680000, 0x8e980000)
   the space 10624K,  63% used [0x79c20000, 0x7a2bf258, 0x7a2bf400, 0x7a680000)
 compacting perm gen  total 13056K, used 12846K [0x8e980000, 0x8f640000, 0x92980000)
   the space 13056K,  98% used [0x8e980000, 0x8f60baf0, 0x8f60bc00, 0x8f640000)
    ro space 10240K,  60% used [0x92980000, 0x92f8c968, 0x92f8ca00, 0x93380000)
    rw space 12288K,  61% used [0x93380000, 0x93ae62d8, 0x93ae6400, 0x93f80000)
Event: 10,290 GC heap after
Heap after GC invocations=8 (full 0):
 def new generation   total 4736K, used 512K [0x6f580000, 0x6faa0000, 0x79c20000)
  eden space 4224K,   0% used [0x6f580000, 0x6f580000, 0x6f9a0000)
  from space 512K, 100% used [0x6f9a0000, 0x6fa20000, 0x6fa20000)
  to   space 512K,   0% used [0x6fa20000, 0x6fa20000, 0x6faa0000)
 tenured generation   total 10624K, used 7670K [0x79c20000, 0x7a680000, 0x8e980000)
   the space 10624K,  72% used [0x79c20000, 0x7a39dbd8, 0x7a39dc00, 0x7a680000)
 compacting perm gen  total 13056K, used 12846K [0x8e980000, 0x8f640000, 0x92980000)
   the space 13056K,  98% used [0x8e980000, 0x8f60baf0, 0x8f60bc00, 0x8f640000)
    ro space 10240K,  60% used [0x92980000, 0x92f8c968, 0x92f8ca00, 0x93380000)
    rw space 12288K,  61% used [0x93380000, 0x93ae62d8, 0x93ae6400, 0x93f80000)
}
Event: 11,526 GC heap before
{Heap before GC invocations=8 (full 0):
 def new generation   total 4736K, used 4736K [0x6f580000, 0x6faa0000, 0x79c20000)
  eden space 4224K, 100% used [0x6f580000, 0x6f9a0000, 0x6f9a0000)
  from space 512K, 100% used [0x6f9a0000, 0x6fa20000, 0x6fa20000)
  to   space 512K,   0% used [0x6fa20000, 0x6fa20000, 0x6faa0000)
 tenured generation   total 10624K, used 7670K [0x79c20000, 0x7a680000, 0x8e980000)
   the space 10624K,  72% used [0x79c20000, 0x7a39dbd8, 0x7a39dc00, 0x7a680000)
 compacting perm gen  total 13824K, used 13685K [0x8e980000, 0x8f700000, 0x92980000)
   the space 13824K,  99% used [0x8e980000, 0x8f6dd7a0, 0x8f6dd800, 0x8f700000)
    ro space 10240K,  60% used [0x92980000, 0x92f8c968, 0x92f8ca00, 0x93380000)
    rw space 12288K,  61% used [0x93380000, 0x93ae62d8, 0x93ae6400, 0x93f80000)
Event: 11,554 GC heap after
Heap after GC invocations=9 (full 0):
 def new generation   total 4736K, used 512K [0x6f580000, 0x6faa0000, 0x79c20000)
  eden space 4224K,   0% used [0x6f580000, 0x6f580000, 0x6f9a0000)
  from space 512K, 100% used [0x6fa20000, 0x6faa0000, 0x6faa0000)
  to   space 512K,   0% used [0x6f9a0000, 0x6f9a0000, 0x6fa20000)
 tenured generation   total 10624K, used 8370K [0x79c20000, 0x7a680000, 0x8e980000)
   the space 10624K,  78% used [0x79c20000, 0x7a44c9e8, 0x7a44ca00, 0x7a680000)
 compacting perm gen  total 13824K, used 13685K [0x8e980000, 0x8f700000, 0x92980000)
   the space 13824K,  99% used [0x8e980000, 0x8f6dd7a0, 0x8f6dd800, 0x8f700000)
    ro space 10240K,  60% used [0x92980000, 0x92f8c968, 0x92f8ca00, 0x93380000)
    rw space 12288K,  61% used [0x93380000, 0x93ae62d8, 0x93ae6400, 0x93f80000)
}
Event: 12,084 GC heap before
{Heap before GC invocations=9 (full 0):
 def new generation   total 4736K, used 4736K [0x6f580000, 0x6faa0000, 0x79c20000)
  eden space 4224K, 100% used [0x6f580000, 0x6f9a0000, 0x6f9a0000)
  from space 512K, 100% used [0x6fa20000, 0x6faa0000, 0x6faa0000)
  to   space 512K,   0% used [0x6f9a0000, 0x6f9a0000, 0x6fa20000)
 tenured generation   total 10624K, used 8370K [0x79c20000, 0x7a680000, 0x8e980000)
   the space 10624K,  78% used [0x79c20000, 0x7a44c9e8, 0x7a44ca00, 0x7a680000)
 compacting perm gen  total 14080K, used 13831K [0x8e980000, 0x8f740000, 0x92980000)
   the space 14080K,  98% used [0x8e980000, 0x8f701c98, 0x8f701e00, 0x8f740000)
    ro space 10240K,  60% used [0x92980000, 0x92f8c968, 0x92f8ca00, 0x93380000)
    rw space 12288K,  61% used [0x93380000, 0x93ae62d8, 0x93ae6400, 0x93f80000)
Event: 12,109 GC heap after
Heap after GC invocations=10 (full 0):
 def new generation   total 4736K, used 512K [0x6f580000, 0x6faa0000, 0x79c20000)
  eden space 4224K,   0% used [0x6f580000, 0x6f580000, 0x6f9a0000)
  from space 512K, 100% used [0x6f9a0000, 0x6fa20000, 0x6fa20000)
  to   space 512K,   0% used [0x6fa20000, 0x6fa20000, 0x6faa0000)
 tenured generation   total 10624K, used 8867K [0x79c20000, 0x7a680000, 0x8e980000)
   the space 10624K,  83% used [0x79c20000, 0x7a4c8f38, 0x7a4c9000, 0x7a680000)
 compacting perm gen  total 14080K, used 13831K [0x8e980000, 0x8f740000, 0x92980000)
   the space 14080K,  98% used [0x8e980000, 0x8f701c98, 0x8f701e00, 0x8f740000)
    ro space 10240K,  60% used [0x92980000, 0x92f8c968, 0x92f8ca00, 0x93380000)
    rw space 12288K,  61% used [0x93380000, 0x93ae62d8, 0x93ae6400, 0x93f80000)
}
Event: 12,781 GC heap before
{Heap before GC invocations=10 (full 0):
 def new generation   total 4736K, used 4736K [0x6f580000, 0x6faa0000, 0x79c20000)
  eden space 4224K, 100% used [0x6f580000, 0x6f9a0000, 0x6f9a0000)
  from space 512K, 100% used [0x6f9a0000, 0x6fa20000, 0x6fa20000)
  to   space 512K,   0% used [0x6fa20000, 0x6fa20000, 0x6faa0000)
 tenured generation   total 10624K, used 8867K [0x79c20000, 0x7a680000, 0x8e980000)
   the space 10624K,  83% used [0x79c20000, 0x7a4c8f38, 0x7a4c9000, 0x7a680000)
 compacting perm gen  total 14080K, used 14000K [0x8e980000, 0x8f740000, 0x92980000)
   the space 14080K,  99% used [0x8e980000, 0x8f72c158, 0x8f72c200, 0x8f740000)
    ro space 10240K,  60% used [0x92980000, 0x92f8c968, 0x92f8ca00, 0x93380000)
    rw space 12288K,  61% used [0x93380000, 0x93ae62d8, 0x93ae6400, 0x93f80000)
Event: 12,804 GC heap after
Heap after GC invocations=11 (full 0):
 def new generation   total 4736K, used 191K [0x6f580000, 0x6faa0000, 0x79c20000)
  eden space 4224K,   0% used [0x6f580000, 0x6f580000, 0x6f9a0000)
  from space 512K,  37% used [0x6fa20000, 0x6fa4fe90, 0x6faa0000)
  to   space 512K,   0% used [0x6f9a0000, 0x6f9a0000, 0x6fa20000)
 tenured generation   total 10624K, used 9258K [0x79c20000, 0x7a680000, 0x8e980000)
   the space 10624K,  87% used [0x79c20000, 0x7a52abb0, 0x7a52ac00, 0x7a680000)
 compacting perm gen  total 14080K, used 14000K [0x8e980000, 0x8f740000, 0x92980000)
   the space 14080K,  99% used [0x8e980000, 0x8f72c158, 0x8f72c200, 0x8f740000)
    ro space 10240K,  60% used [0x92980000, 0x92f8c968, 0x92f8ca00, 0x93380000)
    rw space 12288K,  61% used [0x93380000, 0x93ae62d8, 0x93ae6400, 0x93f80000)
}

Deoptimization events (0 events):
No events

Internal exceptions (10 events):
Event: 12,152 Thread 0xb2ed5000 Threw 0x6f6937a0 at /build/buildd/openjdk-7-7u25-2.3.10/build/openjdk/hotspot/src/share/vm/prims/jvm.cpp:1235
Event: 12,152 Thread 0xb2ed5000 Threw 0x6f694f20 at /build/buildd/openjdk-7-7u25-2.3.10/build/openjdk/hotspot/src/share/vm/prims/jvm.cpp:1235
Event: 12,159 Thread 0xb6707000 Threw 0x6f6685f8 at /build/buildd/openjdk-7-7u25-2.3.10/build/openjdk/hotspot/src/share/vm/prims/jvm.cpp:1235
Event: 12,159 Thread 0xb6707000 Threw 0x6f66a7b8 at /build/buildd/openjdk-7-7u25-2.3.10/build/openjdk/hotspot/src/share/vm/prims/jvm.cpp:1235
Event: 12,159 Thread 0xb6707000 Threw 0x6f66b7c8 at /build/buildd/openjdk-7-7u25-2.3.10/build/openjdk/hotspot/src/share/vm/prims/jvm.cpp:1235
Event: 12,160 Thread 0xb6707000 Threw 0x6f66d938 at /build/buildd/openjdk-7-7u25-2.3.10/build/openjdk/hotspot/src/share/vm/prims/jvm.cpp:1235
Event: 12,161 Thread 0xb6707000 Threw 0x6f66faf8 at /build/buildd/openjdk-7-7u25-2.3.10/build/openjdk/hotspot/src/share/vm/prims/jvm.cpp:1235
Event: 12,161 Thread 0xb6707000 Threw 0x6f670b08 at /build/buildd/openjdk-7-7u25-2.3.10/build/openjdk/hotspot/src/share/vm/prims/jvm.cpp:1235
Event: 12,168 Thread 0xb2ed1800 Threw 0x6f6c9230 at /build/buildd/openjdk-7-7u25-2.3.10/build/openjdk/hotspot/src/share/vm/prims/jvm.cpp:1235
Event: 12,168 Thread 0xb2ed1800 Threw 0x6f6ca938 at /build/buildd/openjdk-7-7u25-2.3.10/build/openjdk/hotspot/src/share/vm/prims/jvm.cpp:1235

Events (10 events):
Event: 12,233 loading class 0xb2bcc4f8
Event: 12,233 loading class 0xb2bcc4f8 done
Event: 12,535 loading class 0xb2bcc438
Event: 12,535 loading class 0xb2bcc438 done
Event: 12,591 loading class 0xb305c550
Event: 12,592 loading class 0xb305c550 done
Event: 12,592 loading class 0xb305f9e0
Event: 12,593 loading class 0xb305f9e0 done
Event: 12,781 Executing VM operation: GenCollectForAllocation
Event: 12,805 Executing VM operation: GenCollectForAllocation done


Dynamic libraries:
08048000-08049000 r-xp 00000000 08:01 1051338    /usr/lib/jvm/java-7-openjdk-i386/jre/bin/java
08049000-0804a000 r--p 00000000 08:01 1051338    /usr/lib/jvm/java-7-openjdk-i386/jre/bin/java
0804a000-0804b000 rw-p 00001000 08:01 1051338    /usr/lib/jvm/java-7-openjdk-i386/jre/bin/java
084a0000-084c1000 rw-p 00000000 00:00 0          [heap]
6f580000-6faa0000 rw-p 00000000 00:00 0 
6faa0000-79c20000 rw-p 00000000 00:00 0 
79c20000-7a680000 rw-p 00000000 00:00 0 
7a680000-8e980000 rw-p 00000000 00:00 0 
8e980000-8f740000 rw-p 00000000 00:00 0 
8f740000-92980000 rw-p 00000000 00:00 0 
92980000-92f8d000 r--p 00001000 08:01 2491473    /usr/lib/jvm/java-7-openjdk-i386/jre/lib/i386/client/classes.jsa
92f8d000-93380000 rw-p 00000000 00:00 0 
93380000-93ae7000 rw-p 0060e000 08:01 2491473    /usr/lib/jvm/java-7-openjdk-i386/jre/lib/i386/client/classes.jsa
93ae7000-93f80000 rw-p 00000000 00:00 0 
93f80000-9429a000 rw-p 00d75000 08:01 2491473    /usr/lib/jvm/java-7-openjdk-i386/jre/lib/i386/client/classes.jsa
9429a000-94380000 rw-p 00000000 00:00 0 
94380000-94389000 r-xp 0108f000 08:01 2491473    /usr/lib/jvm/java-7-openjdk-i386/jre/lib/i386/client/classes.jsa
94389000-94780000 rw-p 00000000 00:00 0 
b20fc000-b20ff000 ---p 00000000 00:00 0 
b20ff000-b22fd000 rw-p 00000000 00:00 0 
b22fd000-b2300000 ---p 00000000 00:00 0 
b2300000-b24fe000 rw-p 00000000 00:00 0 
b24fe000-b2501000 ---p 00000000 00:00 0 
b2501000-b26ff000 rw-p 00000000 00:00 0 
b26ff000-b2702000 ---p 00000000 00:00 0 
b2702000-b2900000 rw-p 00000000 00:00 0 
b2900000-b29d0000 rw-p 00000000 00:00 0 
b29d0000-b2a00000 ---p 00000000 00:00 0 
b2a30000-b2b00000 rw-p 00000000 00:00 0 
b2b00000-b2bfc000 rw-p 00000000 00:00 0 
b2bfc000-b2c00000 ---p 00000000 00:00 0 
b2c4c000-b2ca9000 rw-p 00000000 00:00 0 
b2ca9000-b2dfc000 r-xp 00000000 08:01 5377272    /usr/lib/i386-linux-gnu/libgio-2.0.so.0.3200.4
b2dfc000-b2dfe000 r--p 00153000 08:01 5377272    /usr/lib/i386-linux-gnu/libgio-2.0.so.0.3200.4
b2dfe000-b2dff000 rw-p 00155000 08:01 5377272    /usr/lib/i386-linux-gnu/libgio-2.0.so.0.3200.4
b2dff000-b2e00000 rw-p 00000000 00:00 0 
b2e00000-b2f00000 rw-p 00000000 00:00 0 
b2f07000-b2ffe000 r-xp 00000000 08:01 1835662    /lib/i386-linux-gnu/libglib-2.0.so.0.3200.4
b2ffe000-b2fff000 r--p 000f6000 08:01 1835662    /lib/i386-linux-gnu/libglib-2.0.so.0.3200.4
b2fff000-b3000000 rw-p 000f7000 08:01 1835662    /lib/i386-linux-gnu/libglib-2.0.so.0.3200.4
b3000000-b3100000 rw-p 00000000 00:00 0 
b3134000-b3136000 r-xp 00000000 08:01 5946673    /home/miguelciencias/Documentos/Geometría Computacional/practica03/src/lib/libmake_monotone.so
b3136000-b3137000 r--p 00001000 08:01 5946673    /home/miguelciencias/Documentos/Geometría Computacional/practica03/src/lib/libmake_monotone.so
b3137000-b3138000 rw-p 00002000 08:01 5946673    /home/miguelciencias/Documentos/Geometría Computacional/practica03/src/lib/libmake_monotone.so
b3138000-b313a000 r-xp 00000000 08:01 5946672    /home/miguelciencias/Documentos/Geometría Computacional/practica03/src/lib/libexample.so
b313a000-b313b000 r--p 00001000 08:01 5946672    /home/miguelciencias/Documentos/Geometría Computacional/practica03/src/lib/libexample.so
b313b000-b313c000 rw-p 00002000 08:01 5946672    /home/miguelciencias/Documentos/Geometría Computacional/practica03/src/lib/libexample.so
b313c000-b313d000 r-xp 00000000 08:01 5946670    /home/miguelciencias/Documentos/Geometría Computacional/practica03/src/lib/libdcel.so
b313d000-b313e000 r--p 00000000 08:01 5946670    /home/miguelciencias/Documentos/Geometría Computacional/practica03/src/lib/libdcel.so
b313e000-b313f000 rw-p 00001000 08:01 5946670    /home/miguelciencias/Documentos/Geometría Computacional/practica03/src/lib/libdcel.so
b313f000-b3140000 r-xp 00000000 08:01 5924464    /home/miguelciencias/Documentos/Geometría Computacional/practica03/src/lib/libface.so
b3140000-b3141000 r--p 00000000 08:01 5924464    /home/miguelciencias/Documentos/Geometría Computacional/practica03/src/lib/libface.so
b3141000-b3142000 rw-p 00001000 08:01 5924464    /home/miguelciencias/Documentos/Geometría Computacional/practica03/src/lib/libface.so
b3142000-b3145000 r-xp 00000000 08:01 5924465    /home/miguelciencias/Documentos/Geometría Computacional/practica03/src/lib/librb_tree.so
b3145000-b3146000 r--p 00002000 08:01 5924465    /home/miguelciencias/Documentos/Geometría Computacional/practica03/src/lib/librb_tree.so
b3146000-b3147000 rw-p 00003000 08:01 5924465    /home/miguelciencias/Documentos/Geometría Computacional/practica03/src/lib/librb_tree.so
b3147000-b3149000 r-xp 00000000 08:01 5924457    /home/miguelciencias/Documentos/Geometría Computacional/practica03/src/lib/libdouble_linked_list.so
b3149000-b314a000 r--p 00001000 08:01 5924457    /home/miguelciencias/Documentos/Geometría Computacional/practica03/src/lib/libdouble_linked_list.so
b314a000-b314b000 rw-p 00002000 08:01 5924457    /home/miguelciencias/Documentos/Geometría Computacional/practica03/src/lib/libdouble_linked_list.so
b314b000-b314c000 ---p 00000000 00:00 0 
b314c000-b31cc000 rw-p 00000000 00:00 0 
b31cc000-b31cf000 ---p 00000000 00:00 0 
b31cf000-b33cd000 rw-p 00000000 00:00 0 
b33cd000-b33d0000 ---p 00000000 00:00 0 
b33d0000-b35ce000 rw-p 00000000 00:00 0 
b35ce000-b36ff000 r--p 005e3000 08:01 5381164    /usr/lib/locale/locale-archive
b36ff000-b38ff000 r--p 00000000 08:01 5381164    /usr/lib/locale/locale-archive
b38ff000-b3902000 ---p 00000000 00:00 0 
b3902000-b3b00000 rw-p 00000000 00:00 0 
b3b00000-b3b36000 rw-p 00000000 00:00 0 
b3b36000-b3c00000 ---p 00000000 00:00 0 
b3c01000-b3c02000 rw-p 00000000 00:00 0 
b3c02000-b3c05000 ---p 00000000 00:00 0 
b3c05000-b3c11000 rw-p 00000000 00:00 0 
b3c11000-b3c36000 r--p 00000000 08:01 6427505    /usr/share/locale-langpack/es/LC_MESSAGES/libc.mo
b3c36000-b3c3d000 r--s 00000000 08:01 5431817    /usr/lib/i386-linux-gnu/gconv/gconv-modules.cache
b3c3d000-b3c4d000 r-xp 00000000 08:01 5925786    /home/miguelciencias/.rbenv/versions/jruby-1.7.10/lib/jni/i386-Linux/libjffi-1.2.so
b3c4d000-b3c4e000 rw-p 0000f000 08:01 5925786    /home/miguelciencias/.rbenv/versions/jruby-1.7.10/lib/jni/i386-Linux/libjffi-1.2.so
b3c4e000-b3c88000 r-xp 00000000 08:01 1836008    /lib/i386-linux-gnu/libpcre.so.3.12.1
b3c88000-b3c89000 r--p 00039000 08:01 1836008    /lib/i386-linux-gnu/libpcre.so.3.12.1
b3c89000-b3c8a000 rw-p 0003a000 08:01 1836008    /lib/i386-linux-gnu/libpcre.so.3.12.1
b3c8a000-b3c8f000 r-xp 00000000 08:01 5378709    /usr/lib/i386-linux-gnu/libffi.so.6.0.0
b3c8f000-b3c90000 r--p 00004000 08:01 5378709    /usr/lib/i386-linux-gnu/libffi.so.6.0.0
b3c90000-b3c91000 rw-p 00005000 08:01 5378709    /usr/lib/i386-linux-gnu/libffi.so.6.0.0
b3c91000-b3cae000 r-xp 00000000 08:01 1836023    /lib/i386-linux-gnu/libselinux.so.1
b3cae000-b3caf000 r--p 0001c000 08:01 1836023    /lib/i386-linux-gnu/libselinux.so.1
b3caf000-b3cb0000 rw-p 0001d000 08:01 1836023    /lib/i386-linux-gnu/libselinux.so.1
b3cb0000-b3cfd000 r-xp 00000000 08:01 5377269    /usr/lib/i386-linux-gnu/libgobject-2.0.so.0.3200.4
b3cfd000-b3cfe000 r--p 0004c000 08:01 5377269    /usr/lib/i386-linux-gnu/libgobject-2.0.so.0.3200.4
b3cfe000-b3cff000 rw-p 0004d000 08:01 5377269    /usr/lib/i386-linux-gnu/libgobject-2.0.so.0.3200.4
b3cff000-b3d02000 ---p 00000000 00:00 0 
b3d02000-b3f00000 rw-p 00000000 00:00 0 
b3f00000-b3ffc000 rw-p 00000000 00:00 0 
b3ffc000-b4000000 ---p 00000000 00:00 0 
b4000000-b4001000 rw-p 00000000 00:00 0 
b4001000-b4002000 r-xp 00000000 08:01 5924462    /home/miguelciencias/Documentos/Geometría Computacional/practica03/src/lib/libhalf_edge.so
b4002000-b4003000 r--p 00000000 08:01 5924462    /home/miguelciencias/Documentos/Geometría Computacional/practica03/src/lib/libhalf_edge.so
b4003000-b4004000 rw-p 00001000 08:01 5924462    /home/miguelciencias/Documentos/Geometría Computacional/practica03/src/lib/libhalf_edge.so
b4004000-b4017000 r-xp 00000000 08:01 1863685    /lib/i386-linux-gnu/libresolv-2.15.so
b4017000-b4018000 ---p 00013000 08:01 1863685    /lib/i386-linux-gnu/libresolv-2.15.so
b4018000-b4019000 r--p 00013000 08:01 1863685    /lib/i386-linux-gnu/libresolv-2.15.so
b4019000-b401a000 rw-p 00014000 08:01 1863685    /lib/i386-linux-gnu/libresolv-2.15.so
b401a000-b401c000 rw-p 00000000 00:00 0 
b401c000-b401f000 r-xp 00000000 08:01 5378887    /usr/lib/i386-linux-gnu/libgmodule-2.0.so.0.3200.4
b401f000-b4020000 r--p 00002000 08:01 5378887    /usr/lib/i386-linux-gnu/libgmodule-2.0.so.0.3200.4
b4020000-b4021000 rw-p 00003000 08:01 5378887    /usr/lib/i386-linux-gnu/libgmodule-2.0.so.0.3200.4
b4021000-b4022000 rw-p 00000000 00:00 0 
b4022000-b4023000 r-xp 00000000 08:01 5924460    /home/miguelciencias/Documentos/Geometría Computacional/practica03/src/lib/lib2d_points.so
b4023000-b4024000 r--p 00000000 08:01 5924460    /home/miguelciencias/Documentos/Geometría Computacional/practica03/src/lib/lib2d_points.so
b4024000-b4025000 rw-p 00001000 08:01 5924460    /home/miguelciencias/Documentos/Geometría Computacional/practica03/src/lib/lib2d_points.so
b4025000-b4026000 r-xp 00000000 00:00 0 
b4026000-b4037000 r-xp 00000000 08:01 2491236    /usr/lib/jvm/java-7-openjdk-i386/jre/lib/i386/libnio.so
b4037000-b4038000 r--p 00010000 08:01 2491236    /usr/lib/jvm/java-7-openjdk-i386/jre/lib/i386/libnio.so
b4038000-b4039000 rw-p 00011000 08:01 2491236    /usr/lib/jvm/java-7-openjdk-i386/jre/lib/i386/libnio.so
b4039000-b404f000 r-xp 00000000 08:01 2491237    /usr/lib/jvm/java-7-openjdk-i386/jre/lib/i386/libnet.so
b404f000-b4050000 r--p 00015000 08:01 2491237    /usr/lib/jvm/java-7-openjdk-i386/jre/lib/i386/libnet.so
b4050000-b4051000 rw-p 00016000 08:01 2491237    /usr/lib/jvm/java-7-openjdk-i386/jre/lib/i386/libnet.so
b4051000-b4056000 r--s 0004c000 08:01 5640235    /usr/lib/jvm/java-7-openjdk-common/jre/lib/jsse.jar
b4056000-b4057000 r--s 00007000 08:01 5644055    /usr/share/java/java-atk-wrapper.jar
b4057000-b405a000 r--s 0003c000 08:01 6295954    /usr/lib/jvm/java-7-openjdk-common/jre/lib/ext/sunpkcs11.jar
b405a000-b405e000 r--s 00085000 08:01 6295956    /usr/lib/jvm/java-7-openjdk-common/jre/lib/ext/localedata.jar
b405e000-b4061000 r--s 0000f000 08:01 6295935    /usr/lib/jvm/java-7-openjdk-common/jre/lib/ext/pulse-java.jar
b4061000-b4063000 r--s 00012000 08:01 6295960    /usr/lib/jvm/java-7-openjdk-common/jre/lib/ext/zipfs.jar
b4063000-b4064000 r--s 00002000 08:01 6295929    /usr/lib/jvm/java-7-openjdk-common/jre/lib/ext/dnsns.jar
b4064000-b4067000 r--s 00032000 08:01 6295931    /usr/lib/jvm/java-7-openjdk-common/jre/lib/ext/sunjce_provider.jar
b4067000-b4070000 r--s 000bc000 08:01 5640262    /usr/lib/jvm/java-7-openjdk-common/jre/lib/resources.jar
b4070000-b4073000 ---p 00000000 00:00 0 
b4073000-b40f1000 rw-p 00000000 00:00 0 
b40f1000-b40f2000 ---p 00000000 00:00 0 
b40f2000-b419b000 rw-p 00000000 00:00 0 
b419b000-b4284000 r--s 00bb9000 08:01 5925776    /home/miguelciencias/.rbenv/versions/jruby-1.7.10/lib/jruby.jar
b4284000-b42cc000 rw-p 00000000 00:00 0 
b42cc000-b4479000 r--s 01cec000 08:01 2366161    /usr/lib/jvm/java-7-openjdk-i386/jre/lib/rt.jar
b4479000-b4480000 rw-p 00000000 00:00 0 
b4480000-b449a000 rw-p 00000000 00:00 0 
b449a000-b44a0000 rw-p 00000000 00:00 0 
b44a0000-b4541000 rw-p 00000000 00:00 0 
b4541000-b4544000 rw-p 00000000 00:00 0 
b4544000-b4594000 rw-p 00000000 00:00 0 
b4594000-b459a000 rw-p 00000000 00:00 0 
b459a000-b463b000 rw-p 00000000 00:00 0 
b463b000-b4642000 rw-p 00000000 00:00 0 
b4642000-b465b000 rw-p 00000000 00:00 0 
b465b000-b4671000 rw-p 00000000 00:00 0 
b4671000-b46e7000 rw-p 00000000 00:00 0 
b46e7000-b494f000 rwxp 00000000 00:00 0 
b494f000-b66e7000 rw-p 00000000 00:00 0 
b66e7000-b66f2000 r-xp 00000000 08:01 1863696    /lib/i386-linux-gnu/libnss_files-2.15.so
b66f2000-b66f3000 r--p 0000a000 08:01 1863696    /lib/i386-linux-gnu/libnss_files-2.15.so
b66f3000-b66f4000 rw-p 0000b000 08:01 1863696    /lib/i386-linux-gnu/libnss_files-2.15.so
b66f4000-b66fe000 r-xp 00000000 08:01 1863695    /lib/i386-linux-gnu/libnss_nis-2.15.so
b66fe000-b66ff000 r--p 00009000 08:01 1863695    /lib/i386-linux-gnu/libnss_nis-2.15.so
b66ff000-b6700000 rw-p 0000a000 08:01 1863695    /lib/i386-linux-gnu/libnss_nis-2.15.so
b6700000-b67fe000 rw-p 00000000 00:00 0 
b67fe000-b6800000 ---p 00000000 00:00 0 
b6800000-b6816000 r-xp 00000000 08:01 1863682    /lib/i386-linux-gnu/libnsl-2.15.so
b6816000-b6817000 r--p 00015000 08:01 1863682    /lib/i386-linux-gnu/libnsl-2.15.so
b6817000-b6818000 rw-p 00016000 08:01 1863682    /lib/i386-linux-gnu/libnsl-2.15.so
b6818000-b681a000 rw-p 00000000 00:00 0 
b681a000-b6821000 r-xp 00000000 08:01 1863697    /lib/i386-linux-gnu/libnss_compat-2.15.so
b6821000-b6822000 r--p 00006000 08:01 1863697    /lib/i386-linux-gnu/libnss_compat-2.15.so
b6822000-b6823000 rw-p 00007000 08:01 1863697    /lib/i386-linux-gnu/libnss_compat-2.15.so
b6823000-b6824000 r--p 0084e000 08:01 5381164    /usr/lib/locale/locale-archive
b6824000-b6831000 rw-p 00000000 00:00 0 
b6831000-b6839000 r-xp 00000000 08:01 2491253    /usr/lib/jvm/java-7-openjdk-i386/jre/lib/i386/libzip.so
b6839000-b683a000 r--p 00007000 08:01 2491253    /usr/lib/jvm/java-7-openjdk-i386/jre/lib/i386/libzip.so
b683a000-b683b000 rw-p 00008000 08:01 2491253    /usr/lib/jvm/java-7-openjdk-i386/jre/lib/i386/libzip.so
b683b000-b6862000 r-xp 00000000 08:01 2491226    /usr/lib/jvm/java-7-openjdk-i386/jre/lib/i386/libjava.so
b6862000-b6863000 r--p 00026000 08:01 2491226    /usr/lib/jvm/java-7-openjdk-i386/jre/lib/i386/libjava.so
b6863000-b6864000 rw-p 00027000 08:01 2491226    /usr/lib/jvm/java-7-openjdk-i386/jre/lib/i386/libjava.so
b6864000-b686b000 r-xp 00000000 08:01 1863690    /lib/i386-linux-gnu/librt-2.15.so
b686b000-b686c000 r--p 00006000 08:01 1863690    /lib/i386-linux-gnu/librt-2.15.so
b686c000-b686d000 rw-p 00007000 08:01 1863690    /lib/i386-linux-gnu/librt-2.15.so
b686d000-b6870000 ---p 00000000 00:00 0 
b6870000-b6a6e000 rw-p 00000000 00:00 0 
b6a6e000-b6a8a000 r-xp 00000000 08:01 1835956    /lib/i386-linux-gnu/libgcc_s.so.1
b6a8a000-b6a8b000 r--p 0001b000 08:01 1835956    /lib/i386-linux-gnu/libgcc_s.so.1
b6a8b000-b6a8c000 rw-p 0001c000 08:01 1835956    /lib/i386-linux-gnu/libgcc_s.so.1
b6a8c000-b6ab6000 r-xp 00000000 08:01 1863694    /lib/i386-linux-gnu/libm-2.15.so
b6ab6000-b6ab7000 r--p 00029000 08:01 1863694    /lib/i386-linux-gnu/libm-2.15.so
b6ab7000-b6ab8000 rw-p 0002a000 08:01 1863694    /lib/i386-linux-gnu/libm-2.15.so
b6ab8000-b6b90000 r-xp 00000000 08:01 5379051    /usr/lib/i386-linux-gnu/libstdc++.so.6.0.16
b6b90000-b6b91000 ---p 000d8000 08:01 5379051    /usr/lib/i386-linux-gnu/libstdc++.so.6.0.16
b6b91000-b6b95000 r--p 000d8000 08:01 5379051    /usr/lib/i386-linux-gnu/libstdc++.so.6.0.16
b6b95000-b6b96000 rw-p 000dc000 08:01 5379051    /usr/lib/i386-linux-gnu/libstdc++.so.6.0.16
b6b96000-b6b9d000 rw-p 00000000 00:00 0 
b6b9d000-b7151000 r-xp 00000000 08:01 2491249    /usr/lib/jvm/java-7-openjdk-i386/jre/lib/i386/client/libjvm.so
b7151000-b7168000 r--p 005b3000 08:01 2491249    /usr/lib/jvm/java-7-openjdk-i386/jre/lib/i386/client/libjvm.so
b7168000-b7177000 rw-p 005ca000 08:01 2491249    /usr/lib/jvm/java-7-openjdk-i386/jre/lib/i386/client/libjvm.so
b7177000-b7592000 rw-p 00000000 00:00 0 
b7592000-b75a6000 r-xp 00000000 08:01 1836046    /lib/i386-linux-gnu/libz.so.1.2.3.4
b75a6000-b75a7000 r--p 00013000 08:01 1836046    /lib/i386-linux-gnu/libz.so.1.2.3.4
b75a7000-b75a8000 rw-p 00014000 08:01 1836046    /lib/i386-linux-gnu/libz.so.1.2.3.4
b75a8000-b75bf000 r-xp 00000000 08:01 1863688    /lib/i386-linux-gnu/libpthread-2.15.so
b75bf000-b75c0000 r--p 00016000 08:01 1863688    /lib/i386-linux-gnu/libpthread-2.15.so
b75c0000-b75c1000 rw-p 00017000 08:01 1863688    /lib/i386-linux-gnu/libpthread-2.15.so
b75c1000-b75c3000 rw-p 00000000 00:00 0 
b75c3000-b75c6000 r-xp 00000000 08:01 1863698    /lib/i386-linux-gnu/libdl-2.15.so
b75c6000-b75c7000 r--p 00002000 08:01 1863698    /lib/i386-linux-gnu/libdl-2.15.so
b75c7000-b75c8000 rw-p 00003000 08:01 1863698    /lib/i386-linux-gnu/libdl-2.15.so
b75c8000-b776c000 r-xp 00000000 08:01 1863699    /lib/i386-linux-gnu/libc-2.15.so
b776c000-b776e000 r--p 001a4000 08:01 1863699    /lib/i386-linux-gnu/libc-2.15.so
b776e000-b776f000 rw-p 001a6000 08:01 1863699    /lib/i386-linux-gnu/libc-2.15.so
b776f000-b7773000 rw-p 00000000 00:00 0 
b7773000-b777b000 rw-s 00000000 08:01 4719503    /tmp/hsperfdata_miguelciencias/10459
b777b000-b777c000 rw-p 00000000 00:00 0 
b777c000-b777d000 r--p 00000000 00:00 0 
b777d000-b7789000 r-xp 00000000 08:01 2491239    /usr/lib/jvm/java-7-openjdk-i386/jre/lib/i386/libverify.so
b7789000-b778a000 r--p 0000b000 08:01 2491239    /usr/lib/jvm/java-7-openjdk-i386/jre/lib/i386/libverify.so
b778a000-b778b000 rw-p 0000c000 08:01 2491239    /usr/lib/jvm/java-7-openjdk-i386/jre/lib/i386/libverify.so
b778b000-b7798000 r-xp 00000000 08:01 2491227    /usr/lib/jvm/java-7-openjdk-i386/jre/lib/i386/jli/libjli.so
b7798000-b7799000 r--p 0000c000 08:01 2491227    /usr/lib/jvm/java-7-openjdk-i386/jre/lib/i386/jli/libjli.so
b7799000-b779a000 rw-p 0000d000 08:01 2491227    /usr/lib/jvm/java-7-openjdk-i386/jre/lib/i386/jli/libjli.so
b779a000-b779c000 rw-p 00000000 00:00 0 
b779c000-b779d000 r-xp 00000000 00:00 0          [vdso]
b779d000-b77bd000 r-xp 00000000 08:01 1863689    /lib/i386-linux-gnu/ld-2.15.so
b77bd000-b77be000 r--p 0001f000 08:01 1863689    /lib/i386-linux-gnu/ld-2.15.so
b77be000-b77bf000 rw-p 00020000 08:01 1863689    /lib/i386-linux-gnu/ld-2.15.so
bfd12000-bfd33000 rw-p 00000000 00:00 0          [stack]

VM Arguments:
jvm_args: -Djdk.home= -Djruby.home=/home/miguelciencias/.rbenv/versions/jruby-1.7.10 -Djruby.script=jruby -Djruby.shell=/bin/sh -Djffi.boot.library.path=/home/miguelciencias/.rbenv/versions/jruby-1.7.10/lib/jni:/home/miguelciencias/.rbenv/versions/jruby-1.7.10/lib/jni/x86_64-Linux:/home/miguelciencias/.rbenv/versions/jruby-1.7.10/lib/jni/arm-Linux:/home/miguelciencias/.rbenv/versions/jruby-1.7.10/lib/jni/i386-Linux -Xmx500m -Xss2048k -Xbootclasspath/a:/home/miguelciencias/.rbenv/versions/jruby-1.7.10/lib/jruby.jar 
java_command: org/jruby/Main Makefile.rb compile_c compile test clean
Launcher Type: SUN_STANDARD

Environment Variables:
PATH=/home/miguelciencias/.rbenv/versions/jruby-1.7.10/bin:/home/miguelciencias/.rbenv/libexec:/home/miguelciencias/.rbenv/plugins/ruby-build/bin:/home/miguelciencias/.rbenv/shims:~/.rbenv/bin:/usr/lib/lightdm/lightdm:/usr/local/sbin:/usr/local/bin:/usr/sbin:/usr/bin:/sbin:/bin:/usr/games
SHELL=/bin/bash
DISPLAY=:0

Signal Handlers:
SIGSEGV: [libjvm.so+0x4a04f0], sa_mask[0]=0x7ffbfeff, sa_flags=0x10000004
SIGBUS: [libjvm.so+0x4a04f0], sa_mask[0]=0x7ffbfeff, sa_flags=0x10000004
SIGFPE: [libjvm.so+0x398f00], sa_mask[0]=0x7ffbfeff, sa_flags=0x10000004
SIGPIPE: [libjvm.so+0x398f00], sa_mask[0]=0x7ffbfeff, sa_flags=0x10000004
SIGXFSZ: [libjvm.so+0x398f00], sa_mask[0]=0x7ffbfeff, sa_flags=0x10000004
SIGILL: [libjvm.so+0x398f00], sa_mask[0]=0x7ffbfeff, sa_flags=0x10000004
SIGUSR1: SIG_DFL, sa_mask[0]=0x00000000, sa_flags=0x00000000
SIGUSR2: [libjvm.so+0x398d90], sa_mask[0]=0x00000000, sa_flags=0x10000004
SIGHUP: [libjvm.so+0x399410], sa_mask[0]=0x7ffbfeff, sa_flags=0x10000004
SIGINT: [libjvm.so+0x399410], sa_mask[0]=0x7ffbfeff, sa_flags=0x10000004
SIGTERM: [libjvm.so+0x399410], sa_mask[0]=0x7ffbfeff, sa_flags=0x10000004
SIGQUIT: [libjvm.so+0x399410], sa_mask[0]=0x7ffbfeff, sa_flags=0x10000004


---------------  S Y S T E M  ---------------

OS:Ubuntu 12.04 (precise)
uname:Linux 3.2.0-56-generic-pae #86-Ubuntu SMP Wed Oct 23 17:51:27 UTC 2013 i686
libc:glibc 2.15 NPTL 2.15 
rlimit: STACK 8192k, CORE 0k, NPROC 7818, NOFILE 4096, AS infinity
load average:1,57 1,05 1,30

/proc/meminfo:
MemTotal:        1015424 kB
MemFree:          111308 kB
Buffers:           55632 kB
Cached:           404964 kB
SwapCached:        35288 kB
Active:           388500 kB
Inactive:         451660 kB
Active(anon):     234076 kB
Inactive(anon):   248956 kB
Active(file):     154424 kB
Inactive(file):   202704 kB
Unevictable:           0 kB
Mlocked:               0 kB
HighTotal:        125272 kB
HighFree:           1672 kB
LowTotal:         890152 kB
LowFree:          109636 kB
SwapTotal:       1037308 kB
SwapFree:         836800 kB
Dirty:               820 kB
Writeback:             0 kB
AnonPages:        366388 kB
Mapped:            72392 kB
Shmem:            103328 kB
Slab:              40768 kB
SReclaimable:      23816 kB
SUnreclaim:        16952 kB
KernelStack:        2728 kB
PageTables:         7160 kB
NFS_Unstable:          0 kB
Bounce:                0 kB
WritebackTmp:          0 kB
CommitLimit:     1545020 kB
Committed_AS:    2247680 kB
VmallocTotal:     122880 kB
VmallocUsed:        9404 kB
VmallocChunk:     111620 kB
HardwareCorrupted:     0 kB
AnonHugePages:         0 kB
HugePages_Total:       0
HugePages_Free:        0
HugePages_Rsvd:        0
HugePages_Surp:        0
Hugepagesize:       2048 kB
DirectMap4k:       43000 kB
DirectMap2M:      870400 kB


CPU:total 2 (1 cores per cpu, 2 threads per core) family 6 model 28 stepping 2, cmov, cx8, fxsr, mmx, sse, sse2, sse3, ssse3, ht, tsc

/proc/cpuinfo:
processor	: 0
vendor_id	: GenuineIntel
cpu family	: 6
model		: 28
model name	: Intel(R) Atom(TM) CPU N270   @ 1.60GHz
stepping	: 2
microcode	: 0x212
cpu MHz		: 1600.000
cache size	: 512 KB
physical id	: 0
siblings	: 2
core id		: 0
cpu cores	: 1
apicid		: 0
initial apicid	: 0
fdiv_bug	: no
hlt_bug		: no
f00f_bug	: no
coma_bug	: no
fpu		: yes
fpu_exception	: yes
cpuid level	: 10
wp		: yes
flags		: fpu vme de pse tsc msr pae mce cx8 apic sep mtrr pge mca cmov pat clflush dts acpi mmx fxsr sse sse2 ss ht tm pbe nx constant_tsc arch_perfmon pebs bts aperfmperf pni dtes64 monitor ds_cpl est tm2 ssse3 xtpr pdcm movbe lahf_lm dtherm
bogomips	: 3192.16
clflush size	: 64
cache_alignment	: 64
address sizes	: 32 bits physical, 32 bits virtual
power management:

processor	: 1
vendor_id	: GenuineIntel
cpu family	: 6
model		: 28
model name	: Intel(R) Atom(TM) CPU N270   @ 1.60GHz
stepping	: 2
microcode	: 0x212
cpu MHz		: 800.000
cache size	: 512 KB
physical id	: 0
siblings	: 2
core id		: 0
cpu cores	: 1
apicid		: 1
initial apicid	: 1
fdiv_bug	: no
hlt_bug		: no
f00f_bug	: no
coma_bug	: no
fpu		: yes
fpu_exception	: yes
cpuid level	: 10
wp		: yes
flags		: fpu vme de pse tsc msr pae mce cx8 apic sep mtrr pge mca cmov pat clflush dts acpi mmx fxsr sse sse2 ss ht tm pbe nx constant_tsc arch_perfmon pebs bts aperfmperf pni dtes64 monitor ds_cpl est tm2 ssse3 xtpr pdcm movbe lahf_lm dtherm
bogomips	: 3191.88
clflush size	: 64
cache_alignment	: 64
address sizes	: 32 bits physical, 32 bits virtual
power management:



Memory: 4k page, physical 1015424k(111308k free), swap 1037308k(836800k free)

vm_info: OpenJDK Client VM (23.7-b01) for linux-x86 JRE (1.7.0_25-b30), built on Jul 15 2013 20:47:23 by "buildd" with gcc 4.6.3

time: Mon May  5 19:43:04 2014
elapsed time: 13 seconds

